178
57 '' '[ [魔 術方 塊| 魔方 ]] ' '' ， 臺譯 '' '魔 術方 塊' '' ， 是 [[ 匈牙利 ]] 建筑学 教授 和 雕塑 家鲁 比克于 [[ 1974年 ]] 发明 的 机械益 智[ [ 玩具 ]] 。 根据 估计 ， 自 发明 来 ， 魔方 在 全 世界 已经 售出 了 约 1亿多 只 … … 
10 <noinclude> [[ Category: 每 周 图片 模板 ]]< ／ noinclude> 
10 [[ File:Rubiks cube  solved . jp g| 100 px |right]] 
175 '' '[ [ 魔方 |- { A| zh-han s: 魔方 ;zh-hk: 扭計 骰; zh-tw : 魔術 方塊 ;} -] ]' '' （ [[ 英語 ]] ： '' 'Rubik' s  Cube ''' ） 是 [[ 匈牙利 ]] 建筑学 教授 和 雕塑家 [[ 厄尔诺·鲁比克 ]]于 [[ 1974年 ]] 发明 的 机械益 智[ [ 玩具 ]] 。 根据 估计 ， 自 发明 来 ， 魔方 在 全 世界 已经 售出 了 约 1亿多 只 。 魔方 与 [[ 華容 道  （ 遊戲 ） |华 容道 ]] 、 法国 的 [[ 单身 贵族   （ 游戏 ） | 单身 贵族 ]] （ 独立 钻 研棋 ） 同 被 称谓 [[ 智力 游戏 ]]界 的 三 大 不可思议 。 魔方 在 1980年 代 最为 风靡 ， 至今 未 衰 。 面世 不久 后 ， 很多 类似 的 玩具 也 纷纷 出现 ， 有些 出自 发明人 鲁比克 ， 有些 则 是 出自 别人 之 手 。 包括 4  &times ;  4  &times; 4 ， 2  &times ;  2  &times ;  2  和 5  &times; 5  & times; 5  版 的 魔方 。 
1 <noinclude> 
7 [[ Category : 優良 條目 模板 ]] 
1 <／noinclude> 
9 [[ Image:Rubik's  cu be.svg| 210 px |le ft ]] 
139 '' '[ [ 魔方 |- { A| zh-han s: 魔方 ;zh-hk: 扭計 骰; zh-tw : 魔術 方塊 ;} -] ]' '' 是 [[ 匈牙利 ]] [[ 建筑学 ]] 教授 和 [[ 雕塑 家] ][ [鲁比克·艾尔内] ]于 [[ 1974年 ]] 发明 的 机械益 智[ [ 玩具 ]] 。 根据 估计 ， 自 发明 以来 在 全 世界 已经 售出 了 3亿多 只 。 在 1980年 代 最为 风靡 ， 至今 未 衰 。 最先 发明 的 魔方 为 三 阶 魔方 ， 面世 不久 后 ， 很多 类似 的 玩具 也 纷纷 出现 ， 有些 出自 发明人 鲁比克 ， 包括 [[ 二 阶 魔方 ]] 、 [[ 四 阶 魔方 ]] 和 [[ 五 阶 魔方 ]] 。 魔方 的 解法 有 很多 种 ， 最 常 用 的 是 棱先 、 角先 和 层先 。 图 为 魔方 。 
7 [[ File:Rubik's  cu be.svg|left| 105 px ]] 
211 '' '[ [ 魔方 |- { A| zh-han s: 魔方 ;zh-hk: 扭計 骰; zh-tw : 魔術 方塊 ;} -] ]' '' 是 [[ 匈牙利 ]] [[ 建筑学 ]] 教授 和 [[ 雕塑 家] ][ [鲁比克·艾尔内] ]于 [[ 1974年 ]] 发明 的 机械益 智[ [ 玩具 ]] 。 根据 估计 ， 自 发明 以来 在 全 世界 已经 售出 了 3亿多 只 。 在 1980年 代 最为 风靡 ， 至今 未 衰 。 最先 发明 的 魔方 为 三 阶 魔方 ， 由 26 个 小 方块 和 一 个 三维 十字 连 接轴 组成 。 其中 包含 6 个 处 于面 最 中心 无法 移动 的 块 ， 12 个 位 于 棱上 的 块 和 8 个 角块 。 面世 不久 后 ， 很多 类似 的 玩具 也 纷纷 出现 ， 有些 出自 发明人 鲁比克 ， 包括 [[ 二 阶 魔方 ]] 、 [[ 四 阶 魔方 ]] 和 [[ 五 阶 魔方 ]] 。 魔方 的 解法 有 很多 种 ， 最 常 用 的 是 棱先 、 角先 和 层先 。 世界 魔方 协会 是 被 承认 的 关于 魔方 的 官方 组织 ， 它 致力于 推广 魔方 ， 同时 也 举办 各 种 比赛 ， 并且 收录 最 好 的 成绩 作为 官方 的 世界 纪录 。 
13 [[ File :Alex ander's  Star.jpg|thumb|right| 250 px |亚 历山 大 之 星 ]] 
16 [[ File: Star turned . jpg|thumb|right| 250 p x| 被 转動 的 亚历山大 之 星 ]] 
0 
90 ''' 亚历山大 之 星 Ale xander's  Star '' '[ [亚 当 ． 亚历山 大 ]] 于 1982年 发明 的 [[益智 玩具 ]] 。 是 一 个 有 30 块 可 移动 部分 的 [[ 大 十二 面体 ]] 形状 的 [[ 魔術 方塊 ]] 。 可以 让 五 块 一 组 的 星型 环绕 最 外侧 顶点 旋转 。 这 个 玩具 的 挑战 是 让 它 达到 每 个 星形 五 个 相同 颜色 的 面环绕 ， 对面 的 星形 也 被 同 一 颜色 环绕 的 状态 。 
0 
28 有   29 !× 2<su p> 13 < ／ s up >  组合 ， 也 可 写作   7.2 × 10 <s up > 34 < ／ su p> . 
0 
3 == 参見 == 
4 *[[ 智力 游戏 ]] 
0 
4 == 外部 連結 == 
22 *[ http : ／ ／ www . geocities . com ／ jaapsch ／ pu zz les／alex andr.ht m  描述 与 解法 ] 
0 
2 {{polyhed ron-stub}} 
6 {{ 魔術 方塊 小 作品 }} 
3 {{ 魔方 }} 
0 
6 [[ Category : 智力 游戏 ]] 
5 [[ Category : 玩具 ]] 
6 [[ Category : 魔術 方塊 ]] 
1 {{noteTA 
22 |1= zh : 魔方 ;zh-han s: 魔方 ;zh-hant :魔 術方 塊; zh-hk: 扭計 骰; zh-tw : 魔術 方塊 ;z h-mo: 扭計 骰; 
1 }} 
9 [[ Image: Skewb.jpg|thumb|right| 已 完成 的 斜轉 方塊 ]] 
93 '' '斜 轉方 塊' '' 是 一 種 [[ 扭計 骰] ] 風格 的 [[ 機械 智力 玩具 ]] 。 由 [[托尼·達勒姆 ]] 發明 ， 由 [[ 烏韋·梅弗特 ]] 銷售 。 雖然 它 是 一 個立 方體 ， 它 不同 於扭 計骰 的 架構 ， 它 的 旋轉 軸穿 過立 方體 的 每 個 角落 ， 而 不 是 每 個面 的 中心 。 斜轉 方塊 一共 有 四 個軸 ， 每 一 個軸 是 一 個[ [立 體對 角線 ]] 。 因此 ， 每 個 動作 都 會 影響 所有 六個面 。 
0 
23 梅弗特 原本 稱這 個玩 具作 「 金字塔 立方 」 ， 強 調這 是 [[ 金字塔 扭計 骰] ] 系列 的 一 部分 。 
0 
64 他 也 發明 了 高階 斜轉 方塊 ， 例如 大師 斜方 和 優秀 斜方 。   <ref >[ http : ／ ／ www . twistypu zz les.com ／ cgi-bin ／ pu zzle.cgi?pkey = 1353   Master  Skewb]< ／re f> <ref >[ http : ／ ／ www . twistypu zz les.com ／ forum ／ viewtopic . php ?f = 15 &t= 12589 &  Elite  Skewb]< ／re f> 
0 
4 == 參考 資料 == 
2 {{ Reflist}} 
0 
4 == 外部 連結 == 
17 * [ http : ／ ／ www . birgit-nietsch.de ／ Mixe d／skewb.html 比吉特·尼采 的 斜轉方 塊網 頁] 
21 * [ http : ／ ／ www . jaaps ch.net ／ pu zz le s／skewb.ht m  夏侯 的 斜轉方 塊網 頁] 
26 * [ http : ／ ／ www . mud . ca ／ pu zzler ／ J Pu zzler ／ J Pu zzler.html  線 上斜 轉方 塊] 
22 * [ http : ／ ／ www.acu bist . com 麥克·Try czak 的 斜轉方 塊速 解頁 +互 動式 斜 轉方 塊教 學] 
0 
6 {{ 魔術 方塊 小 作品 }} 
3 {{ 魔方 }} 
0 
5 [[ Category : 玩具 ]] 
6 [[ Category : 魔術 方塊 ]] 
1 {{noteTA 
22 |1= zh : 魔方 ;zh-han s: 魔方 ;zh-hant :魔 術方 塊; zh-hk: 扭計 骰; zh-tw : 魔術 方塊 ;z h-mo: 扭計 骰; 
14 |2 = zh :艾 爾內 ;  zh-hans:艾尔内;  zh-hant:艾 爾內 ;  zh-t w: 厄爾 諾; 
1 }} 
20 [[ File:Rubik 360 solved . jp g| thu mb | 280 p x| 已 解決 的 魯比 克 360 ]] 
0 
0 
47 魯比 克 360 的 玩法 就 是 把 內球 體內 的 六 個 顏色 球 分別 放到 相同 顏色 的 半球裡 。 不 像 原來 的 魔方 ， 沒有 公式 要記 ， 並與 [[ 數學 ]]沒 有 什麼 關連 ， 而 偏向 [[ 物理 學]] 方面 。 
0 
101 像 [[ 扭計 骰 ]] ， 魯比 克 360 -{ 只 }- 有 一 個 解決 辦法 ， 但 你 不 能 打破 它 並解 決 它 ， 它 被 認為 是 適合 所有 年齡 。 根據 評論 ， 魯比 克 360 是 非常 令 人 上癮 ， 引人 入勝 。 <ref >{ {cite  we b|author= Dan  Harris|title=Rubik's   360 :  the  firs t  review|url= http : ／ ／ www . telegraph . co.uk／li festyle／ 4412103 ／ Rubiks- 360 -the-first-review . html|work= [[ Sunday   Telegrap h] ]| date= 2009 - 01 - 31 |accessdate= 2009 - 02 - 06 }} <／re f> 
0 
3 == 註釋 == 
4 {{r ef list }} 
0 
4 == 外部 連結 == 
5 {{ commonscat|Rubik's  cu be }} 
17 * [ http : ／ ／ www.rubiks . com ／  魯 比 克 魔方 的 官方 首頁] 
42 *[ http : ／ ／ www . time.com ／ time／video ／ ?b cp id = 1485842900 &b ct id = 10139824001   Creator  Ernő Rubik  introduce s  the  Rubik's   360 ]    Exclu sive  interview with  [[ Time  （ magazine ） | TIME ]] 
16 *[ http : ／ ／ www.myrubik 360 . com ／   Ru bik's   360   News  and  Discussions] 
19 *[ http : ／ ／ www.playrubiks 360 . com ／  Official  UK  we bsite  for  the  Rubik's   360 ] 
0 
3 {{ 魔方 }} 
0 
6 {{ 魔術 方塊 小 作品 }} 
0 
6 [[ Category : 组合 谜题 ]] 
6 [[ Category : 机械 谜题 ]] 
6 [[ Category : 智力 游戏 ]] 
6 [[ Category : 教学 玩具 ]] 
7 [[ Category : 2000年 代 玩具 ]] 
5 [[ Category: 匈牙利 发明 ]] 
1 {{noteTA 
15 |1 =z h: 扭計 骰; zh-han s: 魔方 ;zh-hk: 扭計 骰; zh-tw :魔 術方 塊; 
1 }} 
7 [[ File:Rubiksmagic. jpg|right|thum b | 魔板 ]] 
0 
49 '' ' 魔板 ''' （ '' 'Rubik' s  Magic' '' ） ， 是 由 [[ 魔方 |扭 計骰 ]] 的 发明人 、 [[ 匈牙利 ]] 雕刻家 、 建筑学 教授 [[ 厄尔诺·鲁比克 ]] 教授 发明 的 一 种 智力 玩具 ， 最早 在 1980年 代 由 Matchbox 公司 制作 。 
0 
94 魔板 由 8个 呈2 ×4 排列 的 正方形 组成 ， 在 其 对 角线 的 槽 中 有 细线 将 每 个 正方 形连 起来 。 所有 的 正方形 都 能 层叠 摆放 ， 并且 从 两 个 方向 展开 。 魔板 的 正面 图案 是 三 个 无 联系 的 圆环 ， 背面 则 是 打乱 、 连接 在一起 的 三 个 圆环 。 游戏 的 目的 就 是 将 原来 长方形 的 魔板 经过 层叠 和 展开 变成 一 个 心形 ， 并且 将 背面 的 3 个 圆环 图案 复原 。 
0 
9 [[ File:Rubiksmagic_ solved . jpg|left|thumb|復 原后 的 魔板 ]] 
0 
48 解决 这个 谜题 的 方法 有 很 多 ， 熟练 的 玩家 能 在 5 秒 内 完成 问题 的 解决 ， 事实 上 ， 魔板 的 世界 纪录 为 0.69 秒 。 其他 的 关于 魔板 的 玩法 有 将 魔板 折叠成 给出 的 形状 等 。 
0 
125 1987年 ， 一 款 名 叫 “ [[ 大師 魔板 | 大师 版本 ]] ” 的 魔板 发布 ， 它 包含 的 呈2 ×6 排列 的 12 个 正方形 都 为 银色 ， 上面 会 有 5 个 相互 联系 的 圆环 ， 游戏 的 目的 则 是 通过 变换 将 图案 变成 一 个 “ [[ W]] ” 形 。 1990年 代 后期 ， 最初 版本 的 魔板 经过 Odd zon 改造 后 重新 发布 ， 这 次 的 魔板 的 图案 颜色 发生 了 变化 。 也 有 未 经过 授权 的 2×8 版本 的 魔板 投入 了 生产 。 还 有 魔板迷 自己 制作 了 2× 12 版本 的 魔板 。 目前 也 已 經出 現2 × 20 版本 的 魔板 。 
0 
40 鲁比克 教授 拥有 魔板 在 [[ 匈牙利 ]] 的 专利权 （ HU  1211 ／ 85 ， 1985年 3月 19日 授权 ） ， 和 [[ 美国 ]] 的 专利权 （ US   4,685 , 680 ， 1987年 8月 11日 授权 ） 。 
0 
39 2013年 ， WCA 取消 了 魔板 比赛 项目 。 <ref >[ http : ／ ／ page.renren . com ／ 601446694 ／ note ／ 865418118 ?op =n ext&cur Time= 1344670825000  W CA 在 2013年 取消 魔板 项目 ]< ／re f> 
0 
4 == 复原 方法 == 
3 {{e xp and-section}} 
0 
3 == 參見 == 
4 *[[ 智力 遊戲 ]] 
0 
3 == 注解 == 
2 {{ Reflist}} 
0 
4 == 外部 链接 == 
19 * [ http : ／ ／ hk cu beunion.net ／   香港 第一 個 扭計 骰組 織- -好 骰同 盟] 
33 * [ http : ／ ／ t wistypu zz les.com ／ cgi-bin ／ pd b-search.cgi?act= sim&key=magic&key2=& fiel d= Mechanism&fiel d2 =& ty pe =All&ty pe 2=& of f= 0  各 种 魔板 ] 
23 * [ http : ／ ／ www . doyoure member . co.uk ／ memory .asp ?m em ID = 2098   魔板 纪念堂 ] 
0 
6 {{ 魔術 方塊 小 作品 }} 
3 {{ 魔方 }} 
0 
6 [[ Category : 魔術 方塊 ]] 
5 [[ Category : 玩具 ]] 
10 [[ File:Rubiksmagic masteredition . jpg|thumb|right | 大 師 魔板 ]] 
100 '' ' 魔板 ： 大師 版' '' （ 通稱' '' 大師 魔板 ''' 、 '' ' 十二 片 魔板 ' '' ， 英文 ： '' 'Rubik' s  Magic :  Master  Edition' '' 或 ''' Master  Magic' '' ） 是 由 [[ 匈牙利 ]] [[ 雕刻 家 ]] 和 [[ 建築 學]] 教授 [[鲁比克·艾尔内]] 教授 發明 的 一 種 智力 玩具 ， 最早 在 1987年 由 Matchbox 公司 製作 。 跟 1980年 出版 的 [[ 魔板 ]] 很 像 ， 不同 的 是 大 師 魔板 有 12 片 （ 2×6 ） ， 而 魔板 只有 8片 （ 2×4 ） 。 
0 
18 它 曾經於 2003年 － 2012年 被 WCA 列為 正式 比賽 項目 ， 但是 在 2013年 被 取消 。 
11 [[ File:Rubiksmagic masteredition  solved . jpg|right|thumb|復 原後 的 大師 魔板 ]] 
6 {{ 魔術 方塊 小 作品 }} 
3 {{ 魔方 }} 
0 
6 [[ Category : 魔術 方塊 ]] 
5 [[ Category : 玩具 ]] 
24 {{O the ruses |益 智游 戏|subject= 此 类 问题 和 游戏 的 总称 |o the r= 由 此 衍生 的 电子 游戏 类型 }} 
40 ''' 智力 遊戲 ' '' 是 [[ 娛樂 ]] 性質 的 [[ 問題 ]] ， 亦 是 適合單 獨玩 的 [[ 遊戲 ]] 。 智力 游戏 通常 亦 同時 屬於 [[ 數學 遊戲 ]] 或 [[ 文字 遊戲 ]] 。 
0 
62 日本 《 數理 科學 》 雜誌 評選 的 智力 遊戲界 裡三 大 不 可 思議 的 是 ： 英國 的 [[ 華容 道  （ 遊戲 ） |華 容道 ]] 、 匈牙利 的 [[ 魔術 方塊 ]] 、 法國 的 [[ 獨立 鑽 石棋 ]] 。 <ref >[ http : ／ ／ bj qn.ynet . com／article.jsp ?oid= 50796841  华 容道 ]< ／re f> 
0 
6 == 著名 的 智力 遊戲 == 
2 {{ col-begin}} 
2 {{ col-3}} 
7 * [[ Connect  the  d ots ]] 
4 *[[ 填字 遊戲 ]] 
5 *[ [八 皇后 问题 ]] 
5 *[[ 數字 推盤 遊戲 ]] 
4 *[[ 拼圖 遊戲 ]] 
4 *[[ 騎士 巡邏 ]] 
6 *[[ 失踪 的 正方 形] ] 
2 *[[ Nonogram]] 
4 *[ [孔 明棋 ]] 
4 *[ [九 連環 ]] 
3 *[[ 七巧板 ]] 
4 *[[ 十五 巧板 ]] 
4 *[[ 相十 副 ]] 
5 *[ [ 魔術 方塊 ]] 
2 {{ col-3}} 
2 *[[ Sangaku]] 
6 *[ [柯尼斯堡 七 桥 问题 ]] 
3 *[[ 數獨 ]] 
5 *[ [索 瑪立 方體 ]] 
7 *[ [ 三 間 小屋 問題 ]] 
7 *[ [ 三 個 杯子 問題 ]] 
3 *[ [汉 诺塔]] 
3 *[ [迷 宮]] 
2 {{ col-3}} 
2 {{ col-end}} 
0 
4 == 參考 資料 == 
4 {{r ef list }} 
0 
4 == 外部 連結 == 
20 *[ http : ／ ／ www . taiwanpu zz lemuseum . com . tw  台 灣益 智 玩具 博物 館] 
0 
1 {{entertain-stub}} 
0 
7 [[ Category : 智力 游戏 |* ]] 
7 [[ Category : 游戏 类型 |P ]] 
