355
1 {{noteTA 
4 |G1= 地 區用 詞}} 
15 [[ File: TofuWith Soy Sauce And Carrot . jp g| 缩略 图| 豆腐 製品 ]] 
14 [[ File: Trader joes edamame.jp g| 缩略 图 |乾 [[ 大豆 ]] 製品 ]] 
13 [[ File: Soy milk  bottles   3 . jp g| 缩略 图| 豆漿 ]] 
11 [[ File: Tofuskinstick . jp g| 缩略 图 |豆 腐皮 ]] 
72 '' '豆 制品 ''' ， 一 类 食品 的 统称 。 广义 上指 的 是 以 [[ 大豆 ]] 、 [[ 小豆 ]] 、 [[ 豌豆 ]] 、 [[ 绿豆 ]] 等 [[ 豆类 ]] 为 主要 原料 加工 而 成 的 [[ 食品 ]] 。 狭义 上 指 的 是 主要 以 [[ 大豆 ]] 的 [[ 豆浆 ]] 凝固 而 成 的 [[ 豆腐 ]] 及 其 衍生 制品 。 
0 
15 豆制品 主要 有 [[ 发酵 ]] 豆制品 ， 和 非发酵 豆制品 两 大 类 ： 
0 
14 发酵 豆制品 又 可 分為 無鹽 發酵 豆製品 和 非無 鹽發 酵豆 製品 ： 
0 
5 == 無鹽 發酵 豆製品 == 
4 *  [[ 丹貝 ]] 
4 *  [[ 納豆 ]] 
5 * [ [臭 豆腐 ]] 
21 *  [[ 豆漿 優格 ]] （ Soy yogurt 、 豆乳ヨ ーグ ルト ， 以 豆漿 取代 牛乳 發酵 製成 的 ） 
0 
6 == 有 鹽發 酵豆 製品 == 
4 *  [[ 醬油 ]] 
4 *  [[ 豆豉 ]] 
4 *  [[ 蔭油 ]] 
4 *  [[ 味噌 ]] 
7 *  [[ 腐乳 ]] （ 豆腐乳 ） 
5 * [ [豆 瓣醬 ]] 
4 *  [[ 毛豆腐 ]] 
8 * [ [黴 豆渣 ]] （ 霉豆渣 ） 
8 *  [[ 黴千 張 ]] （ 霉千張 ） 
0 
5 == 非发 酵豆 制品 == 
7 *  [[ 豆芽 ]] （ 豆芽菜 ） 
5 * [ [黃 豆粉 ]] 
4 *  [[ 豆漿 ]] 
4 *[ [豆 腐釀 ]] 
13 *  [[ 腐皮 ]] （ 豆腐皮 、 腐竹 、 豆皮 、 豆衣 ） 
8 * [ [千 張 ]] （ 百葉 ） 
9 *  [[ 豆花 ]] （ 豆腐花 、 豆腐腦 ） 
4 *  [[ 豆腐 ]] 
4 *  [[ 豆乾 ]] 
9 *  [[ 豆鷄 ]] （ [[ 素鷄 ]] ） 
8 * [ [油 豆腐 ]] （ 豆卜 ） 
4 *  [[ 豆渣 ]] 
0 
12 常见 的 豆制品 参见 ： [[ :Category :豆 制品 |豆 制品 ]] 
0 
16 以上 說法 ， 不 包括 [[ 花生 ]]豆 、 [[ 咖啡] ]豆 等 之 製品 。 
0 
4 {{ Food -and -drink-stub}} 
0 
5 [[ Category :豆 制品 ]] 
13 [[ File:Pickled  t of u  sold . jpg|right|thumb| 200 px |豆 腐乳 ]] 
0 
153 '' '豆 腐乳 ''' 又 因 地 而 異稱 為' '' 腐乳 ''' 、 '' '南 乳' '' <re f> 又 稱 「 溫公 」 <／re f> 、 '' ' 霉豆 腐' '' 、 ''' 酱豆 腐' '' 、 ''' 糟豆 腐' '' （ 若 以 糟醃漬 ） 、 '' '貓 乳' '' 、 '' '豆 乳' '' ， 是 一 種將 豆腐 利用 黴菌 發酵 ﹑ 醃製 ， 二 次 加工 的 豆製 食品 ， 為東 亞人 的 常见 佐菜 ， 或 用於 烹調 。 [[ 中國 大陆 ]] 及 [[東 南亞 ]] 、 [[ 台灣 ]] 都 有 生產 ， 但 各 不 相同 ， 比如 [[ 蘇州 ]] 的 豆腐 乳呈 黄白色 ， 口味 细腻 ； [[ 北京 ]] 的 腐乳 ， 呈 红色 ， 偏甜 ； 目前 [[ 四川 ]] 有些 种类 的 腐乳 ， 比 較辣 。 [ [臭 豆腐 ]] 也 属于 豆腐乳 的 一 种 。 
0 
205 [[ 李日華 ]] 《 [[ 蓬櫳 夜話 ]] 》 記載 ： “ 黟縣 （ 今[ [ 安徽 ]] [[ 黃山市 ]] [[ 黟縣 ]] ） 人 喜於 夏秋間 醢腐 ， 令 變色 生毛 隨拭 去 之 ， 俟稍 乾投 沸油 中 灼過 ， 如 製饊法 漉出 ， 以 他 物筆烹之 ， … …然余 曾 一 染指 ， 直 臭 腐耳 ， 未 睹 其 神奇 也 。 <re f> [[ 李日華 ]] 《 [[ 蓬櫳 夜話 ]] 》 <／re f> ” <re f> 李约瑟 《 中国 科学 技术史 》 第六 卷 第五 分册 ， 270 页 <／re f> 腐乳 通常 用 [[ 毛黴菌 ]] 發酵 ， 包括 [[ 腐乳 毛黴 ]] （ '' Mu cor sufu'' ） 、 [[ 魯氏 毛黴 ]] （ '' Mucor  Rouxianus '' ） 、 [[ 總状 毛黴 ]] （ '' Mu cor race mosus '' ） <re f> 李约瑟 《 中国 科学 技术史 》 第六 卷 第五 分册 ， 272 页 <／re f> ， 还 有 [[ 根黴 菌 ]] ， 如 [[華 根黴 ]] （ '' Rhi zopus chinen sis'' ） 等 ， 但 [[ 克東 腐乳 ]] 是 由 [[ 微球菌 ]] 發酵 的 ， [[ 武漢 腐乳 ]] 是 用 [[ 枯草 桿菌 ]] 發酵 的 。 
0 
4 == 制作 过程 == 
69 腐乳 的 製作 是 古老 的 技術 ， 《 [[醒 園錄 ]] 》 載 ： “ 豆腐 乳法 （ 醃制 腐乳 ） ： 將豆 腐切 成 方塊 ， 用 [[ 鹽] ]醃 三 、 四 天 ， 出曬 兩天 ， 置蒸 籠內 蒸到 極熟 ， 出 ， 曬 一 天 ， 和 麵醬 ， 下 酒 少許 ， 蓋 密曬 之 或 加小 茴末 和曬 更 佳 ” 。 
0 
54 豆腐乳 是 一 種 二 次 加工 的 [[ 豆製品 ]] 。 先 將[ [黃 豆] ]研 磨成 [[ 豆漿 ]] 添加 [[ 石膏 ]] ， 經過 攪拌 、 固 、 壓製 成硬 豆腐 ， 表面 乾燥 後 ， 二 次 加工 成 為豆 腐乳 。 二 次 加工 的 方法 有 兩種 ： 
28 #使 用[ [黃 豆麴 ]] 或 [[ 黃豆 米麴 ]] ： 黃豆 、 米 等 蒸煮 冷卻 後 製麴 ； 豆腐 鹽漬 後 混合 黃豆 麴 熟成 。 
23 #接 種毛 黴菌 ： 將 表面 乾燥 的 豆腐 接種 毛黴菌 培養 成黴 豆腐 ， 再 浸 鹽水 、 加調 味料 熟成 。 
0 
84 以 接種 [[ 毛黴菌 ]] 方式 製作 的 豆腐乳 ， 可以 在 不同 的 製作 階段 ， 添加 各 種調 味料 製作 成多 種 口味 的 豆腐乳 ， 如 在 熟成 前 加[ [紅 麴]] 等 製成 [[ 粵菜 ]] 使用 的 「 [[ 南乳 ]] 」 、 黴豆 腐添 加製 作臭 豆腐 的 臭滷 製 作成 「 臭豆 腐乳 」 ， 或 在 熟成 後 添加 [[ 麻油 ]] 、 辣油製 作成 「 麻油豆 腐乳 」 或 「 辣味 豆腐 乳 」 。 
0 
3 == 用途 == 
138 豆腐 乳既 可以 直接 食用 ， 也 可 在 烹調 時作 為調 味料 使用 。 直接 食用 的 方法 ， 大都 用 來佐 清粥 。 至 於作 為調 味品 ， 台灣 華人 、 尤其是 [[ 客家人 ]] 在 炒質 地 較硬 的 蔬菜 時 ， 如 「 韭菜 炒雞腸 」 就 會 加入 黃豆 米 麴豆 腐乳 熅煮 ； [[ 粵菜 ]] 中 使用 豆腐乳 的 名菜 有 「 南乳 [[ 排骨 ]] 」 、 「 椒絲 腐乳 炒 通菜 」 、 [[ 順德 ]] 的 「 南乳 [[ 花生 ]] 」 等 ； [[ 川菜 ]] 中 亦 有 「 南乳 [[ 扣肉 ]] 」 ； 添加 [[ 丁香 ]] 、 [[ 陳皮 ]] 等 辛 香料 的 豆腐乳 ， 也 常用於 [[ 雲南 ]] 小 炒 ； [[ 湘菜 ]] 有 「 腐乳 冬筍 」 。 
0 
40 豆腐乳 亦 可 作為 沾醬 使用 ， 台灣 的 「 [[ 羊肉 ]]爐 」 、 粵菜 「 枝竹[ [羊 腩] ]煲 」 都 慣用 豆腐 乳為 基底 調製 的 沾醬 ， 用 來佐 有 嚼勁 的 帶皮 羊 肉塊 。 
0 
133 豆腐乳 是 一 種 華人 特有 食品 ， 在 中國 各 地 口味 因地而異 ， [[ 北京 ]] 豆腐 乳偏甜 （ [[ 玫瑰 ]] '' '腐 乳' '' ） 、 [[ 雲南 |雲 ]] [[ 貴州 |貴 ]] [[ 四川 |川 ]] 豆腐 乳辣 而 辛香 、 [[ 江浙 ]] 代表性 的 「 [[ 紹興 ]] 腐乳 」 帶[ [ 酒] ]香 。 在 [[ 湖南 ]] ， 因為 「 腐 」 、 「 虎 」 諧音 忌諱 ， 所以 豆腐 乳稱 為 「 貓乳 」 。 [[ 廣西 ]] 「 [[ 桂林 ]] 腐乳 」 200多 年 前 就 很 出名 ， [[ 袁 枚 ]] 在 《 [[ 隨園 食單 ]] 》 稱 「 廣西 白乳腐 最 佳 」 。 [[ 潮州 ]] 特色 小吃 「 腐乳餅 」 相當 馳名 。 
0 
3 == 其他 == 
68 *[ [明 朝 ]] 時豆 腐乳 傳入 [[ 琉球 ]] ， 經本 地化 ， 改用 米麴 和 [[ 泡盛 ]] （ 一 種 蒸餾 米 酒 ） 加工 ， 稱為 豆腐餻 （ とう ふよう ） ， 也 有用 [[紅 麴] ]製 的 。 在 [[琉 球國 ]] 時代 ， 為王府 貴族 和 高官 獨享 的 貴重 食品 。 在 今日 仍 為沖繩 料理 的 一 道 名菜 。 
27 *除 沖繩 外 ， [[ 越南 ]] 可能 也 有 這種 食品 ， [[ 韓國 ]] 則無 ， [[ 日本 ]] 只 在 中華 料理店 有售 。 
28 *豆腐 乳為 高[ [鈉 ]] 食品 （ 3675 mg ／ 100 g ） ， 但 富含 [[ 維生 素A ]] （ 31.8 RE ／ 100 g ） 。 
29 *製 作豆 腐乳 所 使用 的 黴菌 ， 必需 選用 馴化 的 人工 培養 菌種 （ 通常 來源 為醬 油廠 ） ， 天然 菌種 可能 會 產生 毒素 。 
0 
4 == 參考 資料 == 
5 <div clas s= "re ferences-small"> 
5 <re ference s  ／ > 
2 <／ div> 
3 == 参见 == 
4 *[ [豆 腐釀 ]] 
5 [[ Category :豆 制品 ]] 
4 [[ Category :醬 ]] 
6 [[ Category : 發酵 食品 ]] 
8 [[ Category : 中国 非物质 文化 遗产 ]] 
6 [[ Category : 浙江 食品 ]] 
6 [[ Category : 上海 食品 ]] 
6 [[ Category : 台灣 飲食 ]] 
13 [[ File: Douchiphoto.jpg|thumb|right | 290 p x| 不同 豆豉 及 相关 产品 ]] 
62 '' '豆 豉' '' ， 是 一 种 [[ 豆製品 ]] 又 稱為 '' '大 苦' '' 、 '' '蔭 豉' '' 、 '' '幽 菽' '' 、 ''' 嗜' '' ， 方言 名称 有 豆豉 颗 （ [[ 贵阳市 |贵 阳]] ） 、 豆发 （ [[ 雷州市 |雷州 ]] ） 、 豆咸 （ [[ 厦门市 | 厦门 ]] ） 等 。 
0 
3 == 历史 == 
22 [[ File: Douchi  Fish.jpg|thumb|right | 200 p x| 蒸鱼 時放 上 豆豉 作調 味品 ， 是 中國 地方 常見 烹調 方式 ]] 
113 在 先秦 文献 中 未 发现 关于 豆豉 的 记载 。豉 最早 出现 在 汉代 。 《 [[史 记] ]·货殖 列传 》 提到 豉 ， 《 [[ 前汉 书] ]·货殖传 》 中 记述 两 个 商人 因 因 经营豉 的 生意 而 致富 ； 马王堆 汉墓 中 126 、 301两 个 缸里 盛豉 <re f> 黄兴宗 著  《 李约瑟 中国 科学 技术史 》 第六 卷 第五 分 册  《 发酵 与 食品 科学 》   280 页 <／re f> 。 汉魏 时期 ， 豉是 日用 的 调味品 ， 也 可以 入药 。 《 [[ 齐民 要术 ]] 》 、 《 [[ 本草 纲目 ]] 》 都 记载 有 咸豆豉 和 淡豆豉 的 制法 。 
0 
3 == 製作 == 
83 第一 阶段 ： 制豆曲 。 将 [[ 大豆 ]] （ 黄豆 或 黑豆 ） 浸[ [泡 ]] 三 天 、 ： [[ 蒸] ]透 ， 平摊 草席 上 三 寸 厚 ， 用 灯 芯草 覆盖 ； 三 天 后豆 面长 满黄色 菌丝 ， 将 豆 在 水 中 浸泡 ， 取出 晾干 。 此时 ， 霉菌 的 酶 水解 大豆 中 的 蛋白质 ， 产生 使 豆带 苦味 的 物质 ， 必须 水泡 去苦 ， 但 必须 还 保留 很多 酶 。 
0 
134 第二 阶段 ： 将 豆曲 拌上 豆汁 、 [[ 盐 ]] 放入 陶制 的 大缸 中 ， 用 泥巴 封口 ， 在 院子 停放 27 天 发酵 ， 取出 发酵 的 大豆 ， 晒干 ， 蒸煮 ， 摊晒 ， 再 蒸晒 ， 反复 三 次 ， 三 晒 后 即 得 成品 豆豉 。 在 此 阶段 ， 真菌 在 厌氧 环境 下 被 抑制 ， 而 残留 的 酶 继续 分解 大豆 的 蛋白质 ， 产生 [[ 乳酸菌 ]] ， 进一步 抑制 其他 细菌 生长 ； 在 反复 蒸晒 中 ， 芳香 [[ 氨 基酸 ]] 被 氧化 变黑 ， 赋予 豆豉 特有 的 色香 <re f> 黄兴宗 著  《 李约瑟 中国 科学 技术史 》   第六 卷   第五 分 册  《 发酵 与 食品 科学 》   282 - 283 页 <／re f> 。 
0 
4 == 日本 納豆 == 
90 [[ 日本 ]] 的 一些 [[ 佛教 ]] 寺院 如[ [京 都府 ]] 的 大德寺 、 天龙寺 、 一休寺 ， [[ 静冈县 ]] 的 大福寺 以及 附近 的 民间 企业 也 生产 在 宋代 由 中国 学来 的 ， 传统 制法 的 豆豉 ， 叫做 '' '[ [纳 豆| 寺纳 豆] ]' '' 或 '' '盐 辛纳 豆' '' 。 静冈县 [[ 滨松市 ]] 附近 的 也 称为 '' '滨纳 豆' '' 。 一般 直接 食用 或 与 米饭 、 稀饭 等 一起 吃 ， 不 怎么 用作 调料 。 
0 
4 == 印度尼西亚 丹貝 == 
82 [[ 丹貝 ]] 是 [[ 印度尼西亚 ]] 特有 的 豆制品 。 将 大豆 浸泡 ， 去皮 ， 晾干 ， 混合 上 一 批 天培 ， 用 芭蕉 叶包裹 ， 放 在 温暖 的 地方 48 小时 发酵 ， 待 白色 菌丝 将 豆变 称成 结实 的 饼块 ， 制成 天培 ， 用于 烹调 食用 <re f> 黄兴宗 著  《 李约瑟 中国 科学 技术史 》   第六 卷   第五 分 册  《 发酵 与 食品 科学 》   285 - 286 页 <／re f> 。 
0 
5 ==  名 産地  = = 
7 *  [[ 重庆市 ]] [[ 永川区 ]] 
7 *  [[ 湖南省 ]] [[ 瀏陽市 ]] 
7 *  [[ 廣東省 ]] [[ 陽江市 ]] 
7 *  [[ 廣東省 ]] [[ 羅定市 ]] 
11 *  [[ 山東省 ]] [[ 臨沂市 ]] （ 八寶 豆豉 ） 
8 *[[ 廣東省 ]] [[ 新 丰县 遥田镇 ]] 
8 * [[ 广西省 ]] [[ 昭平县 黄姚镇 ]] 
0 
4 ==  相 關  == 
5 *  [[ 豆豉 鯪魚 ]] 
5 *  [[ 豉椒 排骨 ]] 
6 *  [[ 蒜蓉 豆豉 酱] ] 
0 
3 ==  参见  == 
4 * [[ 腐乳 ]] 
4 *[ [ 腐竹 ]] 
3 *[[ 納豆 ]] 
0 
4 == 參考 文獻 == 
5 <div clas s= "re ferences-small"> 
6 <re ferences >< ／re ference s> 
2 <／ div> 
0 
4 == 外部 連結 == 
37 * [ http : ／ ／ li bproject.hkbu.edu.hk ／ was 40 ／ de tail?channelid= 47953 &search word =pi d= B 00168   淡豆 豉  Dandouchi ]  中 藥材 圖像 數據 庫  （ 香港 浸會 大學 中醫 藥學院 ） 
0 
52 #  豆豉 加工 工艺 及 质量 标准 ， [ http : ／ ／ www . qzny . gov . cn ／ jg zc ／ 2002 ／ 12 ／ 021213220538 .ht m  http : ／ ／ www . qzny . gov . cn ／ jg zc ／ 2002 ／ 12 ／ 021213220538 .htm] 
55 #  豆豉 的 营养 价值 ， [ http : ／ ／ www . bjkp . gov . cn ／ bj kp zc ／ dcsh／ys wh ／ kx ys ／ 28829 .shtml  http : ／ ／ www . bjkp . gov . cn ／ bj kp zc ／ dcsh／ys wh ／ kx ys ／ 28829 .shtml] 
0 
5 [[ Category :豆 制品 ]] 
4 [[ Category :醬 ]] 
8 [[ Category : 中国 非物质 文化 遗产 ]] 
19 {{ Refimprove |time= 2009 - 06 - 30 T 08 : 40 : 31 + 00 : 00   }} 
15 [[ File :酥 炸臭 豆腐 . JPG|thumb| 250 px | 台中 的 油炸臭 豆腐 ]] 
0 
0 
3 == 源起 == 
18 相傳臭 豆腐 是 一 位 落魄 [[ 舉人 ]] 意外 的 發明 ， 但 故事 版本 眾多 。 
0 
7 == =  臭豆 腐乳 版本  = == 
127 [[ 清朝 ]] [[ 康熙 ]] [[ 1669年 | 八 年 ]] ， [[ 安徽 ]] [[ 仙源 縣] ]舉人 [[ 王致 和 ]] 赴 京 趕考 ， 不幸 名落 孫山 ， 留 在 [[ 北京 ]] 經 營豆 腐舖 。 一日 王致 和 因 累積 不少 存貨 ， 打算 製 作[ [豆 腐乳 ]] ， 將豆 腐切 成 小塊 ， 放入 罈 中 。 過 幾天 打開 罈子 ， 發現 豆腐 變成 青色 ， 而且 奇臭 無比 ， 不 過 吃 起 來卻 非常 好吃 ， 所以 決定 將臭 豆腐 當成 商品 出售 <re f> 《 武清县 志 》 第五 卷 第二 节 “ 人物 传说 ” 第 231 页 《 王致 和 吟臭 豆腐 诗 中 举 》 ， 1991年 12月 出版 <／re f> 。 
0 
7 == =  臭豆 腐乾 版本  = == 
107 {{ Fact| 相傳 王致 和 在 [[ 康熙 ]] 年間 以 賣豆腐 、 豆腐乾 及 養豬 為業 。 有 一日 ， 王致 和 製作豆 腐乾 的 時候 ， 才 剛 把 鹽巴 、 [[ 花椒 ]] 等 調 味料 放完 ， 豬 就 跑 了 ， 在 慌忙 之 中 王致 和 忙著 抓豬 ， 忘 了 把 罈子 蓋上 ， 結果 牆壁 上 的 白灰皮 就 掉進 罈裡 ， 等 王致 和 把 豬處 理好 之 後 ， 當初 的 豆腐 乾早 就 成 了 臭豆 腐 了 。 |time= 2009 - 06 - 30 T 07 : 20 : 59 + 00 : 00 }} 
0 
4 == 食用 方式 == 
18 臭豆腐 在 世界 各 地 的 制作 方式 和 食用 方式 均 存在 地区 上 的 差异 。 
5 == =油 炸臭 豆腐= == 
18 [[ File: Stinky_T of u_ Fried . jpg | 250 px |thum b| 台北 的 油炸臭 豆腐 ]] 
54 台湾 、 [[ 香港 ]] 或 上海 常 使用 油炸 的 方式 食用 。 台灣 的 攤販 所 販賣 的 臭豆腐 ， 常 習慣 搭配 酸甜不辣 的 台式 [[ 泡菜 ]] （ 或 [[ 四川 泡菜 ]] ） ， 舒解 臭 豆腐 的 油炸 膩感 ， 香港 的 則習 慣 以 甜醬 搭配 。 
0 
8 油炸 方式 又 分 两 大 類 ： 
19 #較嫩 的 吃法 ， 臭豆 腐炸 至 外皮 酥脆 ， 撈起 瀝乾 油後 ， 切塊 裝盤 或 裝袋 。 
47 #較酥 的 吃法 ， 臭豆 腐炸 至 外皮 酥脆 ， 撈起 後 對 角切 四塊 後 ， 再 回 鍋繼 續炸 ， 直 到 看 起來 都 呈 現金 黃色 後 ， 再 撈起 瀝乾 油後 ， 裝盤 或 裝袋 。 但 這種 吃法 比較 油膩 。 
0 
60 炸臭 豆腐 是 台灣 傳統 中 常見 的 料理 ， 不管是 [[ 夜市 ]]還 是 部分 [[ 餐廳 ]] 中 ， 都 可以 看到 。 1990年 代 前 甚至 有些 攤販 會沿街 叫賣 。 烹飪 方法 通常 是 把 醃漬 好 的 豆腐 ， 用 高溫 油炸 ， 酥酥 脆脆 的 外皮 ， 配上 酸酸甜甜 的 [[ 泡菜 ]] 。 
0 
5 == =麻 辣臭 豆腐= == 
18 [[ File: Stinky_T of u_ Mala.jpg| 250 px |thum b| [[ 台北 ]] 的 麻辣 臭 豆腐 ]] 
80 麻辣 臭 豆腐 是 近年 來 台灣 的 新 吃法 ， 由於 四川 麻辣鍋 的 風行 ， 也 使得 火鍋 業者 研發 出 把 臭豆腐 加入 麻辣 湯裡 ， 搭配 上 [[ 鴨血 ]] 、 [[ 酸菜 ]] ， 麻辣 湯底 的 濃郁 再 加上 臭豆 腐獨特 的 氣味 ， 可以 說 是 近年 來個人 火鍋 常見 的 新 吃法 ， 也 有些 業者 會 加入 肥腸 （ [[豬 大腸 ]] ） ， 俗稱 「 大 腸臭 臭鍋 」 。 
0 
5 === 清蒸 臭豆 腐= == 
34 清 蒸臭 豆腐 是 類似 清蒸魚 的 作法 ， 將臭 豆腐 加入 清淡 爽口 的 湯底 中 ， 用 清蒸 的 方式 烹調 ， 滿足 不 吃 油 炸品 的 臭豆 腐饕 客群 。 
0 
5 == =臭 豆腐 乳= == 
69 [[ 北京 ]] 闻名 的 王致 和 臭豆腐 为 臭豆 腐乳 ， 与 南方 流行 的 臭豆 腐干 是 两 种 不同 的 食品 。 王致 和 臭豆 腐乳 不 能 油炸 ， 为 [[ 馒头 ]] 和 [[ 大饼 ]] 等 面食 的 配品 ， 并 曾经 为 慈禧 所 喜爱 ， 并 赐雅 名 “ '' '御 青方 ''' ” ， 简称 '' '青 方' '' 。 
0 
6 == =炭 烤 臭豆 腐= == 
19 [[ File : 深 坑 臭 豆腐 .J PG | 250 px |thumb|right | 深 坑 臭 豆腐 ]] 
13 [[ File: Choudoufu.jpg| 250 px |thumb|right | 台北 的 烤臭 豆 腐串 ]] 
82 [[ 炭烤 ]]臭 豆腐 ， [[ 深坑 ]] 的 名產 ， 也 是 台灣 [[ 夜市 ]]裡 常見 的 [[ 小吃 ]] ， 用 竹籤 穿過 食材 後 ， 塗 抹[ [烤 肉] ]醬 ， 在 炭火 上 烤數 分鐘 。 外皮 酥脆 ， 內裡 鬆軟 ， 入口 即化 ， 因為 加入 了 大量 的 調味 醬 ， 也 使得 '' '臭 豆腐' '' 原本 的 氣味 被 覆蓋 許多 ， 值得 推薦 給初 次 嘗 試臭 豆腐 的 朋友 們 。 
0 
5 == =臭 豆腐 火鍋 === 
219 一般 簡稱 為｢ 臭臭 鍋｣ ， 是 以 [[ 火鍋 ]] [[ 高湯 ]] 加入 少許 配料 為湯 底 ， 之後 放入 [ [生 臭豆 腐乾 ]] （ 或 過水 後 的 [[臭 豆腐 干| 臭豆 腐乾 ]] ） ， 注入 溫 的 高湯 及 加入 其他 [[ 佐料 ]] 、 [[調 味料 ]] （ 如[ [鹽 ]] 、 [[ 紅糖 ]] 、 [[辣 椒粉 ]] 、 [[ 胡椒粉 ]] 、 生[[ 辣椒 ]] 、 [[ 蔥白 ]] 、 [[ 青蔥 ]] 、 [[ 香菜 ]] 、 [[ 蒜頭 ]] 、 [[ 辣油 ]] 、 [[ 醬油 ]] 、 [[ 香油 ]] 、 [[ 豆油 ]] 、 [[ 五 香粉 ]] 等等 ） 並 其他 配料 （ [ [火 鍋料 ]] 、 [[ 肉片 ]]捲 、 配菜 、 [[ 蔬菜 ]] 、 [[ 泡菜 ]] 和 [[ 沾醬 ]] ） 一同 上桌 。 上桌 後 點火 煮滾 由 食客 加入 想 吃 的 配料 下鍋 ， 即 可 取食 。 如同 [ [涮 涮鍋 ]] 一 樣 ， 只是 前者 加入 '' '臭 豆腐' '' 而已 。 目前 臭臭 鍋僅 流行於 [[ 台灣 ]] ， 因[ [臭 臭鍋 ]] 所 開設 的 餐館 也 頗多 。 [ [臭 臭鍋 ]] 目前 的 種類 有 ： 原味 臭 臭鍋 、 泡菜臭 臭鍋 、 海鮮臭 臭鍋 和 綜合臭 臭鍋 等 。 
0 
5 == = 其他 = == 
0 
0 
4 == 製作 過程 == 
106 故稱 為 「 臭豆腐 」 的 原因 ， 是 因為 它 的 氣味 非常 的 臭 ， 對於 很多 外國人 來說 ， 那 種 特殊 的 氣味 與[ [排 泄物 ]] 相似 。 臭 豆腐 其實 是 一 種 發酵 製品 ， 把 原本 無色 無味 的 豆腐 ， 讓 他 自然 的 發酵 ， 台灣 常見 的 浸泡液 ， 就 是 把 較老 部份 的 莧菜 ， 浸泡 在 洗米 水 中 ， 放 在 常溫 下 發酵 ， 產生 那 特殊 的 氣味 。 但 隨著 地區 、 食用 方法 的 不同 ， 製作 方法 及 成品 也 有 相當 大 的 差異 。 
0 
5 ===  臭 豆腐 干  === 
120 至於 供 「 '' '油 炸臭 豆腐' '' 」 使用 的 臭豆腐 ， 手續 則沒 有 青方 複雜 。 為 了 求 大量 生產 方便 ， 一般 而 言 都 是 以 新鮮 豆腐 短暫 浸泡 「 '' '臭 滷水' '' 」 ， 讓臭 滷水 中 的 [[ 細菌 ]] 、 [[ 真菌 ]] 分解 豆腐 中 的 [[ 蛋白 質 ]] ， 進而 使 豆腐 的 組織 鬆弛 ， 並且 散 發出 臭味 ， 然後 就 可以 油炸 。 有些 廠商 為 了 求快 ， 甚至 不 待 分解 程序 完成 ， 只要 臭 滷水 的 臭味 入味 後 ， 隨即 出貨 ， 也 因此 ， 油 炸臭 豆腐 的 口味 和 油炸 普通 豆腐 的 口味 相似 。 
0 
6 == =  臭 滷水  = == 
18 [[ File: Dee p  Fried  T of u  by  avlxy z . jpg|thumb| 150 px |臭 豆腐 ]] 
52 #  自然 發酵 的 臭滷 水 是 在 水缸 中 放入 稻草 、 豬肉 等 肉類 ， 然後 任 由 其 露天 自然 發酵 、 腐敗 ， 經過 幾 個月 後 ， 就 可以 放入 豆腐 ， 不 過 這種 方法 非常 不 衛生 ， 而且 都 會 長[ [蛆 ]] 。 
31 # 現 在 有 許多 廠商 使用 發酵菌 接種 的 方式 ， 直接 培養 臭 滷水 ， 不但 發酵 的 時間 短 ， 而且 安全 衛生 ， 可以 大量 生產 。 
65 #  亦 有 以 純植 物為 基礎 ， 天然 發酵 而 成 的 滷水 ， 是 以 刺桐葉 、 野莧菜 、 竹筍 、 菜心 、 冬瓜 、 薑 、 花椒 … … 等 數十 種 蔬菜 或 植物 ， 加些 許 的 鹽加 以 醃製 ， 讓 它 在 自然 環境 的 室溫 中 ， 經長期 靜置 八個月 以上 ， 自然 發酵 而 成 。 
0 
5 ==  環 境問 題  == 
124 販賣臭 豆腐 的 摊点 散发 的 臭味 使 行人 掩鼻 而 过 ， 在 [[ 中國 ]] 的 城市 ， 尤其是 大 城市 ， 和 烤[ [ 羊 肉串 ]] 的 摊点 一样 ， 已经 受到 [[ 环境 保护 ]] 部门 的 警告 ， 正在 逐渐 取缔 ， 要 改 在 设置 通风 处理 的 店 内 或 市场 集中 营业 。 在 [[ 香港 ]] 更 有 小食店 因 販 賣臭 豆腐 而 遭到 有 關當局 檢控 。 <ref >[ http : ／ ／ www . district councils.gov.hk ／ sk _d ／ chinese ／ doc／ Minutes ／ FE HC_ 0506 _5 _m c. doc  西貢 區議 會  食物 環境 衞生 委員 會  二○○五 至 ○六年 度 第五 次 會議 記錄 ]< ／re f> 
0 
4 ==  食品 安全   == 
89 2003年 ， [[ 桃園 ]] 查出 大量 非法 地下 工廠 加工 的 臭豆腐 ， 現場 蒼蠅 漫天 ， 污水 四溢 ， 環境 惡劣 ， 甚至 製 作臭 豆腐 的 水 都 是 抽取 骯髒 的 地下水 ， 此 次 臭豆腐 事件 一度 造成 消費者 信心 危機 <ref >[ http : ／ ／ www . nownews . com ／ 2003 ／ 09 ／ 29 ／ 157 - 1520498 .ht m  么 壽喔 ！ 　業者 用 地下 水 做 臭豆 腐　 工廠 距 公墓 僅 10 公尺  ] <／re f> 。 
0 
85 2007年 ， [[ 大公报 ]] 报導 了 在 [[ 深圳 ]] 十多 家 存在 以 化學 染料 、 餿水 、 污水 ， 甚至 [[ 糞] ]水 加工 臭豆 腐[ [ 黑心 食品 ]] ， 而 非 以 正常 方式 發酵 製成 。 製作 方法 及 環境 的 衛生 有 嚴重 問題 <ref >[ http : ／ ／ www . peacehall.com ／ news ／ gb ／ misc ／ 2007 ／ 07 ／ 200707181041 .shtml  深圳 驚爆 黑商 販 大便 醃製 臭豆 腐  ]< ／re f> 。 
0 
143 部分 城市 的 臭豆腐 产业 亦 多 次 被 曝光 其 黑色 加工 过程 。 例如 在 臭豆腐 最 受 欢迎 的 城市 —— 长沙 <ref >{ {cite  news  |  url= http : ／ ／ www . tech-food . com ／ news ／ 2010 - 10 - 29 ／ n 0442396 _3.ht m  |  title =长 沙黑 作坊 用 腐肉 让 臭豆 腐变 更 臭  多 食后 会致 癌} }< ／re f> 、 武汉 <ref >{ {cite  news  |  url= http : ／ ／ news . jz news . com . cn ／ system ／ 2011 ／ 05 ／ 20 ／ 010166996 . shtml |  title =江 汉商 报: 工商 清查 “ 化学 臭 干子 ” 窝点 }} <／re f> 等 ， 就 曾 多 次 曝出 臭豆腐 加工 过程 中 使用 腐肉 、 化工 原料 等 熏臭 含致 癌物质 的 报道 。 
0 
85 2014年 ， 中國 一 名 男子 在 溫州 吃 了 臭豆 腐後 ， 內臟 衰竭 ， 昏迷 一 週 ， 花 了 15 萬 人民 幣醫 療費 ， 醫師 懷疑 是 臭豆腐 是 泡過 糞水 的 。 <ref >{ {cite  news  |  url= http : ／ ／ news . 163 . com ／ 14 ／ 0807 ／ 13 ／ A 323 EH 2O 00011229 .html |  title= 温州 网: 男子 吃 臭豆 腐5 脏器 衰竭  医 生称 豆腐 或 遭粪 水浸 泡} }< ／re f> 
0 
4 ==  參 見  == 
4 {{ Commons| Stinky tofu}} 
6 * [[ 香港 街頭 小吃 ]] 
3 *[[ 發酵 ]] 
3 *[ [豆 腐]] 
0 
4 == 參考 資料 == 
4 {{ Reflist |2 }} 
0 
7 [[ Category : 中 國 小吃 ]] 
7 [[ Category : 台灣 小吃 |豆 ]] 
6 [[ Category : 香港 小吃 ]] 
5 [[ Category: 发酵 食品 ]] 
6 [[ Category : 街頭 小吃 ]] 
4 [[ Category: 豆腐 ]] 
13 [[ File: Casu  Marz u  ch eese.jpg|thumb| 250 px |卡蘇 馬蘇 乳酪 ]] 
62 '' '卡 蘇馬 蘇乳 酪' '' （ {{lang-sc| sasu marzu ,  casu  modde ,  casu c und hídu }} ， {{ lang-it| formaggio marcio }} ， 意為 「 腐臭 的 乳酪 」 ） 又 稱'' '活 蛆乳 酪' '' ， 是 [[ 薩丁尼亞 ]] 傳統 [[ 羊奶 ]] [[ 乳酪 ]] ， 以 內 含活 的 蒼蠅 [[ 幼蟲 ]] 著稱 。 
0 
169 它 以 [[ 佩克 里 諾乳 酪] ]為 食源 ， 但 跳過 典型 的 [[ 發酵  （ 食物 ） | 發酵 ]] 程序 ， 直接 由 [[ 酪蠅 ]] 幼蟲 的 [[ 消化 作用 ]] 讓 食材 「 [[ 腐爛 ]] 」 。 幼蟲 是 刻意 添 加物 ， 旨 在 推動 一 種 特殊 層次 的 發酵 ， 並 促進 分解 乳酪 中 的 [[ 乳脂 ]] 。 乳酪 的 質地 隨後 變 得 十分 柔軟 ， 並滲 出些 許汁液 （ lagrima ， 意為 「 眼淚 」 ） 。 幼蟲 是 乳白色 、 半透明 的 蠕蟲 ， 長約8 毫米 。 幼虫 在 受到 碰触 时 最 高 会 跳到 15 厘米 高 。 <ref  name= "f ly " >{ {cite  book|last= Berenbaum|firs t= May  R|title= Ninety-Nine  More  Maggots ,  Mites ,  and  Munchers |p ub lisher= University  of  Illinois  Press|year= 1993 |pages = 10 – 14 |isbn= 0252063228 } }< ／re f> 。 食用 乳酪 前 可 將 幼蟲 去除 ， 但 有些 饕客 則選擇 保留 蟲體 。 
0 
4 ==  參考 資料  == 
4 {{r ef list }} 
0 
7 {{ DE FAULT SORT: Casu  Marzu }} 
6 [[ Category :薩 丁尼亞 乳酪 ]] 
6 [[ Category : 昆蟲 食品 ]] 
6 [[ Category : 羊乳 乳酪 ]] 
6 [[ Category :薩 丁尼亞 飲食 ]] 
6 [[ Category :義 大利 飲食 ]] 
7 [[ File:Virtanen . jpg|thumb|right| 阿尔图里·伊尔马里·维尔 塔宁 ]] 
56 ''' 阿尔图里·伊尔马里·维尔塔 宁' '' （ [[芬 兰语 ]] ： '' '{ {l ang |f i| Artturi Ilmari Virtanen } }' '' ， {{ bd | 1895年 | 1月 15日 | 1973年 | 11月 11日 |cat Id x= Virtanen ,  Artturi Ilmari}} ） ， [[ 芬兰 ]] 化学家 ， 1945年 获 [[ 诺贝尔 化学 奖 ]] 。 
0 
7 1895年 1月 15日 生于 芬兰 赫尔辛基 。 
0 
81 1924 — 1948年 ， 他 在 赫尔辛基 大学 研究 青贮 饲料 腐烂 的 发酵 过程 。 由于 发酵 产物 的 乳酸 能 提高 青贮 饲料 的 酸度 ， 而 发酵 终止 。 因而 研究 出 一 种 提高 青贮 饲料 的 酸度 达到 发酵 终止 的 AIV法 。 此 法 既 可 防止 腐烂 而 又 不 影响 其 使用 和 营养 价值 。 维尔塔宁 还 研究 了 豆科 植物 根瘤 的 固氮 细菌 ； 奶油 的 保存 方法 等 。 
0 
43 1943年 他 还 出版 了 专著 《 养牛 基础 AIV 方法 》 （ AIV 是 维尔塔宁 姓名 的 全称 字头 缩写 ） 。 维尔塔宁 因 改进 高蛋 白质 青贮 饲料 生产 和 贮存 的 研究 而 获得 了 1945年 诺贝尔 化学 奖 。 
0 
13 维尔 塔宁于 1973年 11月 11日 在 赫尔辛基 去世 ， 享年 78 岁 。 
33 1945年 诺贝尔 化学 奖 授予 芬兰 生物 化学家 阿图里·维尔 塔南 ， 以 表彰 他 对 农业 和 营养 化学 的 研究 与 发明 ， 特别 他 所 提出 的 饲料 储藏 方法 。 
0 
62 维尔塔宁 改进 高蛋 白质 青贮 饲料 的 生产 和 贮存 系统 ， 发明 了 酸化 法贮 存鲜 饲料 ， AIV 饲料 保鲜法 于 1932年 获得 专利 ， 1943年 出版 他 的 专著 《 养牛 基础 AIV 方法 》 ， 为 发展 这 一 青贮 保鲜 系统 ， 维尔塔宁 要求 采用 他 姓名 全 称 的 字头 英文 缩写 来 进行 命名 。 
0 
140 维尔塔宁 与 他 的 研究 团队 从 1924年 开始 研究 青贮 饲料 腐烂 的 发酵 过程 ， 从 一 项 优化 牛奶 和 乳制品 口味 、 气味 ， 延长 乳制品 货架期 的 研究 中 获得 了 灵感 ， 由于 发酵 产物 的 乳酸 能 提高 青贮 饲料 的 酸度 ， 而 发酵 终止 。 其 工作 原理 是 通过 添加 高 浓度 硫磺 和 盐酸 来 增加 青贮 饲料 的 酸度 达到 发酵 终止 ， 从而 防止 贮窖 中 的 鲜切 饲料 分解 ， 此 法 既 可 防止 腐烂 而 又 不 影响 其 使用 和 营养 价值 ， 改进 绿色 饲料 存储 方法 ， 提高 了 绿色 饲料 存 储量 ， 这 在 芬兰 等 北欧 国家 冬天 很 长 的 过程 中 就 显得 十分 重要 ， 这 项 系统 一经 发明 就 被 广为 传播 。 
0 
78 青贮 饲料 是 用 新鲜 的 天然 植物性 饲料 为 原料 ， 以 青贮 的 方式 调制 成 的 奶牛业 饲料 ， 该 项 发明 对 现代 农业 和 畜牧业 持续性 发展 有 着 巨大 的 贡献 ， 一些 需要 在 冬天 大 规模 或 完全 依靠 贮藏 饲料 来 喂养 家畜 的 国家 至今 仍 在 沿用 该 方法 ， 此 方法 在 改进 黄油 保存 方法 、 延长 黄油 的 货架期 方面 也 卓有 成效 。 
0 
0 
0 
11 {{ 诺贝尔 化学 奖 获得者 （ 1926年 - 1950年 ） }} 
0 
7 {{ DE FAULT SORT:Virtanen ,  Artturi Ilmari}} 
0 
6 [[ Category : 芬兰 化学家 ]] 
7 [[ Category: 诺贝尔 化学 奖 获得者 ]] 
8 [[ Category : 赫爾 辛基 大學 教授 ]] 
8 [[ Category : 赫爾 辛基 大學 校友 ]] 
8 [[ Category : 芬蘭 諾貝 爾獎 獲得者 ]] 
3 {{ Selected  article 
10 | image     =  Stinky T of u  Fried . jpg 
5 |  size       =  200 px 
3 |  caption =  
4 |  tex t      = 
0 
119 '' '[ [臭 豆腐 ]] ' '' 是 一 項 流傳 於 全 [[ 中國 ]] 及 世界 其他 地方 的 [[ 豆腐 ]] [[ 發酵 ]] 製品 ， 但 在 各 地 的 製作 方式 、 食用 方法 均 有 相當 大 的 差異 。 臭豆 腐分 '' '臭 豆腐 干' '' 和 '' '臭 豆腐 乳' '' 两 种 ， 都 是 相當 流行 的 [[ 小吃 ]] 。 臭豆 腐乳 曾 作为 御膳 小菜 送往 宫廷 ， 受到 [[ 慈禧 太 后 | 慈禧 太 -{ 后 }- ]] 的 喜爱 ， 亲赐 名 '' '御 青方 ''' 。 臭豆腐 在 [[ 上海 ]] 、 [[ 台灣 ]] 是 頗具 代表性 的 [[ 小吃 ]] 。 
0 
0 
3 | link       =  
1 }} 
36 ''' 牟定县 ''' 是 [[ 中华 人民 共和国 ]] [[ 云南省 ]] [[ 楚雄 彝族 自治州 ]] 下属 的 一 个 县 。 面积 1646 平方公里 ， 2006年 人口 20万 人 。 县政府 驻 共和镇 。 
0 
18 目前 下辖 ： 共和镇 、 新 桥镇 、 凤屯镇 和 江坡镇 ； 蟠猫乡 、 戌街乡 和 安乐乡 。 
0 
145 牟定县 以出 产油 腐乳 而 闻名 ， 其 出产 的 腐乳 可 谓 历史 悠久 ： 话说 诸葛 武侯 南征 ， 深入 不 毛 之 地 ， 屯军 茅州 （ 今 牟定县 ） ， 皆 原始 草莽 之 地 ， 毒水 瘴气 比 比 皆 是 。 士兵 口渴 而 误饮 毒水 ， 则 即病 或 哑 。 到 如今 的 天台街 ， 见一清澈 泉水 淙淙而流 ， 便 喝 了 该 泉水 。 于是 ， 奇迹 出现 了 ： 哑兵 全 都 能 说话 了 ， 病 了 的 士兵 也 渐渐 康复 。 诸葛 亮便 士兵 造石 羊置于 此泉 ， 以 示 水质 优良 可 饮用 。 后人 称 此 泉 为 石羊井 ， 用 此 泉水 做成 的 豆腐 ， 食之鲜嫩 甜润 ， 不燥不腻 ； 发酵 后 ， 腌制 成 腐乳 ， 更 有 妙不可言 的 口味 ， 成为 食 之 佳品 。 
0 
42 该 县 曾经 在 2006年 为 防止 [[ 狂 犬 病 ]] 爆发 而 采取 了 扑杀 全 县 5万 条 狗 的 措施 ， 引起 了 在 全 中国 的 大 范围 讨论 。 参见 [[ 牟定 杀狗 事件 ]] 。 
0 
2 {{Yun Nan-stub}} 
14 {{ PR C admin／navcat| 53 ／ 23 ／ 23 ／ 101 ／ 000 }} 
4 {{ 云南 行政区 划}} 
0 
6 [[ Category : 牟定县 |  ]] 
6 [[ Category: 楚雄 县 市|县 ]] 
6 [[ Category: 云南省 县份 |楚雄 ]] 
2 {{ expert}} 
2 {{ Chembox 
5 | verified revid  =  410143008 
49 |   Reference  =  <ref  name="carl-roth" >{ {cite  web|url= http : ／ ／ www . carl-roth.de ／ j sp ／ de-de ／ s dp df ／ 3557 . PD F |title= Sicherheitsdatenblatt  des  Herstellers  Carl-Roth | format= PD F  |date=  |accessdate= 2011 - 04 - 18 } }< ／re f> 
6 |   Other Names  =  E  415 
6 |   Image File 1  =  Xanthan.svg 
7 |   Image Size 1  =  320 px 
7 |  Section1  =  {{ Chembox  I dentifiers 
7 |   CASNo  =  11138 - 66 -2 
1    }} 
6 |  Section2  =  {{ Chembox  Properties 
24 |   Formula  =  C<sub> 35 <／su b> H<sub > 49 < ／ su b> O<sub > 29 < ／ su b> （ monomer ） 
1    }} 
7 |  Section 7  =  {{ Chembox  Hazards 
5 |   R Phrases  =  - 
5 |   S Phrases  =  - 
1    }} 
1 }} 
79 '' '黃 原膠 ' '' （ {{lang-en|Xanthan gum }} ， 音译 作' '' 三 仙 膠' '' ） ， 俗稱 '' '玉 米糖 膠' '' 、 ''' 漢生 膠' '' ， 是 一 種 糖類 （ [[ 葡萄糖 ]] 、 [[ 蔗糖 ]] 、 [[ 乳糖 ]] ） 經 由 [[ 野油菜 黃單 孢菌 ]] （ [[ :en:Xanthomonas   campestris ]] ） 發酵 產生 的 複合多 醣體 。 在 美國 ， 它 通常 是 經由玉 米 澱粉 所 製造 。 
103 黄原胶 又 称 黄胶 、 汉生胶 ， 黄 单胞 多糖 ， 是 一 种 由 假黄 单胞 菌属 发酵 产生 的 单孢 多糖 ， 由 甘蓝 黑腐 病野 油菜 黄 单胞 菌 以 碳水化 合物 为 主要 原料 ， 经好 氧发酵 生物 工程 技术 ， 切断 1 ， 6-糖 苷键 ， 打开 支链 后 ， 在 按1 ， 4 -键 合成 直链 组成 的 一 种 酸 性胞 外杂 多糖 。 1952年 由 美国 农业部 伊利诺斯州 皮奥里尔 北部 研究所 分离 得到 的 甘蓝 黑 腐病 黄单 胞菌 ， 并 使 甘蓝 提取 物转化 为 水溶性 酸 性胞 外杂 多糖 而 得到 的 。 
0 
3 == 用途 == 
2 ;食品 加工 
9 用於 食品 加工時 的 增稠劑 、 乳化安 定劑 。 
0 
2 ;水產 養殖 
5 用於 飼料 的 粘合劑 。 
0 
3 ;[[ 塗料 ]] 
16 用於 水溶性 塗料 、 [[ 乳膠 漆]] 、 具有 良好 的 穩定性 、 易於 噴塗 。 
0 
3 ;鑽 井 工程 
4 懸浮 穩 定劑 。 
0 
3 == 健康 == 
2 ;過 敏原 
48 黄原胶 可能 是 各 種 來源 的 產品 ， 例如 玉米 、 小 麥 （ 麩質 ） 、 牛奶 或 豆漿 。 如果 人們 原先 對於 這些 食物 有 過敏 反應 的 話 ， 那 對於 做為 其 產品 的 黄原胶 ， 也 會 產生 過敏 反應 。 
0 
3 ; 高效 瀉藥 
20 根據 人體 實驗 ， 每 天 15 g 連續 10 天 服用 ， 腸道 會出 現腹脹症 狀與 腹瀉 反應 。 
0 
3 ==  参见  == 
24 *{ {en}} Sale  [ http : ／ ／ www . food chem . com ／ Thickeners ／ Xanthan_Gum Xanthan Gum ]  for lower price. 
0 
4 == 參考 資料 == 
5 {{r ef list |2 }} 
0 
4 == 外部 链接 == 
18 * [ http : ／ ／ www . food chem . com ／ Thickeners ／ Xanthan_Gum Xanthan Gum] 
0 
7 [[ Category : 多 糖 |H ]] 
7 [[ Category : 食品 添加剂 |H ]] 
6 [[ Category : 树 胶| H]] 
8 [[ Category : 可 食用 增稠剂 |H ]] 
19 {{unre ferenced |time= 2011 - 01 - 29 T 04 : 14 : 00 + 00 : 00 }} 
58 ''' 可 发酵 糖' '' 是 通常 在 发酵 行业 用到 的 术语 。 指 可 被 [[ 酵母 菌 ]] 利用 被 转化 为 [[ 酒精 ]] 和 其它 副产物 的 [[ 糖类 ]] 。 包括 [[ 蔗糖 ]] 、 [[ 麦芽糖 ]] 、 [[ 葡萄糖 ]] 、 [[ 果糖 ]] 和 [[ 半乳糖 ]] 等 。 
0 
0 
5 [[ Category : 糖类 ]] 
