417
6 {{ NoteT A| G1= Table  Tennis}} 
6 {{ In fo bo x  乒乓球 
14 | image  =  Mondial  Ping  -  Men's   Doubles -  Semifinal s  -  06 .jpg 
5 | imagesize  =  200 px 
5 |  caption  =   2013年 世锦赛 
4 | playername  =  周雨 
3 | fullname = 
3 | nicknames = 
5 | nationality  = {{ CHN}} 
13 |  birthdate  ={ {birt h_ date_ and _age| 1992 |5 | 19 }} 
12 |  birthplace  =  {{ CHN }} [[ 江苏省 ]] [[ 泗阳县 ]] 
3 |  residence  =  
4 | e quipment  =  
13 | playingstyle=   左 手 横 拍 两 面 反胶 弧圈 球结 合快 攻打法 
7 |  cl ub  =   八一 熔盛 重工 
63 | hrank= [[ IT TF ]] 第 13 名 （ 2014年 3月 ） <ref >[ http : ／ ／ www . it tf . com ／ it tf _ranking ／ worl d_ ranking _per_name.as p? Player_ ID = 118761 & U 18 =0 &U 21 =0& Siniors =1 &  Worl d  ranking  Record  for  Z HOU Yu  （ CHN ） ]< ／re f> 
3 |  height  =  
3 |  weight  =  
4 |  me daltemplates  = 
9 {{ Medal Sport  |  男子 [[ 乒乓球 ]] }} 
8 {{ Medal Country | {{ CHN }} }} 
9 {{ Medal Competition| [[ 世界 乒乓球 锦标赛 ]] }} 
16 {{ Me dalBronze| [[ 2013年 世界 乒乓球 锦标赛 | 2013年  巴 黎] ]| 男子 双打 }} 
1 }} 
0 
36 ''' 周雨 ''' （ {{ bd | 1992年 | 5月 19日 |}} ） ， [[ 中国 ]] 男子 [[ 乒乓球 ]] 队员 ， 左手横握 球 拍 ， 两 面 反胶 弧 圈球 结合 快攻 打法 。 
0 
4 ==  简 历  == 
93 周雨生 于 [[ 江苏省 ]] [[ 泗阳县 ]] ， 2000年 离乡 前往 [[ 河南省 ]] 打球 ， 2007年 入选 中国 国家 二队 ， 2010年 进入 国家 一队 。 2012年 ， 周雨 在 中国 全国 乒乓球 锦标赛 男单 决赛 中 战胜 [[ 方博 ]] ， 夺得 冠军 。 <ref >[ http : ／ ／ j snews.jschina . com . cn ／ system ／ 2012 ／ 10 ／ 18 ／ 014937378 .shtml  20 岁 泗阳 小将 周雨 勇夺 全 国 乒乓球 锦标赛 男单 冠军 ]. 宿迁 新闻网 . 2012 - 10 - 18 <／re f> 
0 
40 2013年 ， 周雨 和 [[ 王励勤 ]] 搭档 ， 出战 [[ 2013年 世界 乒乓球 锦标赛 | 世界 乒乓球 锦标赛 ]] 男双 比赛 ， 半决赛 负于 中华 台北 的 [[庄 智渊 ]] ／ [[ 陈建安 ]] 组合 ， 获得 季军 。 
0 
4 ==  技术 特点  == 
31 周雨 身高 手長 ， 打法 凶狠 ， 其 遠檯 反手 反拉 更 是 其 絕殺 武器 ， 唯對 比 一流 高手 如 王皓 、 許昕 ， 仍 有 改善 空間 。 
0 
3 ==  参考  == 
4 {{r ef list }} 
0 
5 ==  视 频资 料  == 
25 *[ http : ／ ／ www . tu dou . com ／ p rograms／view ／ Vc 1-d6 TAnPA ／  【 乒乓 王国】 周雨 专访 ] 
0 
4 {{ 中国 乒乓球 }} 
8 [[ Category : 中国 乒乓球 运动员 |Z ]] 
6 [[ Category : 泗阳人 |Z ]] 
7 [[ Category : 周 姓 |Y ]] 
5 {{noteT A| G1= Table  Tennis}} 
6 {{ In fo bo x  乒乓球| 
4 | playername=  饶 静文 
19 | image =  Mondial  Ping  -  Mixe d  Doubles -  Semifinal s  -  11   （ cropped ） . jpg 
2 | imagesize= 
10 |  caption  =  [ [ 2013年 世界 乒乓球 錦標賽 ]] 
3 | fullname =  
3 | nicknames  =    
2 | hrank=   
4 |  cl ub  =    
5 | nationality   =  {{ CHN}} 
10 | playingstyle  =  右手 横板 快 攻结 合弧 圈球 打法 
14 |  birthdate  =  {{ birt h  date  and  age| 1985 | 3| 26 }} 
12 |  birthplace  =  {{ CHN }} [[ 湖北省 ]] [[ 武汉 ]] 
3 |  height  =  
3 |  weight = 
3 |  deathdate  =  
3 |  deathplace  = 
3 |  me daltemplates= 
9 {{ Medal Sport  |  女子 [[ 乒乓球 ]] }} 
8 {{ Medal Country | {{ CHN }} }} 
9 {{ Medal Competition| [[ 世界 乒乓球 锦标赛 ]] }} 
16 {{ Me dalBronze| [[ 2013年 世界 乒乓球 锦标赛 | 2013年  巴 黎] ]| 混合 双打 }} 
1 }} 
0 
44 '' '饶 静文 ''' （ {{ bd | 1985年 | 3月 26日 |}} ） ， [[ 中国 ]] 女子 [[ 乒乓球 ]] 运动员 ， 籍贯 [[ 湖北 ]] [[ 武汉 ]] ， 右手 横板 快 攻结 合弧 圈球 打法 ， 正手 反胶 反手生胶 。 
0 
4 ==  生 涯  == 
117 2003年 ， 饶静文 获得 全 国 城市 运动会 女单 和 女 双 两 项 冠军 。 [[ 2007年 夏季 世界 大学生 运动会 ]] ， 饶静文 夺得 女单 、 女 双 、 女团 和 混双 四 项 冠军 ， 成为 本 届 赛事 的 乒乓球 “ 大满贯 ” 选手 ， 其后 又 在 [[ 2011年 夏季 世界 大学生 运动会 ]] 上 再次 夺得 四 项 冠军 。 <ref >[ http : ／ ／ sports.sina . com . cn ／ o ／ 2011 - 08 - 22 ／ 09495713560 .shtml 饶 静文 第二 次 成就 全 满 贯 赛 后 直呼 没 想到 再 拿 4金 ] . 湖北 日报 .   2011 - 08 - 22 < ／re f> 
0 
90 2013年 ， 饶静文 首 次 出战 [[ 世界 乒乓球 锦标赛 ]] ， 她 和 [[ 王励勤 ]] 出战 混合 双打 项目 ， 于 半决赛 2:4 不 敌[ [ 韩国 ]] 组合 [[ 李相秀 ]] ／ [ [朴 英淑 ]] ， 获得 季军 。 <ref >[ http : ／ ／ news. 21 cn . com ／ caiji／roll1 ／ a ／ 2013 ／ 0519 ／ 14 ／ 21734279 .shtml  中国 混双 ， 36 年 来 首 次 无缘 决赛 ] . 羊城 晚报 . 2013 - 05 - 19 < ／re f> 
0 
47 2014年 ， 饶静文 从 国家队 退役 。 <ref >[ http : ／ ／ sports . qq . com ／ a ／ 20140226 ／ 002550 .ht m  国乒 挥别 马王 时代  非 世界 冠军 饶静文 获 贡献 奖 ]. 新京 报. 2014 - 02 - 26 <／re f> 
0 
3 ==  参考  == 
4 {{r ef list }} 
0 
5 {{ commonscat| Rao  Jing wen}} 
0 
4 {{ 中国 乒乓球 }} 
9 [[ Category : 中国 退役 乒乓球 运动员 |R ]] 
6 [[ Category : 武汉人 |R ]] 
7 [[ Category : 饶 姓 |J ]] 
59 ''' 弧圈 球' '' ， 為 一 項 [[ 乒乓球 ]] 攻防 技术 ， 有时 又 稱作 '' '拉 球' '' （ 但 不同于 “ 抽球 ” ， “ 抽球 ” 一般 指 不 依赖 旋转 的 快攻 ） ， 为 借 以球 与 球拍 胶面 摩擦 ， 致球 向前 方向 高速 旋转 ， 即 [[ 上旋 ]] 。 
0 
85 该 技术 借助 所谓 [[ 马格努斯 效应 ]] 。 在 球 高速 旋转 的 过程 中 ， 结合 乒乓球 的 前进 ， 使得 相对于 乒乓球 的 迎面 气流 在 乒乓球 的 上下 两 侧 产生 不同 的 压强 （ [ [伯 努利 定律 ]] ， 请 注意 流动 定常 条件 使得 必须 选取 乒乓球 自身 为 参照 系 ） ， 而 下侧 压强 更 小 ， 因此 球会 以 异于 抛物线 的 形态 下落 ， 类似于 足球 中 的 ''' 香蕉 球' '' 等 。 
0 
78 这 使 乒乓球 能够 以 高 速度 越过 球网 后 迅速 下沉 到达 对方 桌面 。 而且 ， 由于 弧圈 球 本身 的 高速 旋转 ， 对方 在 接球 的 时候 容易 使 接球 过 高 ， 从而 给予 施弧 圈球 选手 的 进攻 机会 。 所以 ， 弧圈 球 在 世界 上 的 使用 是 非常 流行 的 ， 也 可以 说 ， 乒乓球 至 有 了 弧 圈球 的 出现 后 变 得 更 精彩 。 
5 [[ category : 乒乓球 ]] 
4 {{ Featurepic ／ format 
14 |  Image  =  Mondial  Ping  -  Men's   Doubles -  Semifinal s  -  34 .jpg 
4 |  Legend  =  马琳 
137 |  Content  =  '' '[ [馬 琳] ]' '' ， 籍貫 [[ 瀋陽 ]] ， [[ 中國 ]] 男子 [[ 乒乓球 ]]運 動員 ， 是 乒乓球 历史 上 拥有 单打 世界 冠军 头衔 最 多 的 选手 （ 4 个 世界杯 冠军 和 1 个 奥运会 冠军 ） ， 但 遗憾 的 是 职业 生涯 未 能 获得 一 块 [[ 世界 乒乓球 锦标赛 |世 锦赛 ]] 的 单打 冠军 ， 与 乒乓球 [[ 大滿 貫  （ 運動 ） # 囊括 世界 錦標賽 、 世界盃 和 奧運 會冠 軍| 大 滿貫 ]] 失之交臂 。 馬琳 是 持 中國式 直拍 ， 正 反手 兩面 反膠 弧圈 結合 快攻 。 图 为 马琳 参加 2013年 巴黎 世界 乒乓球 锦标赛 男子 双打 半决赛 。 [[ 郝帅 ]] - 马琳 对 阵[ [岸 川圣 也 ]] -[ [水 谷隼 ]] 。 
1 }} 
5 {{noteT A| G1= Table  Tennis}} 
6 {{ In fo bo x  乒乓球| 
3 | playername=   木子 
2 | image=  
2 | imagesize= 
3 |  caption  =    
3 | fullname =  
3 | nicknames  =    
68 | hrank =  第 58 名 （ 2009年 6月 ） <ref >[ http : ／ ／ www . it tf . com ／ it tf _ranking ／ worl d_ ranking _per_name.as p? Form Name= Search& FormAction=search &s _v Name=Mu +Z i& s_ Gender= W& Siniors =1& U 18 =& U 21 =& U 15 =  Worl d  ranking  Record  for  MU  Zi  （ CHN ） ]< ／re f> 
37 |  cl ub  =    '' ' 八一 工商 银行 ''' （ 2005 - 2008 ） <b r> '' 八一 长安 医院 '' （ 2009 ） <b r> '' 八一 冀 中 能源 '' （ 2010 至今 ） 
5 | nationality   =  {{ CHN}} 
9 | playingstyle  =  右手 横板 反手生胶 弧圈 结合 快攻 
36 |  birthdate  =  {{ birth_year_ and _age| 1989 }} <ref >[ http : ／ ／ sports.sina . com . cn ／ star ／ m u_ zi ／  sina 乒乓球  -  木子  -  简历 ]< ／re f> 
12 |  birthplace  =  {{ CHN }} [[ 辽宁省 ]] [[ 撫順市 ]] 
3 |  height  =  
3 |  weight  =  
3 |  deathdate  =  
3 |  deathplace  = 
3 |  me daltemplates= 
9 {{ Medal Sport  |  女子 [[ 乒乓球 ]] }} 
8 {{ Medal Country | {{ CHN }} }} 
9 {{ Medal Competition| [[ 世界 乒乓球 锦标赛 ]] }} 
16 {{ Medal Silver| [[ 2009年 世界 乒乓球 锦标赛 | 2009年  横 滨] ]| 混合 双打 }} 
16 {{ Medal Silver| [[ 2011年 世界 乒乓球 锦标赛 | 2011年  鹿 特丹 ]]| 混合 双打 }} 
1 }} 
0 
35 '' '木 子' '' （ {{ bd | 1989年 || }} ） ， 遼寧 [[ 撫順 ]]人 ， [[ 中国 ]] 女子 [[ 乒乓球 ]] 运动员 ， 右手 横板 反手生胶 弧圈 结合 快攻 打法 。 
0 
4 ==  生 涯  == 
18 木子 从 小 放弃 学业 到 [[ 北京 ]] 练习 乒乓球 ， 后 加入 八一 女子 乒乓球队 。 
0 
88 木子 双打 能力 比较 出色 ， 曾 于 [[ 2009年 世界 乒乓球 锦标赛 | 2009年 ]] 和 [[ 2011年 世界 乒乓球 锦标赛 | 2011年 ] ] 两 届 世界 乒乓球 锦标赛 上 ， 分别 与 [[ 张继科 ]] 和 [[ 郝帅 ]] 搭档 ， 打进 混合 双打 决赛 ， 但 都 惜 败于 队友 屈居 亚军 。 木子 还 曾 与 [[ 冯亚兰 ]] 搭档 出战 [[ 2011年 世界 乒乓球 锦标赛 | 2011年 世乒赛 ]] 女 双 比赛 ， 打进 了 本 届 比赛 的 八 强 。 
0 
116 2013年 第十二 届 [[ 中华 人民 共和国 全 国 运动会 | 全 国 运动会 ]] 上 ， 木子 与 [[ 曹臻 ]] 搭档 ， 代表 解放 军队 夺得 乒乓球 女子 双打 冠军 。 同 年 的 [[ 2013年 中国 乒乓球 超级 联赛 |乒 超联赛 ]] 的 女团 决赛 上 ， 木子 两 回合 出场 三 次 保持 全胜 ， 出乎意料 地 连续 击败 山东 鲁能队 的 主力 队员 [[ 李晓霞 ]] 和 [[ 陈梦 ]] ， 帮助 八一 女队 历史 上 首 度 问 鼎乒 超联赛 女团 冠军 。 <ref >[ http : ／ ／ v . youku.com ／ v_show ／ id _X Nj Qy NT I3 Njg0.html 【 乒乓 王国 】木子 专访 ]< ／re f> 
0 
3 ==  参考  == 
4 {{r ef list }} 
0 
4 {{ 中国 乒乓球 }} 
0 
7 {{ DE FAULT SORT: Mù zǐ }} 
7 [[ Category : 中国 乒乓球 运动员 ]] 
5 [[ Category : 撫順人 ]] 
7 [[ Category : 木 姓 |Z ]] 
5 {{noteT A| G1= Table  Tennis}} 
6 {{ In fo bo x  乒乓球| 
3 | playername=  张超 
2 | image=  
5 | imagesize = 250 px 
3 |  caption  =    
3 | fullname =  
3 | nicknames  =    
63 | hrank=    [[ IT TF ]] 第 39 名 （ 2009年 6月 ） <ref >[ http : ／ ／ www . it tf . com ／ it tf _ranking ／ worl d_ ranking _per_name.as p? Player_ ID = 110546 & U 18 =0 &U 21 =0& Siniors =1 &  Worl d  ranking  Record  for  Z HANG  Chao  （ CHN ）  ] <／re f> 
4 |  cl ub  =    
5 | nationality   =  {{ CHN}} 
9 | playingstyle  =  右手 横板 弧圈 结合 快 攻  
40 |  birthdate  =  {{ birt h  date  and  age| 1985 | 1|7 }} <ref >[ http : ／ ／ sports.sina . com . cn ／ star ／ zhang_chao _p ／  体育 之 星 ： 张超] . 新浪 体育 <／re f> 
12 |  birthplace  =  {{ CHN }} [[ 辽宁 ]] [[ 鞍山 ]] 
3 |  height  =  
3 |  weight  =  
3 |  deathdate  =  
3 |  deathplace  = 
3 |  me daltemplates= 
9 {{ Medal Sport  |  男子 [[ 乒乓球 ]] }} 
8 {{ Medal Country | {{ CHN }} }} 
9 {{ Medal Competition| [[ 世界 乒乓球 锦标赛 ]] }} 
16 {{ Me dalBronze| [[ 2009年 世界 乒乓球 锦标赛 | 2009年  横 滨] ]| 混合 双打 }} 
17 {{ Medal Gold |[ [ 2011年 世界 乒乓球 锦标赛 | 2011年  鹿 特丹 ]]| 混合 双打 }} 
1 }} 
0 
42 '' '张 超' '' （ {{ bd | 1985年 | 1月 7日 |}} ） ， [[ 中国 ]] [[ 乒乓球 ]] 运动员 ， 生 于 [[ 辽宁 ]] [[ 鞍山市 ]] ， 右手 横握 球 拍 ， 弧圈 结合 快攻型 打法 。 
0 
4 ==  生 涯  == 
194 张超6 岁 开始 打球 ， 8岁 前往 广东 发展 ， 2000年 8月 进入 中国 国家 青年队 ， 之后 上 调到 国家队 ， 曾 与 [[ 王皓 ]] 、 [[ 陈玘 ]] 、 [[ 郝帅 ]] 、 [[ 单明杰 ]] 和 [[ 邱贻 可 ]] 合称 国乒 “ 六 小 龙 ” ， 此后 长期 在 国家队 担任 陪练 队员 。 [[ 2009年 世界 乒乓球 锦标赛 | 2009年 横滨 世乒赛 ]] ， 张超 以 黑马 姿态 取得 男子 单打 比赛 的 参赛 资格 ， 但 在 32 强战 中 负于 [[ 韩国 ]] 的 [[ 金廷勋 ]] ， 而 混双 比赛 则 和 [[ 姚彦 ]] 合作 ， 获得 季军 。 [[ 2011年 世界 乒乓球 锦标赛 | 2011年 鹿特丹 世乒赛 ]] ， 张超 与 [[ 曹臻 ]] 合作 ， 于 混双 决赛 击败 [[ 郝帅 ]] ／ [[ 木子 　 （ 乒乓球 运动员 ） | 木子 ]] ， 首 获 世界 冠军 。 <ref >[ http : ／ ／ news . 163 . com ／ 11 ／ 0514 ／ 03 ／ 7401 S 9G P 00014 A ED.html  混双 张 超／ 曹臻夺 冠] . 宁波 日报 . 2011 - 05 - 14 < ／re f> 
0 
65 2013年 末 ， 张超 从 国家队 退役 ， 但 仍 将 征战 [[ 中国 乒乓球 超级 联赛 |乒 超联赛 ]] 。 <ref >[ http : ／ ／ sz . sohu . com ／ 20131210 ／ n 391577574 .shtml 鞍山 张超 ： 打好 乒超 ， 退役 后 向 教练 转型 ] . 北国网 - 辽沈 晚报 鞍山版 . 2013 - 12 - 10 < ／re f> 
0 
4 ==  视 频  == 
28 *[ http : ／ ／ s. sohu . com ／ 20100919 ／n 275106783 . shtml 【 乒乓 王国】 解析 前 国乒 六 小 龙 张超 的 酸甜苦辣 ] 
27 *[ http : ／ ／ v . qq . com ／ v id eo／play . html?vid= 8BVE Dn 54 nlW  【 乒乓 王国 】张 超专 访 ] 
26 *[ http : ／ ／ www . tu dou . com ／ p rograms／view ／ 8Q cT 7D d vhE0  【 乒乓 王国】 退役 国手 特辑] 
0 
4 ==  注 释  == 
4 {{r ef list }} 
0 
8 {{ 世界 乒乓球 锦标赛 混合 双打 冠军 }} 
4 {{ 中国 乒乓球 }} 
0 
8 [[ Category : 中国 乒乓球 运动员 |Z ]] 
6 [[ Category : 鞍山人 |Z ]] 
6 [[ Category: 张 姓 |C ]] 
5 {{noteT A| G1= Table  Tennis}} 
6 {{ In fo bo x  乒乓球| 
4 | playername=  曹 燕华 
2 | image= 
2 | imagesize= 
3 |  caption = 
3 | fullname =  
3 | education =  
5 | nationality   =  {{ CHN}} 
8 | playingstyle  =  直板 快 攻结 合弧 圈球 
14 |  birthdate  =  {{ birt h  date  and  age| 1962 | 12 | 1}} 
9 |  birthplace  =  {{ CHN }} [[ 上海市 ]] 
4 |  death_ date   = 
3 |  death_place  = 
3 |  height = 
3 |  weight = 
3 |  me daltemplates= 
9 {{ Medal Sport  |  女子 [[ 乒乓球 ]] }} 
8 {{ Medal Country   |  {{ CHN} }  }} 
10 {{ Medal Competition |  [[ 世界 乒乓球 锦标赛 ]] }} 
17 {{ Medal Gold |  [[ 1979年 世界 乒乓球 锦标赛 | 1979   平壤 ]]  |   女子 团体 }} 
18 {{ Medal Gold |  [[ 1981年 世界 乒乓球 锦标赛 | 1981  诺 威萨 ]]  |   女子 团体 }} 
18 {{ Medal Gold |  [[ 1981年 世界 乒乓球 锦标赛 | 1981  诺 威萨 ]]  |   女子 双打 }} 
17 {{ Medal Silver|  [[ 1981年 世界 乒乓球 锦标赛 | 1981  诺 威萨 ]]  |   女子 单打 }} 
17 {{ Medal Gold |  [[ 1983年 世界 乒乓球 锦标赛 | 1983   东京 ]]  |   女子 团体 }} 
18 {{ Me dalBron ze |  [[ 1983年 世界 乒乓球 锦标赛 | 1983   东京 ]]  |  混合 双打 }} 
18 {{ Me dalBron ze |  [[ 1983年 世界 乒乓球 锦标赛 | 1983   东京 ]]  |   女子 双打 }} 
17 {{ Medal Gold |  [[ 1983年 世界 乒乓球 锦标赛 | 1983   东京 ]]  |   女子 单打 }} 
17 {{ Medal Gold |  [[ 1985年 世界 乒乓球 锦标赛 | 1985  哥德堡 ]]    |  混合 双打 }} 
16 {{ Medal Silver|  [[ 1985年 世界 乒乓球 锦标赛 | 1985  哥德堡 ]]    |  女子 双打 }} 
17 {{ Medal Gold |  [[ 1985年 世界 乒乓球 锦标赛 | 1985  哥德堡 ]]    |  女子 单打 }} 
10 {{ Medal Competition |  [[ 亞洲 乒乓球 錦標賽 ]] }} 
11 {{ Medal Gold |  1978   吉隆 坡  |  女子 单打 }} 
10 {{ Me dalBronze|   1978   吉隆 坡  |  女子 双打 }} 
11 {{ Medal Gold |  1978   吉隆 坡  |  女子 团体 }} 
10 {{ Medal Gold |  1982   雅加达  |   女子 单打 }} 
10 {{ Medal Gold |  1982   雅加达  |   女子 双打 }} 
9 {{ Me dalBronze|   1982   雅加达  |  混合 双打 }} 
10 {{ Medal Gold |  1982   雅加达  |   女子 团体 }} 
1 |}} 
0 
66 '' '曹 燕华' '' （ {{ bd | 1962年 | 12月 1日 || |cat Id x=C 曹}} ） ， [[ 中华 人民 共和国 | 中国 ]] 著名 女子 [[ 乒乓球 ]] 运动员 ， [[ 上海 ]]人 。 <ref >[ http : ／ ／ www . it tf . com ／ it tf _s tats ／ All _events3.as p? ID = 1035  ITT F  Database] <／re f> 
0 
4 ==  生 涯  == 
102 曹燕 华5 岁起 练习 乒乓球 ， 1977年 进入 国家队 ， 其 主管 教练 为 前 国手 [[ 周兰荪 ]] 。 1979年 ， 曹燕华 首 次 参加 [[ 世乒赛 ]] ， 与 队友 合力 夺得 女团 冠军 。 两 年 后 的 [[ 1981年 世界 乒乓球 锦标赛 |诺 维萨德 世乒赛 ]] ， 单打 能力 得到 长足 进步 的 曹燕华 已 成为 国家队 的 重要 一员 ， 她 首先 与 队友 再夺 女团 冠军 ， 其后 又 打进 了 女单 决赛 ， 但 负于 队友 [[ 童玲 ]] 。 同时 ， 曹燕华 还 与 [[ 张德英 ]] 合作 ， 夺得 女 双 冠军 。 
0 
92 1983年 是 曹燕华 确立 其 核心 地位 的 一 年 ， 她 在 [[ 1983年 世界 乒乓球 锦标赛 | 东京 世乒赛 ]] 再次 打进 女单 决赛 ， 并 战胜 了 [[ 韩国 ]] 选手 [[ 梁 英子 ]] ， 首夺 女单 冠军 。 [[ 1985年 世界 乒乓球 锦标赛 | 1985年 哥德堡 世乒赛 ]] ， 曹燕华 蝉联 女单 冠军 ， 并 与 [[ 蔡振华 ]] 合作 ， 夺得 混双 冠军 ， 实现 了 世乒赛 的 “ 大满贯 ” 。 同 年 ， 曹燕华 选择 急流勇退 ， 结束 了 辉煌 的 职业 生涯 。 
0 
6 ==  退役 后 生活  = = 
109 曹燕华 于 1986年 赴 日本 留学 ， 同 年 与 前国 手[ [施 之 皓 ]] 结婚 ， 夫妻 两 人 在 新婚 后 的 第二 年 前往 德国 打球 ， 其后 在 当地 居住 了 9年 ， 并 育有 一子 。 1996年 ， 两 人 回到 [[ 上海 ]] 发展 。 数 年 后 ， 两 人 离异 。 <ref >[ http : ／ ／ sports . 163 . com ／ 06 ／ 0413 ／ 10 ／ 2EJ 4985 C 00051 L 23 .html  施 之 皓 与 “ 旧 爱 ” 曹燕华   昔日 爱侣 今日 朋友 ]   华 商晨 报. 2006 - 04 - 13 <／re f> 
0 
36 曹燕 华现 主力 从商 ， 并 积极 开展 推动 乒乓球 运动 发展 的 工作 ， 创办 了 [[ 曹燕华 乒乓球 培训 学校 ]] ， 并 培养 了 [[ 许昕 ]] 等 新 一 代 国手 。 
0 
4 ==  技术 特点  == 
23 曹燕华 的 打法 为 直板 快 攻结 合弧 圈球 ， 速度 快 ， 落点 好 ， 拉球 旋转性 强 ， 善于 变化 。 
0 
4 == 参考 资料 == 
4 {{r ef list }} 
0 
5 ==  视 频资 料  == 
21 *[ http : ／ ／ space.tv.cc tv . com ／ video ／ VI DE 1208273774823474   【 我 的 奥林匹克 】曹 燕华] 
32 *[ http : ／ ／ www . tu dou . com ／ p rograms／view ／ w0nj R4 Dd QaY  【 档案 】 见证 乒乓 ： 第三 季 - 去 留 之间 ] 
0 
8 {{ 世界 乒乓球 锦标赛 女子 单打 冠军 }} 
8 {{ 世界 乒乓球 锦标赛 女子 双打 冠军 }} 
8 {{ 世界 乒乓球 锦标赛 混合 双打 冠军 }} 
4 {{ 中国 乒乓球 }} 
0 
9 [[ Category : 中国 退役 乒乓球 运动员 |C ]] 
6 [[ Category : 上海人 |C ]] 
7 [[ Category : 曹 姓 |Y ]] 
5 {{noteT A| G1= Table  Tennis}} 
6 {{ In fo bo x  乒乓球| 
4 | playername =  李平 
2 | image=  
5 | imagesize = 250 px 
3 |  caption  =    
3 | fullname =  
3 | nicknames  =    
59 | hrank =  第 34 名 （ 2007年 11月 ） <ref >[ http : ／ ／ www . it tf . com ／ it tf _ranking ／ worl d_ ranking _per_name.as p? Player_I D= 105339 & U 18 =0 &U 21 =0& Siniors =1 &  Worl d  ranking  Record  for  L I  Ping   （ CHN ） ]< ／re f> 
4 |  cl ub  =    
5 | nationality   =  {{ CHN}} 
12 | playingstyle  =  右 手 横 拍 两 面 反胶 弧圈 打法 
33 |  birthdate  =  {{ birth_year_ and _age| 1986 }} <ref >[ http : ／ ／ sports.sina . com . cn ／ star／li_ping ／   体育 之 星 ： 李平] . 新浪 体育 <／re f> 
9 |  birthplace  =  {{ CHN} }[ [ 天津 ]] 
3 |  height  =  
3 |  weight  =  
3 |  deathdate  =  
3 |  deathplace  = 
3 |  me daltemplates= 
9 {{ Medal Sport  |  男子 [[ 乒乓球 ]] }} 
8 {{ Medal Country | {{ CHN }} }} 
9 {{ Medal Competition| [[ 世界 乒乓球 锦标赛 ]] }} 
17 {{ Medal Gold |[ [ 2009年 世界 乒乓球 锦标赛 | 2009年  横 滨] ]| 混合 双打 }} 
1 }} 
0 
169 '' '李 平' '' （ 1986年 － ） ， [[ 中国 ]] [[ 乒乓球 ]] 运动员 ， [[ 天津 ]]人 ， 右手 横握 球 拍 ， 两 面 反胶 弧圈 打法 。 早年 在 河北区 业余 体校 练习 乒乓球 ， 1997年 进入 天津队 ， 后 进入 国家队 ， 身份 多为 陪练 队员 。 [[ 2009年 世界 乒乓球 锦标赛 | 2009年 横滨 世乒赛 ]] ， 李平 与 [[ 曹臻 ]] 合作 ， 获得 混合 双打 冠军 。 <ref >[ http : ／ ／ sports.sina . com . cn ／ o ／ 2009 - 05 - 04 ／ 10334360885 .shtml  混双 新 组合 意外 夺冠   曹臻 “ 埋怨 ” 李 平忘 了 拥抱 ]. 体坛 周报 . 2009 - 05 - 04 < ／re f> 2014年 ， 李平 从 国家队 退役 。 <ref >[ http : ／ ／ military . p eople.com . cn ／ n ／ 2014 ／ 0228 ／ c 172467 - 24488136 .html  乒坛 老将 告别 国家队 ]. 解放军 报. 2014 - 02 - 28 < ／re f> 
0 
4 ==  视 频  == 
32 *[ http : ／ ／ www . tu dou . com ／ p rograms／view ／ j C2X u_ Ctd ZM ／  【 乒乓 王国】 李平 、 曹臻 专访 （ 上 ） ] 
30 *[ http : ／ ／ www . tu dou . com ／ p rograms／view ／ 3 Jl P7a4sU6w ／  【 乒乓 王国】 李平 、 曹臻 专访 （ 下 ） ] 
24 *[ http : ／ ／ my . tv . sohu . com ／ u ／ vw ／ 14883948  【 乒乓 王国】 李平 专访 ] 
0 
4 ==  注 释  == 
4 {{r ef list }} 
0 
8 {{ 世界 乒乓球 锦标赛 混合 双打 冠军 }} 
4 {{ 中国 乒乓球 }} 
0 
8 [[ Category : 中国 乒乓球 运动员 |L ]] 
7 [[ Category : 天津籍 运动员 |L ]] 
6 [[ Category: 李 姓 |P ]] 
5 {{noteT A| G1= Table  Tennis}} 
4 {{ Medal Table Top}} 
9 {{ Medal Sport  |  男子 [[ 乒乓球 ]] }} 
8 {{ Medal Country   |  {{ CHN} }  }} 
10 {{ Medal Competition |[ [奧 林匹克 運 動會 ]] }} 
57 {{ Medal Gold  |  [ [ 1992年 夏季 奧林匹克 運動 會| 1992年  巴 塞隆 拿] ]  |  [[ 1992年 夏季 奧林匹克 運動 會乒 乓球 比賽 |  男子 雙打 ]] }} <ref >[ http : ／ ／ v . youku.com ／ v_show ／ id _XNT I1OT Iz NT Y= . html   1992年 奥运会 男双 决赛 ]< ／re f> 
57 {{ Medal Silver |  [ [ 1996年 夏季 奧林匹克 運動 會| 1996年  亞 特蘭 大] ]  |  [[ 1996年 夏季 奧林匹克 運動 會乒 乓球 比賽 |  男子 單打 ]] }} <ref >[ http : ／ ／ v . youku.com ／ v_show ／ id _XMT Y4 Mj Yw Nj A= _rss.html   1996年 奥运会 男单 决赛 ]< ／re f> 
54 {{ Medal Silver |  [ [ 1996年 夏季 奧林匹克 運動 會| 1996年  亞 特蘭 大] ]  |  [[ 1996年 夏季 奧林匹克 運動 會乒 乓球 比賽 |  男子 雙打 ]] }} <ref >[ http : ／ ／ v . youku.com ／ v_show ／ id _XNT I1OTk0 Nj A=.html   1996年 奥运会 男双 决赛 ]< ／re f> 
9 {{ Medal Competition| [[ 世界 乒乓球 錦標賽 ]] }} 
18 {{ Medal Gold |  [[ 1991年 世界 乒乓球 錦標 賽| 1991年  千 葉] ]  |  混合 雙打 }} 
17 {{ Medal Silver|  [[ 1991年 世界 乒乓球 錦標 賽| 1991年  千 葉] ]  |  男子 雙打 }} 
18 {{ Medal Gold |  [[ 1993年 世界 乒乓球 錦標 賽| 1993年  哥德 堡] ]  |  男子 雙打 }} 
18 {{ Medal Gold |  [[ 1993年 世界 乒乓球 錦標 賽| 1993年  哥德 堡] ]  |  混合 雙打 }} 
17 {{ Medal Silver|  [[ 1993年 世界 乒乓球 錦標 賽| 1993年  哥德 堡] ]  |  男子 團體 }} 
17 {{ Medal Gold |  [[ 1995年 世界 乒乓球 錦標 賽| 1995年   天津 ]]  |   男子 雙打 }} 
18 {{ Medal Gold |  [[ 1995年 世界 乒乓球 錦標 賽| 1995年  天 津] ]  |  混合 雙打 }} 
17 {{ Medal Gold |  [[ 1995年 世界 乒乓球 錦標 賽| 1995年   天津 ]]  |   男子 團體 }} 
18 {{ Me dalBron ze |  [[ 1995年 世界 乒乓球 錦標 賽| 1995年   天津 ]]  |   男子 單打 }} 
18 {{ Medal Gold |  [[ 1997年 世界 乒乓球 錦標 賽| 1997年   曼切斯 特] ]  |  男子 團體 }} 
9 {{ Medal Competition |  [[ 乒乓球 世界 盃] ]}} 
11 {{ Medal Gold | 1991年  巴 塞隆 拿|   男子 團體 }} 
10 {{ Medal Silver | 1993年   廣州 |  男子 單打 }} 
3 {{ Medal Bottom}} 
0 
88 '' '王 涛' '' （ {{ bd | 1967年 | 12月 13日 |cat Id x= Wang Tao }} ） ， [[ 北京 ]]人 ， [[ 中國 ]] 著名 [[ 乒乓球 ]] 运动员 ， 现任 [[ 中國 人民 解放 軍| 八一 ]] 乒乓球队 总教练 <r ef >[ http : ／ ／ space.tv.cc tv . com ／ video ／ VI DE 1208273774545410   我 的 奥林匹克 — 王涛] <／re f> ， 2002年 晋升 为 少将 。 从 1994年 起 连续 三 年 获得 [[ 中国 十 佳 运动员 ]] 荣誉 。 
0 
4 ==  技术 特点  == 
108 王涛 使用 左手横握 拍 快攻打法 ， 整体 技术 以 近台 为主 ， 正 手 快 攻 结合 弧圈 球动 作小 ， 能 和 反手 的 生胶 近 台 发力 结合 起来 ， 防守 也 多 以 快 带弧 圈球 为主 ， 坚持 不 退台 ， 借 对方 弧圈球 的 力量 和 旋转 来 实现 反攻 。 同时 王涛 战术 上 善于 随机 应变 ， 尤其 擅长 克制 韩国 球员 ， 唯一 的 失手 是 95 年 天津 世乒赛 的 四分之一 决赛 中 因 带伤 而 负于 金泽洙 （ 金泽洙 因 临时 借用 刘南奎 的 胶水 ， 赛 后 检验 出 有毒 成分 而 被 取消 资格 ） 。 
0 
4 ==  简 历  == 
26 王涛 从 3岁起 ， 在 父亲 的 引导 下 开始 学打 乒乓球 ， 1980年 被 招入 中国 人民 解放 军队 ， 1988年 11月 入选 国家队 。 
0 
115 王涛 是 中国 男子 乒乓球队 处于 历史 最 低谷 时期 的 主力 队员 ， 是 单打 实力 仅 次于 马文革 的 选手 。 其 球员 生涯 的 辉煌 战绩 多 集中 于 双打 赛场 ， 他 与 [[ 吕林]] 的 男双 组合 曾 连续 在 三 届 世乒赛 中 打入 决赛 ， 并 两 次 获得 冠军 。 同时 ， 王涛 ／ [[ 吕林 ]] 组合 也 是 [[ 1992年 巴塞罗那 奥运会 ]] 男双 比赛 的 冠军 及 [[ 1996年 亚特兰大 奥运会 ]] 的 亚军 。 另外 ， 王涛 与 [[ 刘伟　 （ 乒乓球 运动员 ） | 刘伟 ]] 的 混双 搭档 ， 曾 连续 夺得 三 届 [[ 世乒赛 ]] 的 混双 冠军 。 
0 
66 王涛 球员 生涯 的 唯一 遗憾 来自于 男单 赛场 。 直 到 退役 ， 他 从未 获得 男单 世界 冠军 头衔 。 [[ 1996年 亚特兰大 奥运会 ]] ， 王涛 曾 与 队友 [[ 刘国梁 ]] 会师 男单 决赛 ， 但 由于 过度 紧张 ， 以 总比 分2 : 3 惜败 ， 错失 了 夺得 男单 冠军 的 最佳 机会 。 2002年 ， 王涛 正式 退役 。 
0 
29 退役 之后 ， 王涛 就 读于 [[ 西安 体育 学院 ]] ， 也 曾 客串 担任 大型 晚会 主持 及 演出 电影 作品 ， 后 执教 八一 乒乓球队 。 
0 
4 ==  职业 生涯  == 
9 == =  [[ 世界 乒乓球 锦标赛 ]]  = == 
9 *  第 41 届   混双 冠军 、 男双 亚军 
9 *  第 42 届   混双 冠军 、 男双 冠军 
12 *  第 43 届  男团 冠军 、 男双 冠军 、 混双 冠军 
0 
5 == =  世界杯  = == 
7 *  第 12 届  团 体赛 冠军 
6 *  第 13 届   男单 亚军 
0 
5 == =  奥运会  = == 
16 *  [[ 1992年 夏季 奥林匹克 运动会 ]]   男 双 （ 与 [[ 呂林 ]] ） 冠军 
15 *  [[ 1996年 夏季 奥林匹克 运动会 ]]   男单 、 男双 （ 与 呂林 ） 亚军 
0 
4 ==  注 释  == 
4 {{r ef list }} 
0 
5 ==  外 部链 接  == 
15 *[ http : ／ ／ wangtao.sports . cn ／   王涛 全球 个人 官方 网站 ] 
0 
8 {{ 奥林匹克 运动会 乒乓球 男子 双打 冠军 }} 
8 {{ 世界 乒乓球 锦标赛 男子 双打 冠军 }} 
8 {{ 世界 乒乓球 锦标赛 混合 双打 冠军 }} 
4 {{ 中国 乒乓球 }} 
7 {{ DE FAULT SORT: Wang Tao }} 
5 [[ Category : 北京人 ]] 
8 [[ Category : 中国 退役 乒乓球 运动员 ]] 
9 [[ Category : 中国 奥林匹克 运动会 金牌 得主 ]] 
8 [[ Category : 王 姓 |T ao ]] 
9 [[ Category : 中国 奥林匹克 运动会 银牌 得主 ]] 
9 [[ Category : 中国 人民 解放军 少 将 ]] 
7 [[ Category : 中国 乒乓球 教练 ]] 
9 [[ Category : 1992年 奧林匹克運 動會 獎牌 得主 ]] 
9 [[ Category : 1996年 奧林匹克運 動會 獎牌 得主 ]] 
5 {{noteT A| G1= Table  Tennis}} 
6 {{ In fo bo x  乒乓球| 
4 | playername =  文佳 
2 | image=  
2 | imagesize= 
3 |  caption  =    
3 | fullname =  
3 | nicknames  =    
62 | hrank =  [[ IT TF ]] 第 19 名 （ 2012年 2月 ） <ref >[ http : ／ ／ it tf . com ／ it tf _ranking ／ worl d_ ranking _per_name.as p? Player_ ID = 110074 & U 18 =0 &U 21 =0& Siniors =1 &  Worl d  ranking  Record  for  WE N  Jia  （ CHN ）  ] <／re f> 
50 |  cl ub  =  ' '' 八一 工商 银行 ''' （ 2007 - 2008 ） <b r> '' 八一 长安 医院 '' （ 2009 ） <b r> '' '辽 宁鞍 山城 投房 产' '' （ 2010 ） <b r> '' 大连 新 衡业 · 上方 '' （ 2011 至今 ） 
5 | nationality   =  {{ CHN}} 
8 | playingstyle  =  左手横板 弧圈 结合 快攻 打法 
9 |  birthdate  =  {{ birth_year_ and _age| 1989 }} 
12 |  birthplace  =  {{ CHN }} [[ 辽宁 ]] [[ 丹东 ]] 
3 |  height  =  
3 |  weight  =  
3 |  deathdate  =  
3 |  deathplace  = 
3 |  me daltemplates= 
9 {{ Medal Sport  |  女子 [[ 乒乓球 ]] }} 
8 {{ Medal Country | {{ CHN }} }} 
8 {{ Medal Competition| [[ 东亚 运动会 ]] }} 
15 {{ Medal Silver| [[ 2009年 东亚 运动会 | 2009年   香港 ]] | 女子 团体 }} 
15 {{ Medal Silver| [[ 2009年 东亚 运动会 | 2009年   香港 ]] | 女子 单打 }} 
1 }} 
0 
58 '' '文 佳' '' （ {{ bd | 1989年 || }} <ref >[ http : ／ ／ sports.sina . com . cn ／ star ／ wen_jia ／   体育 之 星 -文 佳] <／re f> ） ， [[ 中国 ]] 女子 [[ 乒乓球 ]] 运动员 ， [[ 辽宁省 ]] [[ 丹东 ]]人 ， 左手横板 弧圈 结合 快攻 打法 。 
0 
4 ==  生 涯  == 
44 文佳于 2006年 进入 国家队 ， 2008年 夺得 全 国 乒乓球 锦标赛 女单 冠军 。 [[ 2009年 东亚 运动会 ]] ， 她 夺得 乒乓球 女子 单打亚军 。 2011年 ， 文佳 夺得 [[ 国际 乒联 职业 巡回赛 ]] 中国 公开赛 （ 深圳站 ） 女单 冠军 。 
0 
69 2013年 ， 文佳 首 次 参加 [[ 世界 乒乓球 锦标赛 ]] ， 她 和 [[ 邱贻 可 ]] 搭档 出战 混合 双打 比赛 ， 于 16 强2 :4 不 敌 中国 香港 组合 [[ 江天 一 　 （ 乒乓球 运动员 ） |江 天 一 ]] ／ [[ 李皓晴 ]] 而 出局 。 同 年 年底 ， 文佳于 德国 公开赛 问鼎 女单 冠军 ， 同时 夺得 女 双 冠军 。 
0 
3 ==  参考  == 
4 {{r ef list }} 
0 
5 ==  视 频资 料  == 
25 *[ http : ／ ／ my . tv . sohu . com ／ u ／ vw ／ 14896160  【 乒乓 王国 】文 佳 专访 ] 
0 
4 {{ 中国 乒乓球 }} 
8 [[ Category : 中国 乒乓球 运动员 |W ]] 
6 [[ Category : 丹东人 |W ]] 
7 [[ Category : 文 姓 |J ]] 
