1492
1 {{noteTA 
3 |G 1= Games 
1 }} 
0 
6 {{ In fob ox  video game 
12 | title  =  憤怒 的 小鳥 GO<br> '' Angry  Bird s  GO'' 
14 | image  =  [[ File :Angry  Bird s  GO -Logo.png | 200 px ]] 
2 |  caption=  
6 |  developer  =  [[ Rovio  Entertainment]] 
15 | p ub lisher  =  [ [Clickgamer.com|Clickgamer Me dia] ]< br  ／ > [[ Chillingo]] 
3 | producer = 
4 |  de signer = 
3 |  composer = 
3 | series =  
3 | engine  =  
3 | version =  
6 | released  =   2013年 12月 11日 
11 |  genre  =  [ [益 智遊 戲] ][ [赛车 游戏 ]] 
12 |  modes  =  [ [單人 遊戲 ]] 、 [[ 赛车 游戏 ]] 
4 | rating s  =  
27 | plat forms  =  [ [iOS ]] <b r  ／ > [[ Android ]] <b r  ／ >[ [W ind ow s  Phone] ]< br  ／ > 
3 | media = 
5 | re quire ments  = 
8 | input  =  [[ 多 點 觸控 ]] 
1 }} 
18 [[ File :Angry  bird s go icon . pn g| 200 p x|thumb|right| 愤怒 的 小 鸟 GO]] 
0 
0 
3 ==  发展  == 
117 《 愤怒 的 小 鸟 GO ！ 》 是 一 个 同时 发布于 四 大 智能 手机 操作 平台 的 应用 程序 之一 。 <ref  name =" theguardian 1" >{ {cite  we b|author= Stuart  Dred ge |url= http : ／ ／ www . theguardian . com ／ te chnology ／ 2013 ／ d ec ／ 11 ／ angry-birds-go-review |title =Angry  Bird s  Go !  –  review  & # 124 ;  Technology  |p ub lisher=theguardian . com  | date = 2013 - 11 - 05   |accessdate= 2013 - 12 - 11 } }< ／re f>  此 应用 程序 支持 登入 Rovio 帐户 ， 以便 用户 可以 在 相同 的 操作 系统 的 不同 设备 之间 进行 同步 。 
0 
4 ==  比赛 类型  == 
13 游戏 中 现在 一共 有 五 种 不同 模式 ， 分别 是 ： 
3 *  竞速 模式 
3 *  计时 模式 
7 *  粉碎 水果 模式 ／切 水果 模式 
6 *  对决 模式 ／ VS 模式 
2 *  冠軍賽 
0 
4 ==  角色 技能  == 
0 
6 == =  普通 技能  = == 
0 
6 ''' 可以 使用 的 角色 ''' 
0 
16 *紅鳥 （ Red ） ： 最 基本 角色 ， 特別 功能 是 可以 自身 加速 。 
35 *粉 紅鳥 （ Stella ） ： 特别 功能 是 賽車 和 鳥浮 起 ， 一 個 大 泡泡 包着 ， 防止 其他 車手 攻擊牠 ， 但 降落 後 會減 慢 速度 也 難以 控制 。 
28 * 黑鳥 （ Bomb ） ： 特別 功能 是 爆炸 ， 會 影響 其他 車手 （ 被 攻擊 會轉 一 圈 ） ， 增加 勝出 的 機會 。 
25 *藍鳥 （ The  Blues ） ： 特別 功能 是 可以 自身 加速 （ 威力 小 ） ， 一 場 比賽 可 用 三 次 。 
29 *豬 國王 （ King  Pig ） ： 特別 功能 是 發出 一 堆 豬國 王型 氣球 （ 碰撞 後 會 爆破 ） ， 令車 升起 並同 時會 加速 。 
40 *大 紅鳥 ／ 老 大哥鳥 （ Terence ） ： 特別 功能 是 憤怒會 召喚 烏雲 ， 招引 閃電 攻擊 影響 離 自己 最近 的 車手 （ 被 攻擊 會轉 三圈 ） 或 任何 物品 ， 增加 勝出 的 機會 。 
26 *橘鳥 （ Bubbles ） ： 特別 功能 是 自身 膨脹 大 翻滾 同 時會 加速 ， 會影 響 其他 車手 ， 增加 勝出 的 機會 。 
28 *白 鳥 （ Matilda ） ： 特別 功能 是 投擲會 爆炸 的 蛋攻擊 前方 車手 （ 被 攻擊 會轉 三 圈 ） ， 增加 勝出 的 機會 。 
39 *領 班豬 ／ 鬍子 豬 （ Foreman  Pig ） ： 特別 功能 是 投擲 火藥 攻擊 前方 車手 ， 增加 勝出 的 機會 （ 被 攻擊 會轉 一 圈 ） ， 一 場 比賽 可 用 三 次 。 
35 *綠鳥 （ Hal ） ： 特別 功能 是 會發 動龍 捲風 影響 前方 車手 （ 被 攻擊 會轉 二 圈 ） ， 增加 勝出 的 機會 ， 龍捲風 也 可以 收集 硬幣 和切 水果 。 
50 *下 士豬 ／ 鋼 盔豬 （ Corporal  Pig ） ： 特別 功能 是 賽車 身旁 出現 頭盔 旋轉 並同 時會 加速 ， 會影 響 其他 車手 （ 被 攻擊 會轉 一 圈 ） ， 增加 勝出 的 機會 ， 一 場 比賽 可 用 三 次 且 可 重疊 。 
24 *黃鳥 （ Chuck ） ： 特別 功能 是 長程 自身 加速 ， 如果 加速 時沒 有 撞上 其他 車 輛則 最 容易 勝出 。 
0 
6 '' '無法 使用 的 角色 ''' 
0 
13 *普 通豬 ／ 小小 豬 （ Minion  Pigs ） ： 無特別 功能 。 
0 
7 == =  冠軍賽 角色 技能  = == 
0 
30 赢 了 冠軍 賽 3 次 可 獲 得 上方 可以 使用 的 角色 ， 比賽 時冠 軍賽 角色 會向 後面 發射 東西 攻擊 玩家 的 車手 和 車 。 
16 *粉 紅鳥 （ Stella ） : 比 賽時 會向 後面 發射 泡泡 ， 威力 較小 。 
16 * 黑鳥 （ Bomb ） ： 比 賽時 會向 後面 發射 炸彈 ， 威力 一般 。 
24 *藍鳥 （ The  Blues ） ： 比 賽時 會向 後面 發射 木材 、 冰塊 和 石塊 （ 1 次 各 一 塊 ） 。 
19 *國 王豬 （ King  Pig ） ： 比 賽時 會向 後面 發射 豬 ， 撞到 後會 减慢 速度 。 
27 *大 紅鳥 ／ 老 大哥鳥 （ Terence ） ： 比 賽時 會向 後面 發射 一 塊 大 冰塊 ， 比 藍鳥 的 冰塊 威力 更 大 。 
53 *橘鳥 （ Bubbles ） ： 比 賽時 會向 後面 發出 一些 用 氣球 吊 着 的 木箱 ， 貼 着 TNT 的 撞到 後會 爆炸 ， 貼 着 鳥幣 圖案 的 撞到 後會 爆出 鳥幣 （ 不 會 影響 速度 ） ， 貼 着   Boas t  Pads  圖案 的 撞到 後會 加速 。 
28 *白 鳥 （ Matilda ） ： 比 賽時 會向 後面 發出 一 個 巨大 而 在 轉動 旁邊 有 閃電 圍 着 的 蛋 ， 威力 一般 。 
27 *領 班豬 ／ 鬍子 豬 （ Foreman  Pig ） ： 比賽 時會 向 前面 和 後面 投擲 火藥 攻擊 （ 被 攻擊 會轉 一 圈 ） 。 
27 *綠鳥 （ Hal ） ： 比 賽時 會向 後面 發射 飛標 ， 在 一 場 比 賽中 被 打到 後 整場 比賽 速度 水平 會 變慢 。 
29 *下 士豬 ／ 鋼 盔豬 （ Corporal  Pig ） ： 比 賽時 會向 後面 投擲 TNT 炸彈 ， 被 攻擊 速度 會 減慢 非常 多 ， 威力 較大 。 
16 *黃鳥 （ Chuck ） ： 比 賽時 會向 後面 投擲 汽車 車輪 ， 威力 較大 。 
0 
7 ==  多 人 线上 游戏 模式  == 
32 Rovio于 2013年 12月 13日 通过 官方 的 愤怒 的 小鸟 [[ Face book ]] 页面 宣布 ， 多 人 线上 游戏 功能 将 于 2014年 春季 到来 。 现 已 推出 。 
0 
4 ==  参考 资料  == 
4 {{r ef list }} 
5 ==  外 部链 接  == 
11 *{ {Official| http : ／ ／ go.angrybirds . com ／ }} 
28 *[ http : ／ ／ www.rovio.com ／ en ／ news ／ bl og ／ 310 ／ ready-set-angry-birds-go／  Rovio's  t easer blog  post （ Rovio 的 博客 ） ] 
0 
4 {{ Angry  Bird s}} 
9 {{ DE FAULT SORT: Angry  Bird s  Go! }} 
7 [[ Category : 2013年 电子 游戏 ]] 
5 [[ Category: 競速 遊戲 ]] 
7 [[ Category :卡 丁車 電子 遊戲 ]] 
4 [[ Category:IOS 遊戲 ]] 
6 [[ Category : Android 遊戲 ]] 
9 [[ Category : Wind ow s  Phone 游戏 ]] 
8 [[ Category : 芬兰 开发 电子 游戏 ]] 
7 [[ Category : 鳥類 主角 故事 ]] 
2 {{ copyedit}} 
19 {{ Refimprove|time = 2013 - 12 - 04 T 04 : 11 : 05 + 00 : 00 }} 
21 {{ Exp and |time = 2013 - 12 - 04 T 04 : 11 : 05 + 00 : 00 }} 
1 {{noteTA 
20 |  T= zh-cn: 愤怒 的 小 鸟季 节版 ;  zh-hk: 憤怒 鳥季 節版 ;  zh-t w: 憤怒 鳥季 節版 ; 
3 |  G1= Games 
3 |  G2= IT 
20 |  1= zh-cn: 愤怒 的 小 鸟季 节版 ;  zh-hk: 憤怒 鳥季 節版 ;  zh-t w: 憤怒 鳥季 節版 ; 
15 |  2= zh-cn: 愤怒 的 小鸟 ;  zh-hk :憤 怒鳥 ;  zh-t w: 憤怒 鳥; 
1 }} 
6 {{ In fob ox  video game 
13 | title  =  憤怒 鳥季 節版 <b r> '' Angry  Bird s  Seasons'' 
3 | image  =  
3 |  caption =  
6 |  developer  =  [[ Rovio  Entertainment]] 
8 | p ub lisher  =  [[ Rovio  Entertainment]] 
3 | producer =  
4 |  de signer =  
3 |  composer =  
9 | series  =  ' '[ [Angry  Birds ]] '' 
6 | engine  =  [[ Box2D ]] 
3 | version =  
12 | released  =   2010年 10月 21日 <ref  name =" Joystiq" ／ > 
7 |  genre  =  [ [益 智遊 戲]] 
7 |  modes  =  [ [單人 遊戲 ]] 
4 | rating s  =  
4 | plat forms =  
3 | media  =  
5 | re quire ments  =  
3 | input  =  
1 }} 
0 
26 '' '憤 怒 鳥季 節版 ' '' 是 [[益智 遊戲 ]] 《 憤怒鳥 》 系列 的 第二 個 版本 ， 由 [[ Rovio娛樂 ]] 開發 。 
0 
4 ==  玩 法  == 
76 和 《 憤怒 鳥 》 一 樣 ， 在 遊戲 中 ， 玩家 控制 一 架 彈弓 發射 無翅 小 鳥來 打擊 建築物 和 小豬 ， 並以 摧毀 關 中 所有 的 小 豬為 最 終目 的 。 <ref >{ {cite  book|title= The  business  of   Android  app s  development making  and  marketing  app s  that succeed |p ub lisher= Apress|location= New  York ,  N.Y. |isbn= 9781430239437 | last= Rollins |f irs t= Mark }} <／re f>  
0 
5 ==  發 行歷 史  == 
0 
0 
0 
0 
0 
0 
16 2013年 ， 《 憤怒鳥 》 推出 [[ 魔術 ]]版 ， 當中 加入 了 魔術 元素 。 
7 2014年 ， 推出 “ 里约版 ” 。 
0 
4 ==  關 卡  == 
5 === Season  1  = == 
3 *Trick  or  Treat 
4 * Season's  Gree dings 
5 * Hogs an d  Kisses 
5 * Go  Green, Get Lucky 
3 * Easter Eggs 
3 * Summer  Pignic 
2 *Moon  Festival 
0 
5 === Season  2  = == 
3 * Ham'o' ween 
4 *Wrec k  the  Halls 
6 *Year o f  the  D ragon 
4 * Cherry  B lossom 
1 *Piglantis 
5 * Back  t o  School 
0 
5 === Season 3  = == 
2 *Haunted   Hogs 
3 * Winter   Wonderham 
1 *Abra-Ca-Bacon 
0 
5 === Season  4  = == 
2 *Arctic  Eggspedition 
3 * South  Hamerica 
0 
4 ==   外界 評價  == 
101 Metacritic 給予 《 憤怒 鳥季 節版 》 6.7 分 （ 滿分 10 分 ） 的 分數 。 <ref >{ {cite  web|title =Angry  Bird s:  Seasons|url= http : ／ ／ www.metacritic . com ／ game／ios／angry-bird s-seasons|accessdate= 2013 - 08 - 16 }} <／re f> Game Spot . com 的 玩家 則認 為 此 遊 戲並 不 是 [[ 憤怒 鳥 系列 ]] 中 最 好 的 版本 ， 但 給予 良好 的 評分 。 <ref >{ {cite  web|title =Angry  Bird s:  Seasons  Reviews|url= http : ／ ／asia.gamespot . com／angry-bird s-seasons ／ reviews ／ |accessdate= 2013 - 08 - 16 }} <／re f>  
0 
4 ==  參考 資料  == 
4 {{r ef list }} 
0 
3 == 參見 == 
4 *[ [憤 怒鳥 ]] 
0 
5 ==  外 部鏈 接  == 
36 * [ http s: ／ ／ pl ay . google.com ／ s tore ／ a pp s／de tails ?i d= com.rovio.angrybird sseasons&hl =z h_ TW Google Play  Store 中 的 《 憤怒 鳥季 節版 》 ] 
19 * [ http : ／ ／ www.rovio.com ／ en ／our-work ／ games ／ view ／ 4  官方 網站 ] 
0 
4 {{ Angry  Bird s}} 
8 {{ DE FAULT SORT: Angry  Bird s  Seasons}} 
7 [[ Category : 2010年 电子 游戏 ]] 
4 [[ Category:IOS 遊戲 ]] 
6 [[ Category : Android 遊戲 ]] 
5 [[ Category:OS  X 遊戲 ]] 
7 [[ Category :W in dows 游戏 ]] 
9 [[ Category : Wind ow s  Phone遊 戲 ]] 
5 [[ Category :益智 游戏 ]] 
6 [[ Category : 黑莓 遊戲 ]] 
5 [[ Category: Symbian 軟體 ]] 
8 [[ Category : 芬兰 开发 电子 游戏 ]] 
7 [[ Category : 鳥類 主角 故事 ]] 
7 [[ Category : 節日 題材 作品 ]] 
8 [[ Category : 四 季 題材 作品 ]] 
2 {{ copyedit}} 
18 {{ Refimprove|time= 2014 - 05 - 20 T 06 : 51 : 21 + 00 : 00 }} 
20 {{ Exp and |time= 2014 - 05 - 20 T 06 : 51 : 21 + 00 : 00 }} 
1 {{noteTA 
20 |  T= zh-cn: 愤怒 的 小鸟 里约版 ;  zh-hk :憤 怒鳥 里 約版 ;  zh-tw :憤 怒鳥 里 約版 ; 
3 |  G1= Movie 
3 |  G2= IT 
5 |  G 3 = Games 
20 |  1= zh-cn: 愤怒 的 小鸟 里约版 ;  zh-hk :憤 怒鳥 里 約版 ;  zh-tw :憤 怒鳥 里 約版 ; 
15 |  2= zh-cn: 愤怒 的 小鸟 ;  zh-hk :憤 怒鳥 ;  zh-t w: 憤怒 鳥; 
1 }} 
6 {{ In fob ox  video game 
8 | title  =  憤怒 的 小鳥 里 約版 
6 | english= Angry  Bird s  Rio 
6 |  developer  =  [[ Rovio  Entertainment]] 
7 | p ub lisher  =  Rovio  Entertainment 
8 | series   =  [[ 愤怒 的 小鸟 ]] 
6 | engine  =  [[ Box2D ]] 
6 | released  =   2011年 3月 22日 
7 |  genre  =  [ [益 智遊 戲]] 
7 |  modes  =  [ [單人 遊戲 ]] 
1 }} 
28 {{vgname| 憤怒 的 小鳥 里 約版 |en=Angry  Bird s  Rio }} ， 是 Rovio娛樂 開發 的 第三 個 [[ 憤怒 的 小鳥 系列 ]] 休閒 益智 遊戲 。 
0 
5 ==   背景 及 玩法   == 
0 
0 
0 
14 在 第二 部 中 ， 小鸟 受 邀请 而 开展 了 新 故事 。 
0 
79 除了 以上 角色 ， 一 隻 名為 Luiz 的 狗 （ 同樣 是 電影 中 的 角色 ） 會 協助 玩家 摧毀 關 中 的 建築 ， 以 獲 得 更 高 分數 <ref  name="Gameze bo" >{ {cite  web|url= http : ／ ／ www . game ze bo.com ／ games／angry-bird s-rio ／ review|title =Angry  Bird s  Rio  Review|author= Jim  Squire s| work=Gameze bo.com |date= 2011 - 03 - 22 |accessdate= 2011 - 09 - 13 }} <／re f> 。 
0 
4 ==  關 卡  == 
6 == =  Rio  1 = == 
3 *Smugglers '  Den 
2 *Jungle  Escape 
3 * Beach  Volley 
4 * Carnival  Up heaval 
3 *Airfiel d  Chase 
3 *Smugglers '  Plane 
3 * Market  Mayhem 
6 * Golden Beachball （ 隐藏关 ） 
0 
6 == =  Rio 2  = == 
3 * Rocket Rumble 
2 *High  Dive 
3 *B lossom  River 
3 * Timber Tumble 
6 *Hid den Harbor （ 隐藏关 ） 
0 
5 ==  市 場反 應  == 
0 
0 
0 
0 
5 ==  原 文注 釋  == 
4 {{ Note Foot }} 
0 
4 ==  参考 資料  == 
4 {{r ef list }} 
0 
5 ==  外 部链 接  == 
0 
23 *  {{ Official| http : ／ ／ www.rovio.com ／ zh ／our-work ／ games ／ view ／ 6 ／angry-bird s-rio} }  {{ zh }} 
0 
4 {{ Angry  Bird s}} 
0 
9 {{ DE FAULT SORT: Angry  Birds ,  RIO }} 
7 [[ Category : 2011年 电子 游戏 ]] 
6 [[ Category : Android 遊戲 ]] 
4 [[ Category:IOS 遊戲 ]] 
5 [[ Category:OS  X 遊戲 ]] 
9 [[ Category : Wind ow s  Phone 游戏 ]] 
7 [[ Category :W in dows 游戏 ]] 
8 [[ Category : 巴西 背景 电子 游戏 ]] 
5 [[ Category :益智 游戏 ]] 
8 [[ Category : 芬兰 开发 电子 游戏 ]] 
7 [[ Category : 行動 電話 遊戲 ]] 
8 [[ Category : 電子 遊戲 跨界 作品 ]] 
8 [[ Category : 電影 改編 電子 遊戲 ]] 
2 {{ copyedit}} 
19 {{ Refimprove|time = 2013 - 12 - 04 T 04 : 11 : 33 + 00 : 00 }} 
21 {{ Exp and |time = 2013 - 12 - 04 T 04 : 11 : 33 + 00 : 00 }} 
2 {{ NoteTA 
20 |T =z h-cn : 愤怒 的 小 鸟 太空 版; zh-hk :憤 怒鳥 太空 版; zh-tw :憤 怒鳥 太空 版; 
3 |  G1= Games 
3 |  G2= IT 
18 |1= zh-cn: 愤怒 的 小 鸟 太空 版; zh-hk :憤 怒鳥 太空 版; zh-tw :憤 怒鳥 太空 版; 
14 |1= zh-cn: 愤怒 的 小鸟 ;  zh-hk :憤 怒鳥 ;  zh-t w: 憤怒 鳥; 
1 }} 
6 {{ In fob ox  video game 
14 | title  =  憤 怒鳥 太空版 <b r> '' Angry  Bird s  Space '' 
13 | image  =  [[ File :Angry  Bird s  Space logo.jpg| 150 px ]] 
3 |  caption = 
6 |  developer  =  [[ Rovio  Entertainment]] 
8 | p ub lisher  =  [[ Rovio  Entertainment]] 
3 | producer =  
4 |  de signer =  
3 |  composer =  
9 | series  =  ' '[ [Angry  Birds ]] '' 
6 | engine  =  [[ Box2D ]] 
43 | version  =   1.4 .1 （ 2013年 2月 ） （ [[iO S]] ,  [[ Android ]] ,  [[ Micros of t  Windows |W in dows ]] ） <br > 1.2 .2  （ [[O S X ]] ,  [[Black Berry  Tablet O S]] ） 
6 | released  =   2012年 3月 22日 
7 |  genre  =  [ [益 智遊 戲]] 
7 |  modes  =  [ [單人 遊戲 ]] 
4 | rating s  =  
20 | plat forms  =  iOS ,  Android ,  Micros of t  Windows, Black Berry  Tablet O S, O S X 
3 | media  =  
12 <! --Please  he lp  add  re quire ments  for  more  plat forms--> 
41 | re quire ments  =  iO S: 4.0 或 更 高 版本 的 IOS 3 G手机 （ AR MV7 ） 或 更 高 版本 的 设备 才 可以 运行 <b r> Mac O S X :  10.6 .6 及 更 高 
3 | input  =  
14 |  Face book  =  w ww . face book . com ／ RovioAB Space 
1 }} 
34 ''' 愤怒 的 小 鸟 太空 版' '' 是 [[ Rovio娛樂 ]] 開發 的 休閒 [[益智 游戏 ]] ， 在 遊戲 中 ， 玩家 控制 一 架 [[ 彈弓 ]] <ref >{ {cite video 
8  |  date           =  2012 - 03 - 22 
26  |  title          =  Angry  Bird s  Space  -  Walkthrough 2- 30   3 star s  cold  cut s  level guide how to get   thre e star  levels 
16  |  url             =  http s: ／ ／ www . youtube.com ／ watch? v= FvK _I DnzbOI 
6  |  p ub lisher    =  HassanAlHajry 
8  |  accessdate  =  2013 - 03 - 28 
10 }} <／re f> 發射 無翅 小鳥 <ref >{ {cite video 
8  |  date           =  2012 - 06 - 05 
9  |  title         =  angry  bird s space  personajes  pajaros 
16  |  url             =  http s: ／ ／ www . youtube.com ／ watch ?v =osuR SEIZn RU 
9  |  p ub lisher   =  antiaxcru zad ox bnloc1 
8  |  accessdate  =  2013 - 03 - 28 
32 }} <／ref >來 打擊 [ [建 築物 ]] 和 小豬 ， 以 摧毀 關 中 所有 的 小 豬為 最 終 目的 ， 但是 [[ 重力 ]] 与 地球版 完全 不同 。 
0 
4 ==  中文 譯名  == 
145 遊戲 並無 官方 中文 譯名 ， 但 “ 愤怒 的 小 鸟 太空版 ” 是 最 常 用 的 中文 譯名 <re f> 使用 [[ Google 搜尋 | Google 搜尋 引擎 ]] 搜尋 愤怒 的 小 鸟 太空版 ， 約有 3630000 項 結果 <／re f> 。 另外 ， 有 [[ 部落 格] ] 以 「 星際版 」 作為 遊戲 的 中文 譯名 <re f> {{ Cite  we b |url =  http : ／ ／ www . soft 4f un.net ／ ip ad -iphone／angry-bird s-space -% E 6% 98% 9F %E 9% 9A %9B% E 7% 89% 88% E 9% 96% 8 B%E 6% 94% BE%E 4% B 8% 8 B%E 8% B C% 89% E 5% 9B % 89 .htm |title =  <nowiki>Angry  Bird s  Space  星 際版開 放下 載囉 （ iOS 、 Android 、 Windows 、 MAC ） <／nowiki>  } }< ／re f> 。 
0 
4 ==  關 卡  == 
6 == =  Pig  Bang  = == 
0 
6 == =  Cold  Cuts  = == 
0 
6 == =  Danger  Zone  = == 
0 
5 == =  Eggsteroids  = == 
0 
10 == =  Fry  Me  t o  the  Moon  = == 
0 
5 == =  Utopia = == 
0 
6 == =  Red  Planet  = == 
78 在 2012年 秋季 發佈 <re f> {{ Cite  we b |url= http : ／ ／ chinese.engadget . com ／ 2012 ／ 08 ／ 24 ／ rovio-takes-angry-bird s-space-for-a-spin-with-nasa-curiosity ／ |title= Rovio  和  NA SA  合作 ， 讓火 星好 奇號 也 降落 到 憤怒 小鳥 太空版 中 ！ （ 影片 ） |accessdate= 2013 - 03 - 28  | work= Bin  Chen |p ub lisher=Engadget   中文版 |date= 2012 - 08 - 24 } }< ／re f> ， 有 20 個關卡 。 
6 == =  Pig  Dipper  = == 
134 這版 本 中 加入 了 液態 水體 星球 <re f> {{ Cite  we b |url= http : ／ ／ tw . tech.yahoo.com ／ news ／ % E 6% 86% A 4% E 6% 80% 92% E 9% B 3% A 5% E 5% A 4% AA% E 7% A 9% BA%E 6% 8E %A 8% E 6% 9 B%B 4% E 6% 96% B0 - % E 6% 96% B 0% E 5% A 2% 9 E% E 6% B 0% B 4% E 9% A B% 94% E 6% 98% 9 F%E 7% 90% 83% E 9% 97% 9 C%E 5% 8 D%A 1pig-dipper- 071600783 .html|title =憤 怒鳥 太空 推更 新 ！ 新 增水 體星 球關卡 Pig  Dipper|accessdate= 2013 - 03 - 28 } }< ／re f> ， 有 30 個 關卡 。 
6 == =  Cosmic  Crystals  = == 
0 
6 ==  和 地球版 的 差異  == 
7 *  红鳥 的 眼睛 變化 了 。 
98 *  黄鳥 變成 紫鳥 （ 雷射鳥 ） <re f> {{ Cite  we b |url= http : ／ ／ faye.easylife.tw ／ 1227 |title =【 Angry  Bird s  Space 】憤 怒鳥 太空版 ！ 快 上 太空 殺豬 去 ！ 地心 引力 抓 不 住 鳥 ？ |accessdate= 2013 - 03 - 28 |q uote= 每 一 隻鳥 都 換上 犀利 的 太空 造型 ， 主角 紅鳥 怎麼 有 超能特 攻隊 的 fu . . . ， 我 平常 最 愛用 的 黃鳥 居然 變成 了 紫色 呀 ！ }} <／re f> ， 他 的 眼睛 是 长方 形状 的 。 
19 *  新 增 的 冰鳥 可 把 物品 凍成冰 ， 在 水裡 凍結 自身 會 變成 冰塊 殞石 。 
8 *  此 版本 没有 白鳥 和 綠鳥 。 
0 
3 == 材料 == 
9 *  [[ 木材 ]] ： 基本 材料 之一 。 
13 *  [[ 石塊 ]] ： 能 抵擋 多 數 小鳥 的 攻擊 。 
21 以上 各 種 材料 皆 有 空心磚 、 長方塊 、 正方體 、 圓塊 、 三角磚 、 梯型 磚 之 分 。 
32 *  [[ 氣泡 ]] ： 小 豬們 的 保命 和 交通 工具 ， 只要 在 大氣 層外 把 氣泡 弄破 ， 小豬 就 會 立刻 在 外太 空結 凍3 秒後 致死 。 
23 *  [[ 隕石 ]] ： 跟 石塊 同樣 效果 ， 結冰 後 的 隕石 破壞 後 會分 開為 多 數個 小 隕石 。 
15 *  [[ 警燈 ]] ： 能 使 小豬 或 任何 材料 漂浮 在 空中 。 
12 *  [[ 玉米 ]] ： 撞擊 後 能 爆出 爆米 花 。 
18 *  [[ 火山 ]] ： 能 產生 強大 的 上升 氣流 以 改變 小鳥 的 飛行 路線 。 
27 *  [[ 火球 ]] ： 以 小鳥 撞擊 後 能 爆炸 以 攻擊 小豬 ， Pig  Dipper關卡 中 爆炸 前 如果 碰到 水 就 會 熄掉 。 
28 *  [[ 太空金 鳥蛋 ]] ： 在 某些 關卡 出現 ,  擊中 後會 進入 特别 關卡 。 紅色 星球 的 金蛋關 卡則 是 擊中 探測 船 開啟 。 
25 * [ [好 奇號 ]] ： 於 紅色 星球 最 終關卡 出現 ， 載著 小豬 在 行星 上 原地 繞圈 ， 不 會 損壞 。 
15 *  [[ 船錨 ]] ： 以 鐵鍊 綁 在 海洋 行星 或 豬身 上 。 
10 *  [[ 冰塊 ]] ： 最 脆弱 的 材料 。 
28 *  T.N. T炸 藥箱 ： 貼 著T NT 的 字條 的 木箱 裝填 ， 爆炸 後 能 產生 衝擊力 進行 連鎖 爆炸 或 隔山 打牛 等 攻擊 。 
0 
5 ==  登 場角 色  == 
5 == =  小鳥  = == 
16 *  紅鳥 ： 最 基本 的 角色 ， 對 各 種 材料 破 壞力 一般 。 
9 *  藍鳥 ： 對冰塊 有 較高 的 破壞力 。 
8 *  冰鸟 ： 可 把 物品 冻成冰 。 
27 *  太空 巨鷹 ： 類似 黑色 巨鷹 ， 把 魚罐 頭射 出後 點擊會 有 漩渦 ， 這時 巨鷹 會跑 出來 ， 但 不 一定 會殺 死所有豬 。 
6 == =  綠色 小豬  = == 
10 每 隻 豬 被 擊倒 可 得 5000 分 。 
18 *  普通 豬 （ 小型 ） ： 遊戲 中 最 小 的 豬 ， 耐久度 最 差 。 
17 *  普通豬 （ 中型 ） ： 比 小型 的 普通 小 豬 大 ， 耐久度 較差 。 
17 *  普通 豬 （ 大型 ） ： 比 前 兩種 豬來 得 大 ， 耐久度 普通 。 
21 * 頭 盔豬 ： 戴 著 頭盔 的 小豬 ， 與 普通 中型 豬體型 差不多 ， 耐久度 比 普通 豬高 。 
15 *  鬍子 豬 ： 體型 和 普通 大型 豬差 不 多 ， 耐久度 較高 。 
26 * 豬 國王 ： 頭目 角色 ， 體型 大 ， 高 。 （ 3- 21 首 次 出現 ， Space 1- 30 首 次 出現 ） 
14 *  肥胖 豬 ： 比 大型 豬大 了 兩號 左右 ， 耐久度 普通 。 
54 *  巨型 肥胖豬 ： 頭目 角色 ， 比 肥胖 豬大 了 幾號 ， 耐久度 比 豬國 王高 ， 角色 如同 Rio版 中 的 耐久 ， 必須 餵牠 吃隕石 、 壞掉 的 爆米 花 或 小鳥 （ 綠色 大鳥 最 有效 ） 才 能 打 敗牠 ， 肚子 裡 有 一 顆 太空金 鳥蛋 。 
17 *  开 着 火星 车 的 猪 ： 一 群 开 着 火星 车 的 猪 。 
15 *  开 着 潜水艇 的 猪 ： 一 隻 开 着 潜水艇 的 豬國王 。 
0 
4 == 参考 資料 == 
2 {{ Reflist}} 
0 
3 == 參見 == 
4 *[ [憤 怒鳥 ]] 
0 
4 {{ Angry  Bird s}} 
9 {{ DE FAULT SORT: Angry  Bird s  Space }} 
7 [[ Category : 2012年 电子 游戏 ]] 
4 [[ Category:IOS 遊戲 ]] 
6 [[ Category : Android 遊戲 ]] 
5 [[ Category:OS  X 遊戲 ]] 
7 [[ Category :W in dows 游戏 ]] 
9 [[ Category : Wind ow s  Phone遊 戲 ]] 
7 [[ Category : 移动 电话 游戏 ]] 
5 [[ Category :益智 游戏 ]] 
6 [[ Category : 黑莓 遊戲 ]] 
8 [[ Category : 芬兰 开发 电子 游戏 ]] 
7 [[ Category : 鳥類 主角 故事 ]] 
8 [[ Category : 太空 背景 电子 游戏 ]] 
1 {{noteTA 
3 |  G1= Games 
15 |  1= zh-cn: 愤怒 的 小鸟 ;  zh-hk :憤 怒鳥 ;  zh-t w: 憤怒 鳥; 
1 }} 
6 {{ In fo bo x  company 
11 |  logo                    =  [[ Image: Rovio  Logo.pn g| 120 px ]] 
6 |  company _name        =  Rovio 娱乐 
10 |  company _t yp e        =  [[ 私人 公司 ]] 
11 |  foundation           =   2003年 以 「 理路迪 」 之 名 成立 
3 |  founder               = 
8 | location              =  {{ FIN }} [[ 埃斯波]] 
35 | key _ p eople           = 米克尔·亨达  <small> [[ 執行 長] ]< ／ small >< br ／ >尼 克拉斯·亨达  <small> [[ 首席 營運長 ]] <／small >< br ／ >彼得·维斯特巴卡 <small >[ [行 銷長 ]] <／small> 
3 |  revenue               = 
9 |  in dustry               =  [[ 电子 游戏 产业 ]] 
3 | products              = 
50 | num _employees       =  約 300 人 <small> （ 2011 ） <／small><ref >{ {cite  news|title= Roviossa ensi vuonna  600 – 700  t yöntekijä ä|url= http : ／ ／ www . tekniikkatalous.fi／ict ／ q uotroviossa+ensi+vuonna+ 600 n dash 700 +t yontekijaaquot／a 718687 |newspaper= Tekniikka& Talous|language= Finnish} }< ／ r ef >  
3 |  divisions            = 
9 |  revenue               =   7540 萬 歐元 （ 2011年 ） 
9 | net_income        =  4800 萬 歐元 （ 2011年 ） 
10 | owner                  =  凯 伊·亨达 （ 70% 公司 股份 ） 
8 |  homepage              =  [ ／ ／ www.rovio.com rovio.com] 
1 }} 
16 [[ File: Rovio  Entertainment  Hd qtrs  2 . jpg|thumb| Rovio於 [[ 埃斯波 ]] 的 总部 ]] 
134 ''' Rovio 娱乐 有限 公司 ' '' （ [[ 英文 ]] ： ''' Rovio  Entertainment  Ltd . ''' ） 簡 稱' '' Rovio' '' ， 亦 有 ' '' Rovio 移动 ''' （ ''' Rovio  Mobile ''' ） ， 是 一 間 [[ 芬蘭 ]] [[ 游戏 开发者 |遊戲 開發 公司 ]] ， 總部 位於 [[ 埃斯波 ]] ， 於 2003年 成立 ， 當時 名為 '' '理路 迪' '' （ ''' Relude ''' ） ， 於 2005年 更 改名 稱為 Rovio<ref >{ {cite  web|url= http : ／ ／ www.rovio.com ／ ind ex.php ?page= contact ／ |title= Rovio  -  Contact |date= 2010 - 10 - 01 |accessdate= 2010 - 10 - 01 |p ub lisher= Rovio} }< ／re f> 。該 公司 最 有名 的 電子 遊戲 產品 為[[ 憤怒 的 小鳥 |憤 怒鳥 ]] 。 
0 
46 Rovio 娱乐 的 中国 办事处 位於 [[ 上海市 ]] [[ 宝山区   （ 上海市 ） |宝 山区 ]] 。 <ref >[ http : ／ ／ www.rovio.com ／ z h  Home] .  Rovio  China .  " ROVIO 娱乐 有限 公司   上海市 宝山区 沪太路 2388 号 "< ／re f> 
0 
4 == 公司 历史 == 
0 
0 
0 
0 
88 於 2011年 3月 ， Rovio從 阿塞尔 合伙 公司 、 亞當 米科 和 菲利薩斯 风险 投资 公司 手 中 筹集 了 總值 4200万 美元 的 风险 投资 资金 。 <ref  name= post >{ {cite  news |title =Angry  Bird s  Turn  Rich, Get  $ 42   Million in  Funding  | wor k= Mashable  | date= March  10 ,  2011   |url= http : ／ ／ mashable.com ／ 2011 ／ 03 ／ 10 ／angry-birds- 42 -million-funding ／  } }< ／re f>於 2011年 7月 ， Rovio 正式 更 名為 Rovio 娱乐 有限 公司 。 
0 
0 
0 
67 於 2012年 10月 ， Rovio 暗示 了 新 的 遊戲 「 愤怒 鸟 星球 大战 」 將會 推出 。 <ref >{ {cite  web|title=Oh  God ,  The y  Really  Are  Making  Angry  Bird s:  Star  Wars|url= http : ／ ／ www . upro xx . com ／ gammasquad ／ 2012 ／ 10 ／oh-god-they-really-are-making-angry-bird s-star-wars ／ # more- 156168 |p ub lisher =U PR OX X} }< ／re f> 
0 
3 == 產品 == 
5 == =憤 怒鳥 系列 === 
6 {|  c lass =" wikitable sortable" 
1 |- 
1 !編號 
1 !名稱 
1 !日期 
1 !平台 
1 |- 
46 |style= "t ext-align:center "|  1  | |  [[ 憤怒 的 小鳥 |憤 怒鳥 ]]  | |  2009年 11月 11日  ||  [ [iOS ]] 、 [[ 安卓 ]] 、 [[ Mac O S| Mac]] 、 [[ Wind ow s  Phone| WP]] 、 [[ 個人 電腦 |PC ]] 
1 |- 
50 |style= "t ext-align:center "|  4  | |  [[ 愤怒 的 小 鸟 季节 版| 憤怒 鳥季 節版 ]]  | |  2010年 10月 11日  ||  [ [iOS ]] 、 [[ 安卓 ]] 、 [[ Mac O S| Mac]] 、 [[ Wind ow s  Phone| WP]] 、 [[ 個人 電腦 |PC ]] 
1 |- 
49 |style= "t ext-align:center "|  6  | |  [[ 愤怒 的 小鸟 里约版 |憤 怒鳥 里 約版 ]]  | |  2011年 3月 22日  ||  [ [iOS ]] 、 [[ 安卓 ]] 、 [[ Mac O S| Mac]] 、 [[ Wind ow s  Phone| WP]] 、 [[ 個人 電腦 |PC ]] 
1 |- 
40 |style= "t ext-align:center "|    ||  憤 怒鳥 朋友 版  ||   2012年 2月 13日  ||  [ [iOS ]] 、 [[ 安卓 ]] 、 [[ Mac O S| Mac]] 、 [[ Wind ow s  Phone| WP]] 、 [[ 個人 電腦 |PC ]] 
1 |- 
49 |style= "t ext-align:center "|   43  | |  [[ 愤怒 的 小 鸟 太空版 |愤 怒鸟 太空版 ]]  | |  2012年 3月 22日  ||  [ [iOS ]] 、 [[ 安卓 ]] 、 [[ Mac O S| Mac]] 、 [[ Wind ow s  Phone| WP]] 、 [[ 個人 電腦 |PC ]] 
1 |- 
19 |style= "t ext-align:center "|   47   ||  愤 怒鸟 “ 三 部 曲 ”  | |  2012年 9月 25日  || 
1 |- 
42 |style= "t ext-align:center "|   47   ||  [ [搗 蛋豬 ]]  | |  2012年 9月 27日   ||  [ [iOS ]] 、 [[ 安卓 ]] 、 [[ Mac O S| Mac]] 、 [[ Wind ow s  Phone| WP]] 、 [[ 個人 電腦 |PC ]] 
1 |- 
52 |style= "t ext-align:center" |  50  | |  [[ 憤怒 的 小鳥 星球 大 戰版 |憤 怒鳥 星球 大 戰版 ]]  | |  2012年 11月 8日   ||  [ [iOS ]] 、 [[ 安卓 ]] 、 [[ Mac O S| Mac]] 、 [[ Wind ow s  Phone| WP]] 、 [[ 個人 電腦 |PC ]] 
1 |- 
39 |style= "t ext-align:center" |  50  | |  愤怒 鸟 星球 大 战版  2  | |  2013年 9月 19日   ||  [ [iOS ]] 、 [[ 安卓 ]] 、 [[ Wind ow s  Phone| WP]] 、 [[ 個人 電腦 |PC ]] 
1 |- 
19 |style= "t ext-align:center "|   50   ||  愤 怒鸟 三 部 曲  wii／wii u  | |  2013年 8月 13日  || 
1 |- 
37 |style= "t ext-align:center" |   | |  [[ 憤怒 的 小鳥 Go !| 憤怒 鳥  Go! ]]  | |  2013年 12月 11日  ||  [ [iOS ]] 、 [[ 安卓 ]] 、 [[ Wind ow s  Phone| WP ]] 
1 |- 
31 |style= "t ext-align:center "|    ||  [ [憤 怒鳥 英雄 傳] ]  ||   2014年 5月 17日   ||  [ [iOS ]] 、 [[ 安卓 ]] 、 [[ Wind ow s  Phone| WP ]] 
1 |- 
29 |style= "t ext-align:center "|    ||  憤 怒鳥史 黛拉版  | |  2014年 9月 4日   ||  [ [iOS ]] 、 [[ 安卓 ]] 、 [[ Wind ow s  Phone| WP ]] 
1 |- 
30 |style= "t ext-align:center "|    ||  憤 怒鳥 變形 金剛  | |  2014年 9月 25日  ||  [ [iOS ]] 、 [[ 安卓 ]] 、 [[ Wind ow s  Phone| WP ]] 
1 |} 
0 
5 == = 其他 產品 === 
6 {|  c lass =" wikitable sortable" 
1 |- 
1 !名稱 
1 !平台 
2 !年 份 
1 |- 
17 |[[ 神奇 的 阿力 ]]  | ||  [ [iOS ]] 、 [[ 安卓 ]]  | |  2012年 
1 |- 
13 |弹 跳进化  | |  [[ 諾基 亞  N 900 ]]  | |  2009年 
1 |- 
11 |弹 跳 传说  | |  [[ N-Gage ]]  | |  2009年 
1 |- 
8 |轻 触弹 跳  ||  N-Gage  | |  2009年 
1 |- 
12 |弹 跳 博 英 之 旅  | |  N-Gage  | |  2008年 
1 |- 
12 |汉 堡火 拼  | |  [[ Java  ME |J 2ME] ]  || 
1 |- 
9 |火 爆狂 飙  ||  J 2ME  | |  2007年 
1 |- 
7 |崩溃 混乱  | |  J2M E| |  
1 |- 
8 | 网络 血液  | |  J2M E  || 
1 |- 
12 | 最 黑暗 的 恐惧   ||  iOS 、 J2ME  | |  2005年 
1 |- 
10 | 最 黑暗 的 恐惧 2  ||  J 2ME  || 
1 |- 
10 | 最 黑暗 的 恐惧 3  ||  J 2ME  || 
1 |- 
9 |沙 漠狙 击手  | |  J2M E  ||    2006年 
1 |- 
7 |龙 与 玉  ||  J 2ME  || 
1 |- 
8 |G P方 程式 赛车  | |  J2ME || 
1 |- 
8 |宝石 掉落  | |  J2M E| |  2008年 
1 |- 
7 |海洋 狙击 手 | |  J2ME || 
1 |- 
6 |鼹鼠 战争  | |  J2ME || 
1 |- 
9 |极品 飞车 ： 碳  ||  J 2ME  || 2006年 
1 |- 
6 |付费 杀  ||  J 2ME || 
1 |- 
7 |纸 飞机  | |  J2ME || 2008年 
1 |- 
7 |守 护天 使  | |  J2ME || 
1 |- 
8 |玩乐 男子 冬季 运动会 ||  J 2ME || 
1 |- 
8 | 疯狂 购物 ||  J 2ME  || 2008年 
1 |- 
15 |宇宙 冲击 ： 流星 之 盾  | |  [[诺基亚N 97 ]] 、  J 2ME || 
1 |- 
8 |天 星海洋  | |  J2M E  || 2007年 
1 |- 
8 |蘇 美亞 滑雪 跳台 ||  J 2ME || 
1 |- 
7 |斯瓦特 精锐 部队  | |  J2ME || 
1 |- 
13 | 美 海军 陆战队 侦察 兵狙 击手  | |  J2M E  || 2006年 
1 |- 
7 |托托 米  ||  iPhone 、 J2ME || 
1 |- 
8 | 缅甸 战争 日记  | |  J2ME || 
1 |- 
7 |鱼雷 战争 日记  | |  J2ME || 
1 |- 
6 |沃尔夫 月亮  | |  J2ME || 
1 |- 
7 |X 因素 2008  | |  J2ME || 
1 |- 
1 |} 
0 
4 == 參考 資料 == 
2 {{ Reflist}} 
0 
4 == 外部 連結 == 
17 *  {{ Official  we bsite| http : ／ ／ www.rovio.com ／ z h} }  {{ zh-cn }} 
14 *  {{ Official  we bsite| http : ／ ／ www.rovio.com ／ }}  { {en}} 
18 * [ http : ／ ／ www . crunchbase.com ／ company ／ rovio-mobile  Crunch Base  profile]  { {en}} 
0 
8 [[ Category : 芬蘭 電子 遊戲 公司 ]] 
8 [[ Category : 2003年 成立 的 公司 ]] 
9 [[ Category : 國際 遊戲 開發者 協會 成員 ]] 
2 {{ copyedit}} 
18 {{ Refimprove|time= 2014 - 05 - 20 T 06 : 51 : 18 + 00 : 00 }} 
20 {{ Exp and |time= 2014 - 05 - 20 T 06 : 51 : 18 + 00 : 00 }} 
2 {{ NoteTA 
26 |  T= zh-cn: 愤怒 的 小 鸟 星球 大 战版 ;  zh-hk :憤 怒鳥 星球 大 戰版 ;  zh-t w: 憤怒 鳥 星球 大 戰版 ; 
3 |  G1= Games 
3 |  G2= IT 
26 |  1= zh-cn: 愤怒 的 小 鸟 星球 大 战版 ;  zh-hk :憤 怒鳥 星球 大 戰版 ;  zh-t w: 憤怒 鳥 星球 大 戰版 ; 
15 |  2= zh-cn: 愤怒 的 小鸟 ;  zh-hk :憤 怒鳥 ;  zh-t w: 憤怒 鳥; 
1 }} 
6 {{ In fob ox  video game 
9 | title  =  憤怒 的 小鳥 星球 大 戰版 
7 | english= Angry  Bird s  Star  Wars 
8 | image  =  Angry  Bird s  Star  Wars.png 
6 |  developer  =  [[ Rovio  Entertainment]] 
8 | p ub lisher  =  [[ Rovio  Entertainment]] 
3 | producer = 
4 |  de signer = 
3 |  composer = 
8 | series   =  [[ 憤怒 的 小鳥 ]] 
6 | engine  =  [[ Box2D ]] 
6 | released  =   2012年 11月 8日 
7 |  genre  =  [ [益 智遊 戲]] 
7 |  modes  =  [ [單人 遊戲 ]] 
1 }} 
166 {{vgname| 憤怒 的 小鳥 星球 大 戰版 |en=Angry  Bird s  Star  Wars }} 為 一 [ [益 智遊 戲 ]] ， 是 [[ 憤怒 的 小鳥 系列 ]] 的 第五 個 作品 。 和 [[ 憤怒 的 小鳥 ]] 一樣 ， 玩家 控制 [[ 彈弓 ]] 來打 擊[ [建 築物 ]] 和 小豬 ， 以 摧毀 關 中 所有 的 小 豬為 最 終 目的 ， 但 角色 則與 憤怒 的 小鳥 的 完全 不同 。 截至 2013年 8月 ， 此 遊戲 在 不同 平台 上 已 被 下載 超過 一 億 次 <r ef >{ {cite  we b|author= Stuart  Dred ge |url= http : ／ ／ www . theguardian . com ／ te chnology ／ a pp sblog ／ 2013 ／ a ug ／ 23 ／angry-bird s-star-wars-2-iphone-android-windows-phone |title =Angry  Bird s  Star  Wars  I I  to launch  for  iOS ,  Android  and  W ind ow s  Phone  |p ub lisher=theguardian . com  | date=  |accessdate= 2013 - 12 - 02 } }< ／re f> 。 
0 
4 ==  關 卡  == 
5 == =  Tatooine  = == 
0 
6 == =  Death  Star  = == 
0 
9 == =  Path  of   the  Je di = == 
0 
6 == =  Golden  Droid  = == 
0 
5 == =  Hoth  = == 
0 
7 == =  Clou d  City  = == 
0 
7 == =  Boba  Fett  Missions  = == 
0 
8 == =  Moon  o f  Endor  = == 
0 
7 == =  Death  Star  2  = == 
0 
4 ==  評 價  == 
59 [[ Metacritic ]] 給予 憤怒 的 小鳥 星球 大 戰版 88 分 （ 滿分 100 分 ） 的 分數 。 <ref >{ {cite  web|url= http : ／ ／ www.metacritic . com ／ game／ios／angry-bird s-star-wars  | title =Angry  Bird s  Star  Wars  for  iPhone／iPad  Review s  |p ub lisher=Metacritic  |date=  |accessdate= 2013 - 06 - 24 } }< ／re f> 
0 
114 於 2013年 在 Rovio網頁 上 的 一 項 投票 ， 此 遊戲 被 評為 憤怒 的 小鳥 系列 中 最 好 的 作品 <ref >{ {cite  web|url= http s: ／ ／ p lus.google.com ／ 118177253929143457733 ／ posts ／ X C1D Ph P3AD W  |title =Angry  Bird s  -  Google +  -  Agree  or  disagree ?  And  w hy ?  |p ub lisher=Plus.google.com  | date=  |accessdate= 2013 - 09 - 12 } }< ／re f> 。 此 遊戲 的 [[ 面書 ]]版 同樣 受到 好評 <ref >{ {cite  web|url= http : ／ ／ www . techlurk . com／angry-bird s-star-wars-for-pc-windows- 87 xp ／ |title =Angry  Bird s  Star  Wars  for  P C} }< ／re f> 。 
0 
4 ==  續 集  == 
10 {{ main| 憤怒 的 小鳥 星球 大 戰版 II }} 
109 此 遊戲 的 續集 — 憤怒 的 小鳥 星球 大 戰版 II於 2013年 7月 15日 公佈 ， 於 同 年 9月 18日 推出 [[ Android O S]] 、 [[iO S]] 以及 [[ Wind ow s  Phone 8 ]] 版本 。 <ref >{ {cite  we b|author= The  Verge |url= http : ／ ／ www . the verge.com ／ 2013 ／ 7 ／ 15 ／ 4524534 ／angry-bird s-star-wars-sequel-in-september |title =' Angry  Bird s  Star  Wars  I I'  will follow  the  prequel trilogy  and  f eature physical toy s  |p ub lisher= The  Verge  | date = 2013 - 07 - 15   |accessdate= 2013 - 09 - 12 } }< ／re f> 
0 
4 ==  參考 資料  == 
4 {{r ef list }} 
0 
4 ==  參 見  == 
6 *  [[ 憤怒 的 小鳥 ]] 
5 *  [[ 星球 大戰 ]] 
0 
4 {{ Angry  Bird s}} 
10 {{ DE FAULT SORT: Angry  Bird s  Star  Wars }} 
7 [[ Category : 2012年 電子 遊戲 ]] 
7 [[ Category : 美國 動視 遊戲 ]] 
6 [[ Category : Android 遊戲 ]] 
5 [[ Category:OS  X 遊戲 ]] 
6 [[ Category:Play Station 3 遊戲 ]] 
6 [[ Category:Play Station  4 遊戲 ]] 
6 [[ Category:Play Station Vita 遊戲 ]] 
9 [[ Category : Wind ow s  Phone遊 戲 ]] 
7 [[ Category : Wii U 遊戲 ]] 
5 [[ Category : Wii遊戲 ]] 
8 [[ Category : 芬蘭 開發 電子 遊戲 ]] 
7 [[ Category : 星球 大戰 遊戲 ]] 
6 [[ Category : 益智 遊戲 ]] 
7 [[ Category :任 天堂 3D S遊戲 ]] 
5 [[ Category: Kinect 遊戲 ]] 
4 [[ Category:iOS 遊戲 ]] 
8 [[ Category : 電子 遊戲 跨界 作品 ]] 
18 {{re fimprove|time= 2014 - 06 - 27 T 06 : 14 : 37 + 00 : 00 }} 
1 {{noteTA 
3 |G 1= Games 
21 |T =z h-cn : 愤怒 的 小 鸟 英雄 传;  zh-hk :憤 怒鳥 英雄 傳;  z h-tw :憤 怒鳥 英雄 傳; 
14 |1= zh-cn: 愤怒 的 小鸟 ;  zh-hk :憤 怒鳥 ;  zh-t w: 憤怒 鳥; 
15 |2 = zh-cn :益智 游戏 ;  zh-hk :益 智遊 戲;  z h-tw :益 智遊 戲; 
16 |3 =z h-cn : 友谊 精油 ;  zh-hk :友 誼結 晶;  z h-tw :友 誼結 晶; 
12 |4= zh -cn: 地牢 ;  zh-hk :迷 宮;  z h-tw :迷 宮; 
11 |5 =zh-cn: 老兵 ;  zh-hk: 老手 ;  zh-t w: 老手 ; 
12 |6 =z h-cn : 精英 ;  zh-hk: 菁英 ;  zh-tw :菁 英; 
17 |7 =z h-cn :纪 事洞 ;  zh-hk : 年代 紀洞 穴;  z h-tw : 年代 紀洞 穴; 
15 |8 =zh-cn : 魔法 盾;  zh-hk : 魔法 盾牌 ;  zh-tw : 魔法 盾牌 ; 
16 |9 =z h-cn : 四 方 林;  zh-hk :方 塊 森林 ;  zh-t w: 方塊 森林; 
20 | 10 =z h-cn : 红色 大谷 地 ;  zh-hk : 紅色 大 河谷 ;  zh-t w: 紅色 大河 谷; 
18 | 11 = zh-cn : 无 底 洞 ;  zh-hk : 無底 深淵 ;  zh-t w: 無底 深淵; 
15 | 12 = zh-cn: 作坊 ;  zh-hk : 工作 坊;  z h-tw : 工作 坊; 
15 | 13 =z h-cn :雪 山峰 ;  zh-hk :積 雪峰 ;  zh-t w: 積雪 峰; 
19 | 14 = zh-cn :空 中 岛屿 ;  zh-hk : 天空 之 島 ;  zh-tw : 天空 之 島; 
13 | 15 =zh-cn: 沼泽 地 ;  zh-hk: 曠野 ;  zh-t w: 曠野 ; 
15 | 16 =z h-cn :火 山崖 ;  zh-hk :火山 峭壁 ;  zh-t w: 火山峭 壁; 
13 | 17 =z h-cn :翠 竹林 ;  zh-hk :竹 林;  zh-tw :竹 林; 
16 | 18 = zh-cn : 弹弓 林;  zh-hk : 彈弓 森林 ;  zh-t w: 彈弓 森林; 
18 | 19 =z h-cn : 黄金 地 ;  zh-hk : 金色 原野 ;  zh-t w: 金色 原野 ; 
18 | 20 =z h-cn :钴 高原 ;  zh-hk :鈷 金屬 高原 ;  zh-t w: 鈷金 屬 高 原; 
13 | 21 = zh-cn : 大 漩涡 ;  zh-hk:漩渦 ;  zh-tw :漩 渦; 
15 | 22 = zh-cn: 沉船 礁;  zh-hk : 海難 礁石 ;  zh-t w: 海難礁 石; 
15 | 23 = zh-cn :猪 龟岛 ;  zh-hk :豬 突佳 ;  zh-t w: 豬突 佳; 
18 | 24 = zh-cn :班 卓琴 河口 ;  zh-hk : 斑鳩 河口 ;  zh-t w: 斑鳩 河口 ; 
16 | 25 = zh-cn :旧 巢坟 ;  zh-hk : 舊巢 山丘 ;  zh-t w: 舊巢山 丘; 
16 | 26 =z h-cn :冬日 仙境 ;  zh-hk: 寒冬 仙境 ;  zh-t w: 寒冬 仙境 ; 
1 }} 
0 
6 {{ In fob ox  video game 
9 | title  =  愤怒 的 小 鸟 英雄 传 
7 | english  =  Angry  Bird s Epic 
14 | image  =  [[ File :Angry  Bird s Epic  Logo.png | 200 px ]] 
2 |  caption=  
6 |  developer  =  [[ Chimera  Entertainment]] 
8 | p ub lisher  =  [[ Rovio  Entertainment]] 
3 | producer = 
4 |  de signer = 
3 |  composer = 
3 | series =  
12 | engine  =  [[ Unity  （ 游戏 引擎 ） | Unity ]] 
3 | version =  
44 | released  =  { {Vgrelease| 澳大利亚 | 2014年 5月 17日 }} <br ／ > {{ Vgrelease| 新西兰 | 2014年 5月 17日 }} <br ／ > {{ Vgrelease| 新加坡 | 2014年 5月 17日 }} <br ／ > {{ Vgrelease| 全球 | 2014年 6月 12日 }} 
13 |  genre  =  [ [益智 游戏 ]] ， [[ 角色 扮演 游戏 ]] 
7 |  modes  =  [ [单人 游戏 ]] 
4 | rating s  =  
27 | plat forms  =  [ [iOS ]] <b r  ／ > [[ Android ]] <b r  ／ >[ [W ind ow s  Phone] ]< br  ／ > 
3 | media = 
5 | re quire ments  = 
1 }} 
0 
0 
4 ==  游戏 模式  == 
0 
159 游戏 的 故事 发生 在 猪岛 上 ， 玩家 可以 拖动 场景 ， 但 场景 是 随着 玩家 的 进度 而 逐渐 显现 的 。 游戏 中鸟 与 猪 与 其他 版本 有所 不同 ： 有 5 颗 鸟蛋 ， 而且 只 有 五 只 鸟 ： 红鸟 （ Red ） 、 黄鸟 （ Chuck ） 、 白鸟 （ Matilda ） 、 黑鸟 （ Bomb ） 和 三 只 蓝鸟 （ Jim 、 Jake 和 Jay ， 统称 The  Blues ） ； 雀斑 猪成 了 波奇 王子 （ Prince  Porky ） ， 厨师 猪成 了 法师 。 游戏 设有 等 级制 ， 等级 越 高 ， 小鸟 和 猪 的 血量 和 攻击 就 越 高 。 货币 有 三 种 ： 银币 、 金币 和 友谊 精油 。 银币 用 来 购买 普通 物品 ， 金币 用 来 购买 贵重 物品 ， 友谊 精油 可以 用来 重新 摇 转盘 或 重新 投骰子 （ 锻造 系统 中 ） 。 
0 
212 [[ File :Angry_ Bird s_Epic_ Screenshot . png | 240 px |thumb| 战斗 画面 ]] 游戏 中 玩家 会 与 猪 战斗 。 战斗 开始 时 ， 玩家 可以 给 小鸟 下达 命令 或 选择 自动 战斗 。 玩家 可以 把 小鸟 拖动 到 敌人 上 ， 小鸟 就 会 攻击 敌人 ， 敌人 有 可能 被 打倒 ； 单击 小鸟 或 把 小 鸟拖 到 队友 身上 可以 启用 自身 支持 技能 ； 当 屏幕 下方 的 暴怒 椒 满格 时 ， 玩家 可以 把 暴怒 椒拖 向 一 只 鸟 ， 这 只 鸟会 启用 暴怒 技能 。 当 玩家 给 所有 小鸟 都 下达 指令 之后 ， 猪 就 会 攻击 小 鸟 ， 小鸟 也 有 可能 被 打倒 。 猪 攻击 完毕 后 ， 一 个 回合 结束 ， 下 一 个 回合 开始 ， 玩家 继续 对 小鸟 下达 命令 。 玩家 还 可以 点右 上 角 的 按钮 以 使用 物品 。 若 猪 全部 被 打倒 （ 包括 正在 复活 的 ） ， 且 至少 有 一 只 鸟 存活 ， 则 玩家 胜利 ， 胜利 后 可以 摇奖 获得 物品 。 若 鸟 全部 被 打倒 ， 则 玩家 失败 ， 失败 后 可以 获得 安慰 奖 ， 如 几 枚 银币 。 
0 
106 游戏 还 设有 锻造 系统 以及 社交 功能 ， 玩家 可以 用 已 有 的 低 级 材料 合成 高级 材料 ， 或 将 已 有 材料 合成 为 物品 、 武器 或 防具 。 材料 可以 在 通关 时 或 资源 收集点 获得 。 玩家 取得 金猪 后 ， 可以 花 钱 或 看 广告 摇取 武器 或 防具 。 有 些 武器 和 防具 能 配套 使用 以 获得 额外 效果 。 登录 Rovio 账号 可以 在 云端 保存 进度 、 登录 [[ Face book ]] 账号 可以 添加 好友 以 获取 友谊 精油 ， 一定 时间 可以 免费 摇取 好友 的 金猪 。 
0 
4 ==  剧 情  == 
0 
183 猪王 （ King  Pig ） 要 法师 猪 （ Wizpig ） 去 夺取 鸟蛋 。 当时 鸟蛋 由 红鸟 和 黄鸟 值守 。 法师 猪 、 波奇 王子 和 一 群 猪抢 走 了 5 颗 鸟蛋 ， 还 把 黄鸟 、 铁砧 和 金猪 夺走 了 。 小鸟们 跋山 涉水 ， 途中 遇到 白鳥 、 黑鳥 和 藍鳥 ， 他 們 经历 了 许多 周折 ， 途中 红鸟 、 黄鸟 和 黑鸟 还 被 猪们 绑架 。 他们 到达 猪城 后 ， 夺取 了 五 颗 鸟蛋 。然 而 法师 猪 准备 背叛 猪王 ， 夺走 了 第五 颗 鸟蛋 以及 王冠 。 小 鸟们 登上 猪头山 ， 击破 五 个 魔法 屏障 ， 然后 进入 法师 猪 的 城堡 。 在 第二 波 战斗 中 ， 法师 猪 变异 ， 成 了 红色 的 恶魔法 师猪 。 法师 猪 召唤 波奇 王子 ， 可是 波奇 王子 来 了 后 为 鸟 服务 ， 一起 对抗 法师 猪 了 。 最终 ， 法师 猪 战败 ， 小鸟们 夺得 了 第五 颗 鸟蛋 ， 王子猪 夺回 了 王冠 ， 还 给 猪王 。 
0 
5 ==  地 图部 件  == 
0 
34 *  '' '关 卡' '' ： 进入 后 是 一 场 战斗 （ 可以 是 单轮 或 多 轮 ） ， 战斗 胜利 后 该 关卡 会 插上 带有 星星 的 蓝色 旗帜 。 
0 
36 *  '' '城 堡关 卡' '' ： 进入 后 是 一 场 多轮 战斗 ， 战斗 胜利 后 获取 一 颗 鸟蛋 （ 猪王城堡 除外 ） ， 并 会 插上 带有 星星 的 绿色 旗帜 。 
0 
44 *  '' '地 牢关 卡' '' ： 指定 时间 开放 ， 否则 需要 花 15 金币 进入 。 进入 后 是 一 场 多轮 战斗 ， 较 难 ， 战斗 胜利 后 获取 金钱 ， 并 会 插上 带有 星星 的 黑色 旗帜 。 
0 
15 * ' '' 大漩 涡' '' ： 是 一 个 没有 标记 的 关卡 。 
0 
21 * ' '' 职业 训练 师' '' ： 每 个 职业 训练师 都 会 提供 几 个 职业 供玩家 购买 。 
0 
23 *  '' '作 坊' '' ： 每 个 作坊 都 会 提供 几 个 武器 或 护盾 的 设计 图供 玩家 购买 。 
0 
33 * ' '' 资源 收集 点' '' ： 有 岩石 、 贝壳 和 树桩 三 种 ， 定期 发出 亮光 ， 此时 玩家 点击 它 就 会 获取 一定 数量 的 材料 。 
0 
20 * ' '' 黄门' '' ： 需要 用 黄 钥匙 打开 ， 打开 后 不 会 消耗 黄 钥匙 。 
0 
21 * ' '' 蓝门 ' '' ： 需要 用 蓝 钥匙 打开 ， 打开 后 不 会 消耗 蓝 钥匙 。 
0 
21 * ' '' 红门 ' '' ： 需要 用 红 钥匙 打开 ， 打开 后 不 会 消耗 红 钥匙 。 
0 
22 * ' '' 友谊 之 门' '' ： 需要 用 5 个 [[ Face book ]] 好友 或 25 金币 打开 。 
0 
18 *  '' '营 地' '' ： 在 南海滩 ， 进入 等 同于 点游 戏右 下角 的 按钮 。 
0 
12 *  '' '剧 院' '' ： 观看卡 通片 以及 其他 视频 。 
0 
20 *  '' '教 授猪 实验室 ''' ： 提供 食品 炼制 图纸 ， 达到 一定 等级 时 可以 购买 获得 。 
0 
59 * ' '' 神鹰 训练 场' '' ： 提供 职业 的 升级 ， 在 获取 旧 巢坟 的 剑后 每 次 提供 3 种 升级 项目 ， 过数 小时候 刷新 。 玩家 可以 花 银币 或 金币 依次 把 鸟 的 职业 升级 为 老兵 （ 铜牌 ） 、 精英 （ 银牌 ） 、 大师 （ 金牌 ） 。 
0 
11 *  '' '纪 事洞 入口 ' '' ： 进入 纪事洞 。 
0 
4 ==  地 图  == 
0 
6 == =  南海 滩  = == 
0 
5 {|  c lass =" wikitable" 
1 |- 
15 !  英文 名  !!  关 卡数  ! !  多 轮关 卡数  ! !  推出 时间 
1 |- 
13 |  South  Beach  | |  5  ||  0  | |  2014年 5月 17日 
1 |} 
0 
5 游戏 开始 的 地方 。 
0 
18 '' '关 卡' '' ： 南海 滩1-4 ， 聚宝林 （ Cornucopia  Woods ， 通往 石灰岩 潟湖 ） 。 
0 
8 '' '特 殊场 景' '' ： 营地 。 
0 
5 ===  钴 高原  = == 
0 
5 {|  c lass =" wikitable" 
1 |- 
15 !  英文 名  !!  关 卡数  ! !  多 轮关 卡数  ! !  推出 时间 
1 |- 
13 |  Cobalt Plateaus  | |  26  | |  8  ||   2014年 5月 17日 
1 |} 
0 
17 南海滩 以北 的 高原 ， [[ 憤怒 鳥卡 通|卡 通片 ]] 中 是 小鸟 的 栖息地 。 
0 
88 '' '关 卡' '' ： 猪猪 监狱 （ Pig  Prison ， 解救 黄鸟 ） ， 钴 高原 1- 12 ， 钴猪 城堡 （ 放置 第一 颗 鸟蛋 ） ， 南钴 高原 ， 东钴 高原 1-8 （ 进入 东钴 高原 3-8 需要 '' '黄 钥匙 ' '' ， 进入 5-8 需要 ' '' 蓝钥 匙' '' ， 进入 7-8 需要 '' '红 钥匙 ''' ） ， 西钴 高原 ， 白鸟 花园 （ White  Garden ） ， 迷魂桥 （ Pu zz le  Bridge ， 通 向 黄金 地 ） 。 
0 
25 '' '特 殊场 景' '' ： 剧院 ， 岩石 资源 收集 点 ， 职业 训练师 ， 作坊 X2 ， 黄门 ， 蓝门 ， 红门 。 
0 
6 == =  黄金 地  = == 
0 
5 {|  c lass =" wikitable" 
1 |- 
15 !  英文 名  !!  关 卡数  ! !  多 轮关 卡数  ! !  推出 时间 
1 |- 
14 |  Gold en  Fields  | |  4  ||  1  | |  2014年 5月 17日 
1 |} 
0 
7 田地 ， 教授 猪实 验室 所在地 。 
0 
9 '' '关 卡' '' ： 黄金 地 1-4 。 
0 
10 '' '特 殊场 景' '' ： 教授 猪实 验室 。 
0 
6 == =  胡子 林 = == 
0 
5 {|  c lass =" wikitable" 
1 |- 
15 !  英文 名  !!  关 卡数  ! !  多 轮关 卡数  ! !  推出 时间 
1 |- 
12 |  Beard  Forest  ||  2   ||  0  | |  2014年 5月 17日 
1 |} 
0 
8 需要 开启 友谊 之门 进入 该 场景 。 
0 
8 '' '关 卡' '' ： 胡子 林1-2 。 
0 
10 '' '特 殊场 景' '' ： 友谊 之 门 。 
0 
6 == =  石灰岩 潟湖  = == 
0 
5 {|  c lass =" wikitable" 
1 |- 
15 !  英文 名  !!  关 卡数  ! !  多 轮关 卡数  ! !  推出 时间 
1 |- 
13 |  Limestone Lagoon  | |  8  ||  1  | |  2014年 5月 17日 
1 |} 
0 
12 环绕 沙漠岛 的 一 个 潟湖 ， 有 一 个 漩涡 。 
0 
29 '' '关 卡' '' ： 石灰岩 潟湖 1-6 ， 白鲸 （ The   White  Whale ） ， 大漩涡 （ 与 石灰岩 潟湖 6 连接 ， 没有 关卡 标记 ） 。 
0 
16 '' '特 殊场 景' '' ： 贝壳 资源 收集 点 ， 职业 训练师 ， 作坊 。 
0 
5 == =  南海  = == 
0 
5 {|  c lass =" wikitable" 
1 |- 
15 !  英文 名  !!  关 卡数  ! !  多 轮关 卡数  ! !  推出 时间 
1 |- 
15 |  Sou the rn  Sea | |  5  ||  1  | |  2014年 5月 17日 
1 |} 
0 
8 位 于 石灰岩 潟湖 以南 的 海域 。 
0 
21 '' '关 卡' '' ： 沉船 礁 （ Shipwreck  Reef ） ， 南海 （ Sou the rn  Sea ） 1-4 。 
0 
8 '' '特 殊场 景' '' ： 无 。 
0 
5 == =  沙漠岛  = == 
0 
5 {|  c lass =" wikitable" 
1 |- 
15 !  英文 名  !!  关 卡数  ! !  多 轮关 卡数  ! !  推出 时间 
1 |- 
14 |  Desert  Isl and  | |  5  ||  2  | |  2014年 5月 17日 
1 |} 
0 
12 放置 第二 颗 鸟蛋 的 地方 ， 需要 打开 黄门 进入 。 
0 
20 '' '关 卡' '' ： 沙漠岛 1-3 ， 沙漠 猪城堡 （ 放置 第二 颗 鸟蛋 ） ， 东沙 漠岛 。 
0 
10 '' '特 殊场 景' '' ： 黄门 ， 作坊 。 
0 
6 == =  海盗 海岸  = == 
0 
5 {|  c lass =" wikitable" 
1 |- 
15 !  英文 名  !!  关 卡数  ! !  多 轮关 卡数  ! !  推出 时间 
1 |- 
13 |  Pirate  Coast  | |  4  ||  2  | |  2014年 5月 17日 
1 |} 
0 
11 通向 弹弓 森林 和 班卓琴 河口 ， 海盗 猪 广布 。 
0 
19 '' '关 卡' '' ： 海盗 海岸 1-3 ， 猪龟岛 （ 地牢 ， 每 周 一 开放 ） 。 
0 
9 '' '特 殊场 景' '' ： 职业 训练师 。 
0 
6 == =  弹弓 林 = == 
0 
5 {|  c lass =" wikitable" 
1 |- 
15 !  英文 名  !!  关 卡数  ! !  多 轮关 卡数  ! !  推出 时间 
1 |- 
13 |  Slingshot  Woods  | |  11   ||  4  | |  2014年 5月 17日 
1 |} 
0 
12 位 于 猪岛 西南部 ， 有 一 条 河 穿 过 。 
0 
28 '' '关 卡' '' ： 弹弓 林1-6 ， 西弹 弓林 ， 东弹 弓林 ， 北弹 弓林 1-3 （ 进入 北弹 弓林 2-3 需要 打开 友谊 之门 ） 。 
0 
21 '' '特 殊场 景' '' ： 作坊 X2 ， 贝壳 资源 收集 点 ， 职业 训练师 ， 友谊 之 门 。 
0 
7 == =  班 卓琴 河口  = == 
0 
5 {|  c lass =" wikitable" 
1 |- 
15 !  英文 名  !!  关 卡数  ! !  多 轮关 卡数  ! !  推出 时间 
1 |- 
13 |  Banjo  Bayou  | |  3  ||  1  | |  2014年 5月 17日 
1 |} 
0 
9 深绿色 的 森林 ， 需要 打开 蓝门 进入 。 
0 
23 '' '关 卡' '' ： 班 卓琴 河口 1-2 ， 漂浮 猪屋 （ Floating  Hoghouse ， 地牢 ， 每 周三 开放 ） 。 
0 
8 '' '特 殊场 景' '' ： 蓝门 。 
0 
6 == =  大 峭壁  = == 
0 
5 {|  c lass =" wikitable" 
1 |- 
15 !  英文 名  !!  关 卡数  ! !  多 轮关 卡数  ! !  推出 时间 
1 |- 
13 |  Great Cliffs  | |  4  ||  1  | |  2014年 5月 17日 
1 |} 
0 
13 位 于 弹弓林 以北 ， 有 一 座 桥 连 到 星形礁 。 
0 
8 '' '关 卡' '' ： 大峭 壁1-4 。 
0 
8 '' '特 殊场 景' '' ： 作坊 。 
0 
5 ===  星 形礁  = == 
0 
5 {|  c lass =" wikitable" 
1 |- 
15 !  英文 名  !!  关 卡数  ! !  多 轮关 卡数  ! !  推出 时间 
1 |- 
13 |  Star  Reef  | |  10   ||  5  | |  2014年 5月 17日 
1 |} 
0 
18 由 一 条 细长 的 沙滩 和 珊瑚 广布 的 礁石 构成 ， 第三 颗 蛋放 置点 。 
0 
32 '' '关 卡' '' ： 星形礁 1-8 ， 幽灵 船 （ Ghost  Ship ， 地牢 ， 每 周 二 开放 ） ， 星形 礁 城堡 （ 放置 第三 颗 蛋 ） 。 
0 
22 '' '特 殊场 景' '' ： 职业 训练师 ， 贝壳 资源 收集 点 ， 蓝门 （ 在 剧情 中 出现 ） 。 
0 
6 == =  翠竹 林 = == 
0 
5 {|  c lass =" wikitable" 
1 |- 
15 !  英文 名  !!  关 卡数  ! !  多 轮关 卡数  ! !  推出 时间 
1 |- 
13 |  Bamboo  Forest | |  13   ||  4  | |  2014年 5月 17日 
1 |} 
0 
15 竹子 广布 ， 在 游戏 中红鸟 、 黄鸟 和 黑鸟 被 绑架 的 地方 。 
0 
30 '' '关 卡' '' ： 翠竹 林1-9 ， 西翠 竹林 ， 东翠 竹林 1-3 （ 东翠 竹林1 需要 开启 红门 ， 东翠 竹林 2-3 需要 开启 友谊 之门 ） 。 
0 
25 '' '特 殊场 景' '' ： 蓝门 ， 作坊 X2 ， 红门 ， 树桩 资源 收集 点 ， 友谊 之 门 ， 职业 训练师 。 
0 
5 == =  火山岛  = == 
0 
5 {|  c lass =" wikitable" 
1 |- 
15 !  英文 名  !!  关 卡数  ! !  多 轮关 卡数  ! !  推出 时间 
1 |- 
14 |  Volcano  Isl and  | |  2  ||  2  | |  2014年 5月 17日 
1 |} 
0 
16 由 火山崖 和 火山岛 地牢 组成 ， 火 山崖 是 游戏 中 的 十字 路口 。 
0 
21 '' '关 卡' '' ： 火山崖 （ Volcano Cliff ） ， 火山岛 （ 地牢 ， 每 周 四 开放 ） 。 
0 
8 '' '特 殊场 景' '' ： 无 。 
0 
5 == =  雪山峰  = == 
0 
5 {|  c lass =" wikitable" 
1 |- 
15 !  英文 名  !!  关 卡数  ! !  多 轮关 卡数  ! !  推出 时间 
1 |- 
13 |  Snow y  Peak  ||   15   ||  6  | |  2014年 5月 17日 
1 |} 
0 
7 放置 第四 颗 蛋 的 地方 。 
0 
46 '' '关 卡' '' ： 峡谷 地 （ Canyon L and ） 1-3 ， 冬日 仙境 （ Winter   Wonderl and ） 1-5 ， 雪山 峰1-3 ， 山猪 城堡 （ 放置 第四 颗 蛋 ） ， 空中 岛屿 （ Isl and  in  the  Sky ） 1-3 。 
0 
18 '' '特 殊场 景' '' ： 作坊 X2 ， 职业 训练师 X2 ， 岩石 资源 收集 点 。 
0 
6 == =  南瓜 高原  = == 
0 
5 {|  c lass =" wikitable" 
1 |- 
15 !  英文 名  !!  关 卡数  ! !  多 轮关 卡数  ! !  推出 时间 
1 |- 
13 |  Pumpkin  Plateau | |  3  ||  2  | |  2014年 5月 17日 
1 |} 
0 
11 神鹰 的 训练场 所在地 ， 南瓜 及 丧尸 猪 广布 。 
0 
25 '' '关 卡' '' ： 南瓜 高原 1-2 ， 没 糖果 就 捣蛋 （ Trick  or  Treat ， 地牢 ， 每 周五 开放 ） 。 
0 
10 '' '特 殊场 景' '' ： 神鹰 的 训练场 。 
0 
6 == =  四方 林 = == 
0 
5 {|  c lass =" wikitable" 
1 |- 
15 !  英文 名  !!  关 卡数  ! !  多 轮关 卡数  ! !  推出 时间 
1 |- 
13 |  Square  Forest | |  4  ||  2  | |  2014年 5月 17日 
1 |} 
0 
9 这里 的 树木 横 截面 是 方形 的 。 
0 
18 '' '关 卡' '' ： 四方 林1-3 ， 北 四 方林 （ 需要 打开 红门 进入 ） 。 
0 
8 '' '特 殊场 景' '' ： 红门 。 
0 
7 == =  红色 大谷 地  = == 
0 
5 {|  c lass =" wikitable" 
1 |- 
15 !  英文 名  !!  关 卡数  ! !  多 轮关 卡数  ! !  推出 时间 
1 |- 
14 |  Red Giant Valley  | |  4  ||  1  | |  2014年 5月 17日 
1 |} 
0 
4 在 四方 林北部 。 
0 
17 '' '关 卡' '' ： 红色 大谷 地 1-4 （ 进入 3-4 需要 友谊 之门 ） 。 
0 
15 '' '特 殊场 景' '' ： 作坊 ， 友谊 之 门 ， 职业 训练师 。 
0 
6 == =  沼泽 地  = == 
0 
5 {|  c lass =" wikitable" 
1 |- 
15 !  英文 名  !!  关 卡数  ! !  多 轮关 卡数  ! !  推出 时间 
1 |- 
14 |  Moorl and s  ||  3  | |  1 | |  2014年 5月 17日 
1 |} 
0 
5 连接 火山岛 和 湖泊区 。 
0 
9 '' '关 卡' '' ： 沼泽 地 1-3 。 
0 
8 '' '特 殊场 景' '' ： 作坊 。 
0 
5 == =  湖泊区  = == 
0 
5 {|  c lass =" wikitable" 
1 |- 
15 !  英文 名  !!  关 卡数  ! !  多 轮关 卡数  ! !  推出 时间 
1 |- 
14 |  Lake  L and  | |  8  ||  4  | |  2014年 5月 17日 
1 |} 
0 
12 湖泊 广布 ， 北边 是 北海 （ 夺潜艇 的 地方 ） 。 
0 
31 '' '关 卡' '' ： 湖泊区 1-3 ， 无底 洞 （ Bottomless  Cave ， 地牢 ， 每 周 六 开放 ） ， 北海 （ Nor the rn  Sea ） 1-4 。 
0 
18 '' '特 殊场 景' '' ： 岩石 材料 收集 点 ， 职业 训练师 ， 贝壳 材料 收集点 。 
0 
5 == =  东海  = == 
0 
5 {|  c lass =" wikitable" 
1 |- 
15 !  英文 名  !!  关 卡数  ! !  多 轮关 卡数  ! !  推出 时间 
1 |- 
13 |  Eastern  Sea | |  9  ||  4  | |  2014年 5月 17日 
1 |} 
0 
13 猪岛 东边 的 海域 ， 在 靠近 猪城 的 一带 有 水雷 。 
0 
46 '' '关 卡' '' ： 东海 1-5 ， 东海6 （ 连接 红色 大 河谷1 ） ， 东海7 （ 连接 红色 大 河谷4 ） ， 猪城 海港 （ Pig City  Harbor ） ， 沉没 的 金字塔 （ Sunken Pyramid ， 地牢 ， 每 周日 开放 ） 。 
0 
10 '' '特 殊场 景' '' ： 贝壳 材料 收集点 。 
0 
6 == =  旧 巢坟  = == 
0 
5 {|  c lass =" wikitable" 
1 |- 
15 !  英文 名  !!  关 卡数  ! !  多 轮关 卡数  ! !  推出 时间 
1 |- 
15 |  Ol d  Nesting   Barrows  | |  6  ||  1  | |  2014年 5月 17日 
1 |} 
0 
12 在 猪城 以南 ， 是 拿剑 解锁 神鹰 训练场 的 地方 。 
0 
8 '' '关 卡' '' ： 旧巢 坟1-6 。 
0 
12 '' '特 殊场 景' '' ： 作坊 X2 ， 职业 训练师 。 
0 
5 == =  猪城  = == 
0 
5 {|  c lass =" wikitable" 
1 |- 
15 !  英文 名  !!  关 卡数  ! !  多 轮关 卡数  ! !  推出 时间 
1 |- 
13 |  Pig City  | |  4  ||  2  | |  2014年 5月 17日 
1 |} 
0 
12 猪 的 生活 地带 ， 放置 第五 颗 蛋 的 地方 。 
0 
10 '' '关 卡' '' ： 猪城 1-3 ， 猪王城堡 。 
0 
11 '' '特 殊场 景' '' ： 纪事洞 入口 ， 作坊 。 
0 
5 == =  猪头山  = == 
0 
5 {|  c lass =" wikitable" 
1 |- 
15 !  英文 名  !!  关 卡数  ! !  多 轮关 卡数  ! !  推出 时间 
1 |- 
13 |  Hog  Head  Mountain  ||   14   ||  6  | |  2014年 5月 17日 
1 |} 
0 
19 圆形 的 山 ， 形似 猪 ， 放置 被 法师 猪 夺取 的 第五 颗 蛋 的 地方 。 
0 
31 '' '关 卡' '' ： 猪头山 1-6 ， 大嘴池 （ Mout h  Pool ） ， 北猪 头 山 ， 魔法 盾 （ Magic  Shield ） 1-5 ， 法师 猪 城堡 。 
0 
15 '' '特 殊场 景' '' ： 树桩 材料 收集 点 ， 岩石 材料 收集点 。 
0 
6 == =  纪事 洞 = == 
0 
5 {|  c lass =" wikitable" 
1 |- 
11 !  英文 名  !!  关 卡数  ! !  多 轮关 卡数 
1 |- 
9 |  Chronicle  Cave  | |  110  | |  99 
1 |} 
0 
98 '' '关 卡' '' ： 摇晃 的 大厅 （ Shaking Hall ） 1- 10 ， 多 雨 高原 （ Rain  Plateaus ） 1- 10 ， 雾洞 （ Misty  Hollow ） 1- 10 ， 疗伤 穴 （ Cure  Cavern ） 1- 10 ， 燃烧 的 平原 （ Burning  Plain ） 1- 10 ， 漫漫 寒冬 （ Endless  Winter ） 1- 10 ， 被 遗忘 的 堡垒 （ Forgotten   Bastion ） 1- 10 ， 怪 地方 （ Strange  Site ） 1- 10 ， 猪窝 （ Pig  Lair ） 1- 10 ， Citadel   1- 10 ， Mocking   Canyon  1- 10 。 
0 
84 1 至 5层 于 2014年 5月 17日 推出 ； 6至 7层 于 2014年 7月 29日 推出 Android 版本 ， 然后 于 8月 4日 推出 iOS 版本 ； 8至 9层 于 2014年 9月 5日 推出 Android 版本 ， 然后 于 9月 14日 推出 iOS 版本 ； 第 10 至 11 层 于 2014年 10月 21日 推出 。 得到 5 颗 鸟蛋 后 开放 ， 关卡 较 难 ， 每 一 层 洞穴 都 有 一 个 对 小鸟 有害 或 对猪 有益 的 效果 。 
0 
7 == =  黄金 之 云  = == 
0 
5 {|  c lass =" wikitable" 
1 |- 
15 !  英文 名  !!  关 卡数  ! !  多 轮关 卡数  ! !  推出 时间 
1 |- 
13 |  Golden Clouds  | |  1  ||  0  | |  2014年 6月 10日 
1 |} 
0 
18 每 天 出现 ， 进入 该 关卡会 与 金猪 战斗 ， 胜利 后 获取 每 日 奖励 。 
0 
8 '' '关 卡' '' ： 黄金 之 云 
0 
4 ==  参考 资料  == 
0 
4 {{r ef list }} 
0 
5 ==  外 部链 接  == 
0 
8 *  http : ／ ／ epic.angrybirds . com 
0 
4 {{ Angry  Bird s}} 
8 {{ DE FAULT SORT: Angry  Bird s Epic}} 
7 [[ Category : 角色 扮演 游戏 ]] 
5 [[ Category :iOS 游戏 ]] 
6 [[ Category : Android 游戏 ]] 
9 [[ Category : Wind ow s  Phone 游戏 ]] 
7 [[ Category : 2014年 电子 游戏 ]] 
2 {{ Navbox 
5 | name     =  Angry  Birds 
27 | title    =  《 [[ 愤怒 的 小 鸟| -{ zh-cn: 愤怒 的 小鸟 ;  zh-hk :憤 怒鳥 ;  zh-t w: 憤怒 鳥; }- ]] 》 系列 
6 | state  =  {{ {state|autocollapse} }} 
5 |  listclass  =  h list 
8 | a bove  =  [[ Rovio 娱乐 ]] 
5 | group 1  =  遊戲 
132 |  list1  =  [[ 憤怒 的 小鳥 ]] {{ . w}} [[ 憤怒 的 小 鳥季 節版 |季 節版 ]] {{ . w}} [[ 憤怒 的 小鳥 里 約版 |里 約版 ]] {{ . w}} [[ 憤怒 的 小鳥 太空 版| 太空版 ]] {{ . w}} [[ 憤怒 的 小鳥 星球 大 戰版 | 星球 大 戰版 ]] {{ . w}} [[ 憤怒 的 小鳥 Frien d s| Friends ]] {{ . w}} [[ 憤怒 的 小鳥 星球 大 戰版 II| 星球 大 戰版 II ]] {{ . w}} [[ 憤怒 的 小鳥 Go!| Go! ]] {{ . w}} [[ 愤怒 的 小 鸟 英雄 传| 英雄 传] ]{ {. w}} [[ 愤怒 的 小鸟 思黛 拉| 思黛 拉] ]{ {. w}} [[ 愤怒 的 小鸟 变形 金刚 版| 变形 金刚版 ]] 
5 | group 2  =  特集 
9 |  list 2  =  [[ 憤怒 的 小鳥 Trilogy]] 
6 | group 3  =  派生 作品 
31 |  list3  =  [ [憤 怒鳥卡 通| 卡通 ]] （ [[ 愤怒 的 小 鸟卡 通片 集数 列 表| 各 集 列表 ]] ） {{ . w} }[ [搗 蛋豬 ]] 
5 | group 4  =  食品 
9 |  list 4  =  [[ 憤怒 鳥 食品 ]] 
2 }} <noinclude> 
4 {{ collap sible  option}} 
7 [[ Category: 电子 游戏 系列 模板 ]] 
1 <／noinclude> 
22 {{ cite che ck |time = 2013 - 05 - 04 T 10 : 06 : 46 + 00 : 00 }} 
6 {{ In fob ox  video game 
6 | title  =  神奇 的 阿力 
3 | image  =  
3 |  caption =  
24 |  developer  =  [[ Rovio  Entertainment]] <b r  ／ > Mystery  Coconut  Games,  Snapp y  Touch （ Casey ' s  Contraptions 的 开发者 ） 
3 | producer =  
15 |  common  =  { {vgrelease|T WH K= 疯狂 的 艾力克斯 |C N=神奇 的 阿力 }} 
4 |  de signer =  
5 |  level de signer =  
3 | programmer =  
3 | artist  =  
3 |  composer =  
3 | engine  =  
8 | p ub lisher =  [[ Rovio  Entertainment]] 
2 | version= 
10 | released  =   2012年 7月 12日 <ref >{ {cite  encyclopedia 
7  |  encyclopedia  =A mazing  Ale x  Wiki 
5  |  title  =  Amazing  Alex 
14  | url  =  http : ／ ／ a mazingalex.wikia.com ／ wiki ／ Amazing _Alex 
8  |  accessdate  =  2013 - 05 - 03 
24  |  q uote  =  The  game will be launched  on July   12 ,   2012  as a  paid  game in iO S an d  Android. 
4  | language = en 
3 }} <／re f> 
7 |  genre  =  [ [益智 游戏 ]] 
4 |  mode s  =  
17 | rating s  =  {{vgrating s| [[ Google Play ] ]|  心 智成 熟度  -  低 }} 
60 | plat forms  =  [ [iOS ]] 、 [[ Android ]] 、 [[ Wind ow s  Phone] ]< re f> {{ Cite  we b |url= http : ／ ／ www.rovio.com ／ en ／our-work ／ games ／ view ／ 45 ／amazing-alex  |title=Amazing  Ale x  |accessdate= 2013 - 05 - 04   |p ub lisher= [[ Rovio  Entertainment]]  | language=en }} <／re f> 
3 | media = 
5 | re quire ments  = 
6 | input  = [[ 觸控 ]] 
1 }} 
0 
30 《 ''' 神奇 的 阿力 '' ' 》 （ Amazing  Alex ） 是 一 款 由 开发 过 《 [[ 愤怒 的 小鸟 ]] 》 <re f> {{ Cite web 
12 |url =  http : ／ ／ www.rovio.com ／ en ／our-work ／ games 
3 |title= Our  Work 
6 |accessdate=   2013 - 05 - 03 
2 |language= en 
0 
0 
4 ==  背 景  == 
27 游戏 的 背景 是 一 位 对 事物 充满 好奇 的 男孩 [[ 艾力克斯 ]] ， 他 拥有 无边 无际 的 想像力 <re f> {{ Cite web 
24 |url =  http : ／ ／ down . tech.sina . com . cn ／ 3g soft ／ download . ph p? id = 7819 
8 |title =  神奇 的 阿力  A mazing  Alex 
6 |accessdate=   2013 - 05 - 03 
3 |language =  zh 
26 }} <／re f> ， 喜歡 通过 摆弄 周围 的 物品 ， 產生 连锁 反应 的 装置 ， 来 达到 任务 目标 。 <ref >{ {cite video 
8  |  date           =  2012 - 07 - 10 
9  |  title          =  Amazing  Alex  official launch  t railer 
17  |  url             =  http : ／ ／ www . youtube.com ／ watch ?v =x k7vezL 36 IU 
11  |  p ub lisher    =  Amazing  Alex  official launch  t railer 
8  |  accessdate  =  2013 - 03 - 29 
3 }} <／re f> 
0 
4 ==  玩 法  == 
85 這遊戲 要 利用 各 種 的 道具 ， 透過 连锁 反应 的 装置 ， 產生 物理 現象 ， 達到 過關 的 條件 ， 只要 你 順利 達成 ， 就 會到 下 一 關 。 如果 在 過關 的 同時 能 碰觸 到 那些 星星 ， 會有 更 高 的 分數 。 遊戲 要 先 將 道具 和 物品 做 適當 的 擺設 ， 等 一切 都 設置 妥當 後 ， 按 開始鍵 ， 物品 就 會開 始運 作 了 。 <re f> {{ Cite web 
22 |url =  http : ／ ／ www . freegroup.org ／ 2012 ／ 08 ／ free -android -apps-amazing-alex ／ # . UV Tyrhynr9w 
25 |title =  &# 91 ; Android &# 93 ;  Amazing  Alex  憤 怒鳥 團隊 最新 力作 ， 透過 各 種 物理 作用 來玩 遊戲 ！ 
6 |accessdate=   2013 - 03 - 29 
3 |author =  Boring 
6 |date=   2012 - 08 - 14 
8 |p ub lisher=  免 費 資源 網路 社群 
3 |language =  zh 
7 }} <／re f> <ref >{ {cite video 
8  |  date           =  2012 - 07 - 15 
14  |  title          =  Amazing  Ale x  -  Level 3-1  -  Walkthrough - 3  Stars 
15  |  url             =  http s: ／ ／ www . youtube.com ／ watch?v=yGci q9 zu _UI 
7  |  p ub lisher   =  i3 Stars 
8  |  accessdate  =  2013 - 03 - 29 
5  |  time           =  0: 35 
3 }} <／re f> 
0 
17 玩家 也 可 自行 使用 各 種 的 道具 設計 關卡 ， <re f> {{ Cite web 
15 |url =  http : ／ ／ www . soft 4f un.net ／ ip ad -iphone／amazing-alex.htm 
15 |title =  「 Amazing  Alex 」 Angry  Bird s  公司 最新 力作 強勢 登場 ！ 
6 |accessdate=   2013 - 03 - 29 
3 |author =  Werboy 
6 |date=   2012 - 07 - 13 
7 |p ub lisher =  硬是 要 學 
3 |language =  zh 
41 |q uote =  如果 你 已 經 玩出 一些 心得 的 話 ， 還 可以 自己 設 計關 卡來 跟 世界 玩家 分享 、 挑戰 ， 也 就 是 說有 無限 個關卡 等 你 去 挑戰 ， 不 錯 吧 ！ 
16 }} <／re f> 也 可以 把 自行 設計 的 關卡 分享 出去 <ref >{ {cite  encyclopedia 
7  |  encyclopedia  =A mazing  Ale x  Wiki 
7  |  title  =  User c reated  levels 
17  | url  =  http : ／ ／ a mazingalex.wikia.com ／ wiki ／ Us er _c reated _levels 
8  |  accessdate  =  2013 - 05 - 03 
26  |  q uote  = One  of   the  g reat  f eatues  o f  Amazing  Ale x  the   the  ability   to  c reate  and   share your  levels. 
4  | language = en 
4 }} <／re f> 。 
0 
4 ==   外界 評價  == 
37 此 遊戲 可 透過  [ [A p p  Store] ]  的  [[ Game  Center ]] 分享 自己 的 遊戲 流程 ， 有 玩家 認為 此 舉 可 增加 遊戲 的 耐玩性 。 <re f> {{ Cite web 
17 |url =  http : ／ ／ techorange.com ／ 2012 ／ 08 ／ 03 ／ a mazing-alex ／ 
14 |title =  能否 拷貝 憤怒 鳥 經驗 ？ 談  Rovio  新 作  Amazing  Alex 
6 |accessdate=   2013 - 03 - 29 
3 |author=  唐 比爾 
6 |date=   2012 - 08 - 03 
6 |p ub lisher =  科技 報橘 
3 |language =  zh 
13 |q uote =  利用 社群 及 分享 的 概念 ， 增加 遊戲 耐玩性 
101 }} <／re f> 另外 ， 有 玩家 認為 《 神奇 的 阿力 》 是 一 款 寓教 於樂 的 遊戲 。 <re f> {{ Cite  we b |url= http : ／ ／ pl ay p ce sor.blogspot . com ／ 2012 ／ 07 ／amazing-alex.html |title=Amazing  Alex  憤 怒鳥 團隊 新作 下載 ！ 神奇 的 物理益 智遊 戲  |accessdate= 2013 - 05 - 03  |author =異 塵行者  |p ub lisher= 電腦 玩物  | quote= 「 Amazing  Alex 」 是 一 款 寓教 於樂 ， 物體 動態 效果 精采 的 好 遊戲 ， 推薦 大家 可以 玩 玩 看 。 }} <／re f> 
0 
0 
0 
40 在 [[ Google Play ]] 中 ， 該遊戲 的 平均 分數 是 4.3 分 （ 滿分 5分 ） 。 有 玩家 在 [[ Google Play ]] 上 批評 ， 《 神奇 的 阿力 》 並 不 是 太 有趣 。 
4 == 参考 资料 == 
4 {{r ef list }} 
0 
6 {{ DE FAULT SORT:Amazing  Alex }} 
7 [[ Category : 2012年 电子 游戏 ]] 
6 [[ Category : Android 遊戲 ]] 
4 [[ Category:IOS 遊戲 ]] 
5 [[ Category :益智 游戏 ]] 
5 [[ Category: 战略 游戏 ]] 
2 {{ RoughTranslation}} 
1 {{noteTA 
19 |T =z h-cn : 愤怒 的 小 鸟卡 通片 ;  zh-hk :憤 怒鳥卡 通;  z h-tw :憤 怒鳥卡 通; 
1 }} 
5 {{ In fob ox  television 
6 |show_name  =  Angry  Bird s  Toons 
2 |image  =  
2 |caption = 
12 |c reator  =  Mikael Hed <br ／ >Lauri  Konttori<br ／ >Mikko  Pöllä 
9 |open the me  =  " Angry  Bird s  Toons" 
2 |num_seasons= 2 
6 |n um _e pisodes =  52 
12 |  list _e pisodes               =  愤怒 的 小 鸟卡 通片 集数 列表 
5 |country   =  [[ 芬蘭 ]] 
8 |language  =  芬蘭 語  <br ／ > 英語 
40 | company  =  [[ Rovio  Entertainment] ]< br ／ > [[ Toon City ]]  <small> （ 13 - 44 集; 47 集- 至今 ） <／small >< br ／ >[ [A tomic  Cartoons] ]<small>  （ 45 - 46 集 ） <／small> 
6 | distributor  =  [[ Ad Mob]] 
20 |net work  =  [[ Rovio  Entertainment# ToonsT V| ToonsT V] ]< br ／ >[ [# International  distribution|various  b road cast]] 
13 |  first _aired  =  {{ Start  date| 2013 | 03 | 16 }} 
6 |  last _aired  =  至 今  
4 |status  =  New series 
6 |format  =    [[ 電視 動畫 ]] 
13 |we bsite =  http : ／ ／ www.angrybirds . com ／ toons ／ 
1 }} 
65 '' '憤 怒鳥卡 通' '' （ [[ 英語 ]] ： Angry  Bird s  Toons ） ， 是 根據 [[ Rovio娛樂 ]] 的 [[ 憤怒 的 小 鳥] ]並 專營 [[芬 蘭] ][ [動 畫] ]電 視連 續劇 。 這個 動畫 系列 描述 鳥與豬 之 間 的 爭鬥 ； 它 也 描述 鳥與豬 （ 至今 為止 ） 喜劇 彼此 之間 以及 對 彼此 的 冒險 。 
0 
30 有 一 個 介紹性 的 情節 被 稱為 “ 相約 鸟群 ” （ Meet   the  Flock ） ， 裡面 介紹 了 角色 並給 大多 數 鳥類 自己 的 名字 。 
0 
60 至今 該動 畫情 節始 終相 當短 ， 大多 為 三 分鐘 。 沒有 對話 ， 只有 面部 表情 、 聲音 效果 與 簡單 的 發聲 ， 類似 於許 多二十 世紀 中葉 的 [[ 湯姆 與傑 利] ]動 畫片 。 使得 該 漫畫 幾乎 在 所有 世界 各 地 的 文化 理解 ， 且 不 用 進行 調整 或 翻譯 。 
0 
75 截至 2013年 9月 ， 卡通 已 經 被 瀏覽 超過十 億次 ， 於 2013年 3月 推出 <ref  name="hollywoodre porter1" >{ {cite  web|url= http : ／ ／ www . hollywoodre porter . com ／ news／rovio-announce s-se cond-season-angry- 636435   |title= Rovio  Announce s  Second  Season  of  ' Angry  Bird s  Toons'  Series   |p ub lisher= The  Hollywood  Reporter  | date = 2013 - 09 - 17  |accessdate= 2013 - 09 - 25 } }< ／re f> 。 
0 
3 == 特色 == 
122 2011年 [[尼 可 國際 兒童 頻道 ]] 已 放映 ''憤 怒鳥 ： 破壞 大廳 '' ， 一 個 特別 是 在 2011年 12月 17日 聖誕節 播出 <re f> Ramin  Zahed .  （ December   19 ,  2011 ）  [ http : ／ ／ www . animationmagazine.net ／ tv ／angry-bird s-l and -on-nick ／  " Angry  Bird s  Lands  on  Nick toons "] .  Animation Magazine. <／re f> ， 與 2012年 3月 '' 憤怒 鳥 太空 '' 之 動畫 前 傳同 名 遊戲 <re f> （ March   21 ,  2012 ）  [ http : ／ ／ uk . tv .ign . com／articles ／ 122 ／ 1221131 p1.html " Angry  Bird s  Space  Headed  t o  Nick toons "] .  IGN . <／re f> 。 
0 
3 == 角色 == 
6 *紅鳥 （ Red ， 憤怒鳥 ） 
6 *黃鳥 （ Chuck ， 衝刺鳥 ） 
7 * 黑鳥 （ Bomb ， 炸彈鳥 ） 
8 *白 鳥 （ Matilda ， 下 蛋鳥 ） 
17 *藍鳥 （ The  Blues ， 分別 為Blue Jay 、 Blue  Jake 、 Blue  Jim ， 破冰鳥 ） 
6 *橘鳥 （ Bubbles ， 膨脹鳥 ） 
7 *大 紅鳥 （ Terence ， 大哥鳥 ） 
7 *粉 紅鳥 （ Stella ， 泡泡鳥 ） 
6 *綠鳥 （ Hal ， 迴旋鳥 ） 
6 *豬 國王 （ King  Pig ） 
5 *普 通豬 （ Pigs ） 
8 *下 士豬 （ Corporal  Pig ， 鋼盔豬 ） 
8 *領 班豬 （ Foreman  Pig ， 鬍子豬 ） 
7 *廚 師豬 （ Che f  Pig ） 
7 *豬 教授 （ Profes sor  Pig ） 
6 *豬 牧師 （ Chronicler  Pig ） 
7 * 大 肥豬 （ Fat  Pig ） 
0 
3 == 系列 == 
120 [[ Rovio  Entertainment| Rovio]] 已 宣布 從憤 怒鳥 遊戲 系列 衍生 的 卡通 。 &n bs p; 他 們計 劃製 作 52 集 短劇 。 &nb sp ;該 系列 透過 芬蘭 動畫 工作室 Kombo 製作 ， 它 在 2011年 6月 被 [[ Rovio  Entertainment| Rovio ]] 收購 。 “ 我 很 高興 地說 ， 我 們將 推出 今年 每 週 的 動畫 系列 的 短格式 的 內容 。 ” [[ Rovio  Entertainment| Rovio] ]動 畫負 責人 [[ Nick   Dorra]] 表示 <ref >{ {cite  we b |url= http : ／ ／ www . bbc . co.uk ／ news beat ／ 17581833   |title= Rovio  confirms Angry  Bird s mobile  animation series  | deadurl=no |accessdate= 30  July   2012 } }< ／re f> 。 
0 
37 該系列 產品 適用 於 全球 所有 的 憤怒 鳥應 用 程式 ， [[ 隨選 視訊 ]] ， 和 [[ 智能 電視 ]] ； 此外 ， 它 以 20 個免 費電 視網路 宣傳 至 世界 各 地 。 
0 
55 2014年 ， [[ Rovio  Entertainment| Rovio]] 計劃 推出 憤怒 鳥卡 通新 的 一 季 ， 分開 兩個 卡通 系列 ， 其中 一 個 是 [[ 黏土 動畫 ]] 名 叫 “ 小豬 故事 ” ， 另 一 個 [[ 3D 動畫 ]] 就 是 憤怒 鳥思黛拉 的 前傳 故事 <ref  name="hollywoodre porter1" ／ > 。 
0 
4 == 家庭 媒體 == 
22 [[ 索尼 ]] 影業 家庭 娛樂 公司 發布 了 第一 個 26 集 的 DVD 和 藍光 於 2013年 12月 3日 。 
0 
20 後來 ， 2014年 4月 15日 [[ 索尼 ]] 發布 了 下 一 個 26 集 的 DVD 和 藍光 。 
0 
4 == 全球 分佈 == 
2 {|c lass=wikitable 
1 |- 
2 !  國家 
2 !  網路 
3 !  系列 首播	 
1 |- 
5 |  {{ IS R} }  
72 |  [[ Arut z  HaYeladim ]] <ref >{ {cite  web|url= http : ／ ／ news.walla.co.il ／ ? w= ／ 201 ／ 2624332  |title =ב קר וב :  הס דר ה  על  פ י  "א נג רי  ב יר דס "  בע רו ץ  הי לד ים  -  ו וא לה !  חד שו ת  |p ub lisher= News.walla.co.il  | date=  |accessdate= 2013 - 09 - 25 } }< ／ r ef >  
1 | 
1 |- 
4 |  {{ FIN} }  
12 |  [[ MT V3 ]] <b r> [[ MT V3  J uniori]]  
1 | 
1 |- 
4 |  {{ CHL} }  
6 |  [[ Canal  13 ] ]  
1 | 
1 |- 
5 |  {{ IN D} }  
5 |  [[卡 通頻 道] ]  
1 |  
1 |- 
3 |  {{ NOR}}  
5 |  [[ TV 2] ]  
1 | 
1 |- 
4 |  {{ BRA} }  
4 |  [[ Gloob] ]  
1 | 
1 |- 
3 |  {{ POR}} 
4 |  [[ Nickelod eon]] 
1 | 
1 |- 
5 |  {{ AU S} }  
3 |  [[ FOX8]] 
1 |  
1 |- 
5 |  {{ IT A} }  
3 |  [[ Super!]] 
4 |  2013年 11月 28日 
1 |- 
5 |  {{ GE R} }  
6 |  [[ Super RT L] ]  
1 | 
1 |- 
4 |  {{ FRA} }  
10 |  [[ Gulli] ]< br >[ [J 頻道 ] ]  
1 | 
1 |- 
4 |  {{ UK }}    
5 |  [[ PO P] ]  
1 | 
1 |- 
5 |  {{ RU S} }  
4 |  [[ Nickelod eon]]    
1 | 
1 |- 
5 |  {{ ID N} }  
5 | [ [ant v] ]  
4 |  2013年 3月 16日 
1 |- 
4 |  {{ CAN} }  
3 |  [[ Teletoon]]  
4 |  2013年 3月 16日 
1 |- 
5 |  {{ US A} }  
8 |  [[ Xf inity  On Dem and ]] 
4 |  2013年 3月 16日 
1 |- 
5 |  {{ UK R} }  
4 |  [[ 1+1 ]] 
4 |  2013年 3月 17日 
1 |- 
5 |  {{ KO R} }  
27 |  [[ :k o: JE I  재능 TV |J EI  T V] ]< br >[ [: ko: JE I  English T V| JE I  English TV ]] 
1 | 
1 |- 
3 |  {{E SP}} 
9 |  [[ Neox ]] <b r> [[ 天線3 ]] 
4 |  2013年 6月 29日 
1 |- 
3 |  {{ PHI}} 
5 |  [[ GMA 網路 ]] 
4 |  2013年 7月 27日 
1 |- 
4 |  {{ NZ L}} 
4 |  [[ TV2 ]] 
4 |  2013年 8月 19日 
1 |- 
4 |  {{ TUR }} 
6 |  [[ TR T  Çocuk ]] 
4 |  2013年 9月 6日 
1 |- 
4 |  {{ MY S}} 
4 |  [[ Nickelod eon]] 
4 |  2013年 9月 8日 
1 |- 
4 |  {{ GRE }} 
4 |  [[ Star  Channel]] 
4 |  2013年 9月 21日 
1 |- 
16 |   [[ File:Flag  o f  the  Arab League.svg| 22 p x] ]  [[ 阿拉伯 世界 ]] 
5 |  [[ Jeem TV ]] 
16 | 22   Dhu al-Hijjah  1434  <small> I< ／ small>    （ 2013年 10月 27日  <small>G <／small> ） 
1 |- 
3 |  {{ POL}} 
5 |  [[ Puls  2 ]] 
3 |  2013年 12月 
1 |- 
5 |  {{ UA E} }  
3 |  [[ Baraem]] 
1 | 
1 |- 
3 |  {{flag|Hungary }} 
3 |  [[ Megamax]] 
1 | 
1 |- 
7 | { {f lag| Thail and }} 
8 |  [[ 泰國 第3 電 視 台 ]] 
1 | 
1 |} 
0 
4 == 參考 資料 == 
2 {{ Reflist}} 
0 
4 == 外部 連結 == 
14 *[ http : ／ ／ www.angrybirds . com ／ toons ／   官方 網站 ] 
25 *[ http : ／ ／ www . im db . com／title ／ t t 3012598 ／  憤 怒鳥卡 通] 的 [[ 網路 電影 資料 庫]] 
0 
4 {{ Angry  Bird s}} 
7 {{ DE FAULT SORT: Angry  Bird s}} 
0 
9 [[ Category : 電子 遊戲 改編 電 視劇 ]] 
3 [[ Category:Flash動畫 ]] 
7 [[ Category : 變身 題材 作品 ]] 
