1016
1 {{noteTA 
5 |1= zh-hans:史蒂夫·乔布斯; zh-hk:史提夫·喬布斯; zh-t w:史提夫·賈伯斯; 
1 }} 
3 {{ Selected  picture 
9    |image=IPhone at  Macworld  （ angled  view ） . jpg 
1    |size= 
2    | caption= 
89    |t ex t= '' '[ [iPhone] ]' '' 是 [[ 苹果 公司 ]] 旗下 的 一 个 [[ 智能 手機 ]] 系列 ， 此 系列 的 手机 搭载 苹果 公司 研发 的 [[iOS ]] 手机 操作 系统 。 [[iPhone  （ 第一 代 ） | 第一 代iPhone] ]于 2007年 1月 9日 由 时任 苹果 公司 [[ CEO ]] 的 [[史蒂夫·乔布斯 ]] 发布 ， 并 在 6月 29日 正式 发售 。 它 在 2007年 被 《 [[ 时代   （ 杂志 ） | 时代 ]] 》 评为 年度 最 佳 发明 。 
20    | cred it =[ http : ／ ／ www.flickr . com ／ p ho tos／blake4tx ／ 352328462 ／  b lakeburris] 
2   |link =iPhone 
1 }} 
9 [[ File:IPhone 5.png|right | 100 px |iPhone  圖像 ]] 
0 
158 [[iPhone ]] 是 [[ 苹果 公司 ]] 旗下 的 一 个 [[ 智能 手機 ]] 系列 ， 此 系列 的 手机 搭载 苹果 公司 研发 的 [[iOS ]] 手机 操作 系统 。 [[iPhone  （ 第一 代 ） | 第一 代iPhone] ]于 2007年 1月 9日 由 时任 苹果 公司 [[ CEO ]] 的 [[史蒂夫·乔布斯 ]] 发布 ， 并 在 6月 29日 正式 发售 ； 最新 一 代 的 [[iPhone 5] ]于 2012年 9月 12日 发布 ， 并 于 同 年 9月 21日 正式 发售 。 iP hone 是 一 款 结合 了 照相 手机 、 个人 数码 助理 、 媒体 播放器 以及 无线 通信 设备 的 掌上 设备 、 智能 手机 ， 拥有 收发 [[ 电子 邮件 ]] 、 网页 浏览 等 功能 ， 并 支持 [[ Wi-Fi]] 、 [[ 2G]] 、 [[ 3G ]] 和 [[ 4G  L TE ]] 连接 。 以及 基于 上述 链接 访问 [[ VPN ]] 服务器 ， 实现 虚拟 专线 网络 服务 。 
0 
17 [[ 苹果 ]] 旗下 智慧 型手 機iPhone ， 是 全球 销量 第二 大 的 智慧型 手機 。 
14 [[ File:IPhone 4 S  No shadow . pn g| 90 px |le ft ]] 
142 '' '[ [iPhone] ]' '' 是 [[ 苹果 公司 ]] 旗下 的 一 个 [[ 智能 手機 ]] 系列 ， 此 系列 手机 搭载 苹果 公司 研发 的 [[iOS ]] 手机 操作 系统 。 [[iPhone  （ 第一 代 ） | 第一 代iPhone] ]于 2007年 1月 9日 由 时任 苹果 公司 [[ CEO ]] 的 [[史蒂夫·乔布斯 ]] 发布 ， 并 在 6月 29日 正式 发售 ； 最新 一 代 的 [[iPhone 5] ]于 2012年 9月 12日 发布 ， 并 于 同 年 9月 21日 正式 发售 。 iP hone 是 一 款 结合 了 照相 手机 、 个人 数码 助理 、 媒体 播放器 以及 无线 通信 设备 的 掌上 设备 、 智能 手机 ， 拥有 收发 [[ 电子 邮件 ]] 、 网页 浏览 等 功能 ， 并 支持 [[ Wi-Fi]] 、 [[ 2G]] 、 [[ 3G ]] 和 [[ 4G ]] 连接 。 
2 -{ T|iPhone}- 
1 {{noteTA 
2 |G 1=IT 
5 |1= zh-hans:史蒂夫·乔布斯; zh-hk:史提夫·喬布斯; zh-t w:史提夫·賈伯斯; 
8 |2 = zh-han s: 通过 ;  zh-hant: 透過 
1 }} 
6 {{ In fo bo x  Mobile 
3 |name  =  iPhone 
7 |image  =I Phone 2G PS D  Mock.png 
4 |imagesize  =   250 px 
19 |d eve loper  =  [[ 蘋果 公司 ]] （ [[ AR M架 構| AR M] ]  1176   CPU ） 
6 |manufacturer  =  [[ 蘋果 公司 ]] 
5 | pre deces sor        =  
7 | succes sor           =  [ [iPhone 3G]] 
18 |carrier  =  { {f lagicon |U SA }}  [ [A T& T  Mobility ]] <b r  ／ >  
101 {{flagicon | United  King dom}}  { {f lagicon| Irel and }}  [ [O 2] ]  <b r  ／ >  { {f lagicon|Germany} }  [[ T-Mobile ]] <b r  ／ >  { {f lagico n| France }}  [ [Orange ]] <b r  ／ >  { {f lagicon | Australia}}  { {f lagico n| Czech  Republic }}  { {f lagicon|Egypt }}  { {f lagicon| Greece }}  { {f lagicon| Italy }}  { {f lagicon| Ind ia }}  { {f lagico n| Portugal} }   { {f lagicon| New  Zeal and }}  { {f lagicon| South  Africa} }  [[ Vod afone] ]< br  ／ > 
7 {{flagicon | Australia} }  [[ Optus ]] 
39 |available ={ {f lagicon |US A} }  2007年 6月 29日 <b r  ／ >{ {f lagicon | United  King dom} }{ {f lagicon|Germany} }  2007年 11月 9日 <b r  ／ >{ {f lagico n| France} }  2007年 11月 29日 
21 |s cree n  =  3.5 吋 ， 320 x 480 &n bs p; px  at   160 &n b sp ;p pi 
18 |camera  =  200 [ [像 素#.E 5.85 . 86 .E 5.83 . 8F.E7 . B4.A0 |萬 畫素 ]] 
28 |me mory  =  4 &n bs p; [[ Gigabyte| GB ]] 、 8&nbs p; GB 、 16 &n bs p; GB ， 內建 [[ 快 閃記 憶體 ]] 
53 |net works  =  [ [ 2.5 G ]] [[ 四 頻 ]] [[ 全球 移动 通信 系统 |G SM]] （ 850 ／ 900 ／ 1800 ／ 1900  M Hz ） ， [[ 通用 分组 无线 服务 |G PR S]] ／ [[ ED GE ]] ， 傳輸 速率 最 高 為每 秒   220  kbit 
30 | connectivity   =  透過 30 針 的  [ [i Pod] ]  dock   connector與 電腦 連結 、 [[ Wi-Fi]] （ 802.11 b ／ g ） 、 [[Bluetooth#Bluetooth   2.0 |Bluetooth   2.0 ]] 
25 |size  =  115 × 61 × 11.6 &n bs p; mm <b r  ／ > （ 4.5 × 2.4 × 0.46 &nb sp ;吋 ） 
5 |f or m  =  平板式 
6 |w eight  =  135 &n bsp;克 
14 |music  =  [ [i Pod ]] 、 [[iTunes ]] 與[ [H . 264 ]] 
4 |status           =  已 停售 
1 }} 
5 {{ Ip hone 系列 }} 
114 '' 'i Phone' '' 是 [[ 苹果 公司 ]] 推出 的 第一 代 智能 電話 ， 该 款 智能 電話 于 2007年 1月 9日 正式 发布 ， 并 于 同 年 6月 29日 正式 发售 。 第一 代 iP hone 支持 [[ 2.5 G ]] [[ 四 頻 ]] [[ 全球 移动 通信 系统 |G SM]] （ 850 ／ 900 ／ 1800 ／ 1900  M Hz ） 、 [[ 通用 分组 无线 服务 |G PR S]] ／ [[ ED GE ]] ， 傳輸 速率 最 高 為每 秒 220 kbit 。 在 [[ IO S]] 3.1 .3 之后 ， 苹果 公司 不 再 对 第一 代iPhone 进行 更新 支持 <r ef >{ {cite web 
18  | url  =  http : ／ ／ www . macworld . com／article／ 54764 ／ 2007 ／ 01 ／liveupdate.html 
11  |  title  =  Mac worl d  Expo  Keynote  Live  Up date 
6  |  f irs t  =  Peter 
4  |  last  =  Cohen 
7  |  date  =  March  13 ,  2007 
4  |  work  =  Macworld 
13  |  accessdate  =July   21 ,  2010 }} <／re f> <ref >{ {cite web 
16  | url  =  http : ／ ／ www . zdnet . com／blog／btl ／ jobs-today -apple-is-going-to-reinvent-the-phone／ 4249 
15  |  title  =  Jobs :  Today   Apple  is going  t o  reinvent  the  p hone 
6  |  f irs t  =  Dan 
4  |  last  =  Farber 
7  |  date  =  January  9 ,  2007 
10  |  work  =  Z DNet  " Between   the  Lines" blog 
10  |  accessdate  =June   20 ,  2010 }} <／re f> 。 
0 
3 ==   历史  == 
29 [[ File : Waiting  f or  iPhones NY C.jpg|thumb|le ft | 280 p x| 在 AT&T 商店 门口 排队 等待 第一 代iPhone 发售 的 苹果 发 烧友 。 ]] 
0 
5 == =  研发  = == 
0 
0 
5 == =  发售  = == 
119 第一 代iPhone于 同 年 6月 29日 晚 6点 整 （ 当地 时间 ） 正式 发售 ， 全 美 有 上千 名 苹果 发烧 友为 抢购 iP hone 而 在 [[ 苹果 公司 ]] 与 [[ AT&T ]] 的 零售店 门口 提前 一 天 排队 <ref  name=" AppleQ 32007 "> {{ cite  we b|url= http : ／ ／ images.apple.com ／ pr ／p df ／ q 307 data_sum . pd f|title= Apple  Inc .  Q 3  2007   Unaudited   Summary  Data|accessdate=June 6 ,  2008 |date=July   25 ,  2007 | format= PD F|p ub lisher= [[ Apple  Inc . |Apple ]] |q uote= Con sist s  of  iPhones   and  Apple-branded  and  third -party  iPhone accessories . }} <／re f> <ref >{ {cite web 
16  | url  =  http : ／ ／ images.apple.com ／ pr ／p df ／ q 307 data_sum.pdf 
12  |  title  =  Apple  Inc .  Q 3  2007   Unaudited   Summary  Data 
6  |  accessdate  =June 6 ,  2008 
8  |  date  =  Ju ly   25 ,  2007 
5  |  format  =  PD F 
0 
20  | url  =  http : ／ ／ www.guardian . co.uk ／ news ／ 2007 ／ j un ／ 29 ／usnews.apple 
12  |  title  =  iPhone causes big  Apple swarm in  Big  Apple storms 
6  |  f irs t  =  Bobbie 
4  |  last  =  Johnson 
7  |  date  =  June  30 ,  2007 
4  | work= The Guardian  
7  |  accessdate  = February  1 ,  2007 
8  | location= Lon don} }< ／re f> 。 
0 
6 == =  发售 后  = == 
0 
20  | url  =  http : ／ ／ www . apple.com ／ p r／library ／ 2010 ／ 07 ／ 02 appleletter.html 
12  |  title  =  Statement by   Apple  on iPhone  4 re ception  issues 
12  |  date  =  {{ Start  date| 2010 | 07 | 02 }} 
6  |  p ub lisher  =  Apple 
17  |  accessdate  =  {{ Start  date| 2010 | 07 | 02 } }} }< ／re f> 。 
0 
4 ==  设 计  == 
23 [[ File:Original  iPhone rear.jpg|thumb| 180 px |l ef t| 第一 代 iP hone 的 背面 ， 由 铝 和 塑料 制成 。 ]] 
194 iP hone 的 主体 是 一 面 3.5 英寸 （ 89 毫米 ） [[ 多 点 触控] ]触 摸屏 ， 除 触摸 屏外 仅 有 五 个 物理 按键 ， 分别 为 音量 键 、 静音键 、 关闭键 与 Home键 。 第一 代 iP hone 有 一 层 铬 镀层 ， iP hone 的 背面 主要 为 铝制 ， 但 为 防止 金属 阻隔 信号 的 发送 与 接收 ， 其 背面 底部 为 塑料 制<r ef >{ {cite  web|url= http : ／ ／ b logs . zdnet . com ／ Apple ／ ? p= 828 |title= That   damned  re cessed  iPhone  headphone jack |p ub lisher=Z DNet |accessdate=June 6 ,  2008 }} <／re f> 。 摄像 头 位 于 iP hone背 面左 上方 ， 耳机 插槽 则 在 顶部 ， 但 由于 特殊 的 设计 ， 若 不 适用 适配器 ， 市面 上 大部分 音响 设备 不 能 直接 与 iP hone 相连 <ref >{ {cite  web|url= http : ／ ／ b logs . zdnet . com ／ Apple ／ ? p= 828 |title= That   damned  re cessed  iPhone  headphone jack |p ub lisher=Z DNet |accessdate=June 6 ,  2008 }} <／re f> 。 
0 
6 ==  系列 特點 和 功能  == 
145 iP hone 是 一 部 4频 段[ [G SM]] 制式 的 智能 電話 ， 支持 [[ ED GE ]] 和 [[ 802.11 ] ]b ／ g 无线 上网 ， 支援 -{ zh-han s: 电邮 ;  zh-hant : 電子 郵件 ;} - 、 [[ 手機| -{ zh-han s: 移动 ;  zh-hant :行 動; }- 通话 ]] 、 [[ 簡訊 ]] 、 網路 瀏覽 以及 其他 的 無線 通訊 服務 。iPhone 没有 鍵盤 ， 而 是 创新 地 引入 了 [[ 多 點 觸控 ]] 的 [[ 觸控式 螢幕 | -{ zh-hans :触 摸 屏界 面;   zh-hant: 觸控 螢幕 ;} - ]] ， 於 當時 在 操作性 上 与 其他 品牌 的 手提 電話 相比 占有 领先 地位 。 iP hone 包括 了 [[i Pod ]] 的 媒体 播放 功能 ， 和 為 了 移動 設備 修改 後 的 [[ Mac O S X ]] 操作 系统 
0 
3 ==  软件   == 
3 {{ main|iOS }} 
95 在 iP hone 发行 过程 中 ， iP hone 的 操作 系统 曾 被 命名 为 “ iPhone OS ” ， 但 在 之后 的 升级 版本 中 ， 苹果 公司 将 系统 名称 改为 “ [[iO S]] ” 。 尽管 苹果 公司 已经 停止 对 第一 代iPhone 进行 升级 更 高版 本iOS 的 支持 ， 但 用户 可 通过 [[iOS 越狱 ]] 来 进行 升级 。 甚至 有 黑客 曾 将 [[ Android ]] 系统 安装 到 iP hone 中 <ref  name =" 体验 升级  iPhone 成功 运行 Android   2.3 " >{ {cite  news 
25  |url  =  http : ／ ／ te ch.sina . com . cn ／ mobile ／ n ／ 2011 - 01 - 11 ／ 08565081363 .shtml 
9  |title  =  体验 升级  iPhone 成功 运行 Android   2.3 
5  |p ub lisher  =  新浪网 
7  | date  =  2011年 01 月 11日 
79 }} <／re f> 。 第一 代iPhone 发售 时 支持 虚拟 语音 信箱 、 HTML 电子 邮件 、 Safari网 页 浏览器 、 YouTube 等 功能 ， 但 并 没有 剪切 、 复制 和 粘贴 功能 。 但 在 2009年 6月 17日 放出 的 iP hone OS   3.0 版本 升级 中 ， iP hone 开始 支持 这些 功能 <ref >{ {cite  web|title= Whited 00 r|url= http : ／ ／ www . whited 00 r . com ／ }} <／re f> 。 
0 
3 ==   评价   == 
94 《 [[ 纽约 时报 ]] 》 与 《 [[ 华尔街 日报 ]] 》 都 曾 对 iP hone 有 正面 的 评价 ， 但 都 对 iP hone 的 前景 表示 谨慎 ， 并且 对 [[ AT&T ]] 的 网络 速度 与 信号 强度 颇有微词 ， 由于 iP hone 由 AT&T 独家 发售 ， 信号 问题 也 影响 到 了 媒体 与 消费者 对iPhone 的 评价 。 《 华尔街 日报 》 科技版 评论家 认为 iP hone 有 一些 缺陷 ， 但 这 是 一 部 十分 出色 的 掌上 电脑 <ref >{ {cite  news 
22  | url  =  http : ／ ／ www . the australian . com.au ／ australian-it ／ ip hone-rush-de spite-mixed -review s／story-e6frgalx- 1111113871271 
9  |  title  =  iPhone rus h  despite  mixed  reviews 
8  |  date  =  Ju ly   3 ,   2007 
4  | work= The  Australian 
36  |  accessdate  = February  1 ,  2007 }} <／re f> 。 《 [[ 时代 周刊 ]] 》 则 对 iP hone大加 赞扬 ， 并且 提名 iP hone 为 2007年 年度 创新 产品 <ref >{ {cite  news 
6  |  author  =  Grossman ,  Lev 
10  |  title  =  Invention O f  the  Year:  The  iPhone 
18  | url  =  http : ／ ／ www . time.com ／ time ／ business／article／ 0,8599 , 1678581,00 .html 
14  |  date  =  Oc tober  31 ,  2007  |  accessdate  =June 6 ,  2008 
7  |  work= Time} }< ／re f> 。 
22 [[ File:IPhone （ 第一 代 ） 和 iP hone4 . jp g| thu mb |I Phone （ 第一 代 ） 左和iPhone4] ]右 
0 
4 ==  参考 资料  == 
5 {{r ef list |2 }} 
0 
3 {{ S-start }} 
3 {{ Succession box 
8  |  title   =  iPhone  （ 第一 代 ） 
6  |  y ears    =  第一 代 
3  |  with     = 
5  |  be fore  =  – 
6  |  after  =  [ [iPhone 3G]] 
1 }} 
4 {{ S-en d }} 
0 
2 {{ Apple}} 
2 {{ IPhone}} 
7 {{ Apple  hard ware  since   1998 }} 
4 {{ 移动 电话 }} 
4 [[ Category :I Phone]] 
6 [[ Category : 智能 手機 ]] 
2 {{ lowercase}} 
5 {{noteT A| G1= IT }} 
7 '' 'i Phone' '' 可 指 ： 
6 ==  A pp le  iPhone  == 
12 [[iPhone ]] ， 蘋果 公司 推出 的 一 系列 智慧型 手機 ： 
2 ;歷史 機種 
14 *[ [iPhone  （ 第一 代 ） ]] ， 2007年 1月 发布 的 首款 產品 
17 *[ [iPhone 3G ]] ， 2008年 发布 ， 加入 3G 和 GPS 功能 的 第二 代 產品 
21 *[ [iPhone 3GS ]] ， 2009年 发布 ， 加入 羅盤 、 更 高速 的 處理器 和 可 錄影 的 相機 鏡頭 
9 ;新式 機種 （ 可 採用 iO S 7 ） 
22 *[ [iPhone  4 ]] ， 2010年 6月 发布 ， 採用 -{ zh-han s: Retina 显示 屏;  zh-hant: Retina 顯示器 ;} - 。 
14 *[ [iPhone 4S ]] ， 2011年 推出 ， 支援 語音 助理 Siri 。 。 
15 *[ [iPhone 5 ]] ， 2012年 推出 ， 螢幕 尺寸 擴大 至 4 英寸 。 
14 *[ [iPhone 5c ]] ， 2013年 9月 推出 ， 採用 iOS  7 系统 。 
20 *[ [iPhone 5s ]] ， 2013年 9月 推出 ， 採用 iOS  7 系统 ， 是 首部 64 位元 手機 。 
15 *[ [iPhone 6 ]] ， 2014年 9月 推出 ， 搭载 iO S 8 系统 。 
0 
8 ==  A pp le  iPhone O S  == 
21 *[ [iOS ]] ， 原 名iPhone OS ， 蘋果 公司 推出 的 手機 作業 系統 ， 在 2010年 6月 改名 為iOS 
3 ==   其他   == 
20 *[ [I Phone_ （ Linksys ） |Linksys  iPhone ]] ， 思科 系統 （ CISCO ） 開發 的 網際 網路 電話 
0 
2 {{ disambig}} 
7 {{ In fob ox  s of tware 
3 |name                             =  JailbreakMe 
15 |d eve loper                     =  [ http : ／ ／ twitter . com ／ comex   comex] 
3 |latest_release_version  =   3.0 
14 |latest_release _date       =  {{start  date  and  age | 2011 | 07 | 06 }} 
7 |operating _ system           =  [ [iOS ]] 
11 |we bsite                        =  { {U RL |w ww . jailbreakme.com }} 
9 |p urpose                        =  [ [iO S  jailbreaking ]] utility 
33 |plat for m                       =  Apple:  [ [iPhone] ]  3G ,  3GS ,  4;  [ [i Pod  Touch ]]  2 G,  3 G;  [ [i Pad] ]  1,  2 ,  Wi-Fi, 3G ,  CDMA 
4 |firmware                       =   4.3 .3 
1 }} 
0 
9 [[ File: JailbreakMe   3.0 .png|thum b| JailbreakMe   3.0 ]] 
0 
0 
3 == 版本 == 
0 
5 === JailbreakMe   1.0 = == 
119 1.0 的 JailbreakMe 开始 于 2007年 ， 提供 用 于 1.1 . 1固件 的 第一 代iPhone 和 iP od  touch 越狱 ， 它 利用 了 一 个 Safari 的 [[ ti ff ]] 漏洞 来 安装 [[ installer.app ]] <ref >{ {cite  we b |url= http : ／ ／ reviews.cnet . com ／ 8301 - 19512 _7 - 10115225 - 233 .html |title=One-step method  for  ad ding  t hird -party  app s  to  i Phone  1.1 .1,  i Pod  Touch  d ebut s  |date=October  29 ,  2007  |p ub lishe r= CNET  | last= Wilson  | firs t= Ben |accessdate=August  25 ,  2011 } }< ／re f> 。 苹果 通过 1.1 . 2固件 修复 了 这 个 漏洞 。 
0 
5 === JailbreakMe   2.0   Star= == 
0 
0 
4 === JailbreakMe   3.0   Saffron=== 
0 
64 在 正式版 发布 的 前 几 天 ， 有 人 现行 发布 了 与 JailbreakMe   3.0 同样 漏洞 的 越狱 工具 ， 声称 是 JailbreakMe   3.0 的 测试版 ， 但是 仅 提供 iPad  2 的 iO S  4.3 越狱 ， 而 当测 试版 工具 发出 时 ， 最新 的 iO S固件 已经 是 4.3 .2 了 。 <ref  name="Eng[ 10 ]" >< ／re f> 
114 7月 15日 ， 苹果 发布 了 4.3 .4{ {notetag |针 对于 G SM版本 的 iP hone 4 和 所有 的 iPad ,i Pod  touch型 号 }} 和 4.2 . 9{ {notetag |针 对于 CDMA 版本 的 iP hone  4} }来 修补 这 个 漏洞<ref >{ {cite  we b |url= http : ／ ／ www . pc world . com／article／ 235836 ／ios_ 434 _is_out _f ixe s_ jailbreakme_ 30 _ exploit.html |title=iO S  4.3 . 4  Is  Out ;  Fixe s  JailbreakMe   3.0   Exploit  | last= Me diati | firs t= Nick  | date=July  15 ,  2011  | work=Gee k  Tech  |p ub lisher =PC World  |accessdate=October  23 ,  2011  } }< ／re f> 。 
0 
8 == 被 苹果 招安 后 的 JailbreakMe == 
113 comex 在 2011年 8月 被 苹果 以 实习生 身份 聘用 ， 他 在 [[t witter ]] 上 宣称 以后 不 再 从事 越狱 活动 <r ef >{ {cite  we b |url= http : ／ ／ www . forbes . com ／ sites ／ and ygreenberg ／ 2011 ／ 08 ／ 26 ／apple-hacker-extraordinaire-comex-takes-an-internship-at-apple ／   |title= Apple  Hacker  Extraordinaire  Comex  Takes An  Internship  At  Apple  | last= Greenberg | firs t= And y  |date=August  26 ,  2011  | work =  |p ub lisher= For bes |accessdate= November  2 ,  2011  } }< ／re f> 。 但是 JailbreakMe 依然 会 提供 越狱 服务 ， 但是 不 会 提供 新 版本 的 iOS 的 越狱 服务 。 
0 
4 == 支持 设备 == 
6 {|  c lass =" wikitable sortable" 
1 |- 
3 !  设备 名称 
7 !  支持 越狱 的 iO S固件 版本 
1 |- 
5 |  第一 代iPhone<br  ／ > 
6 |  3.1 .2  到   3.1 .3 
1 |- 
4 | [ [iPhone 3G]] 
6 |  3.1 .2  到   4.0 .1 
1 |- 
5 | [ [iPhone 3GS ]] 
11 |  3.1 .2  到   4.0 . 1,  4.3   到   4.3 .3 
1 |- 
14 | [ [iPhone  4] ]  <b r  ／ ><small >[ [G SM]] 版本 <／small> 
10 |  4.0   到   4.0 . 1,  4.3   到   4.3 .3 
1 |- 
14 | [ [iPhone  4] ]  <b r  ／ ><small> [[ CDMA ]] 版本 <／small> 
7 |  4.2 . 6  到   4.2 .8 
1 |- 
7 |  第一 代 [[i Pod  Touch] ]  
6 |  3.1 .2  到   3.1 .3 
1 |- 
14 |  第二 代i Pod  Touch <b r  ／ ><small> （ MB  model ） <／small> 
5 |  3.1 .2  到   4.0 
1 |- 
17 |  第二 代i Pod  Touch  <b r  ／ ><small> （ 8  GB  M C  model ） <／small> 
5 |  3.1 .2  到   4.0 
1 |- 
5 |  第三 代i Pod  Touch  
8 |  4.3 ,   4.3 . 2,  4.3 .3 
1 |- 
5 |  第四 代i Pod  Touch 
5 |  4.3   到   4.3 .3 
1 |- 
12 | [ [i Pad] ]  <b r  ／ ><small> Wi-Fi 版本 <／small> 
9 |  3.2   到   3.2 .1,   4.3   到   4.3 .3 
1 |- 
12 | i Pad  <b r  ／ ><small> Wi-Fi  +  3G  版本 <／small> 
9 |  3.2   到   3.2 .1,   4.3   到   4.3 .3 
1 |- 
13 | [ [i Pad  2] ]  <b r  ／ ><small> Wi-Fi  版本 <／small> 
53 |  4.3 . 3  {{notetag|name="beta" | 在 正式 版 JailbreakMe 推出 之前 ， 先 泄漏 出来 的 用 同样 PD F 漏洞 越狱 的 “ 测试版 ” 也 可以 越狱 4.3 版本 ， 但 不 可以 越狱 4.3 以后 的 版本 ， 而 当时 测试版 泄漏 出来 时 已经 有 了 4.3 .2}} 
1 |- 
13 | i Pad  2  <b r  ／ ><small> Wi-Fi  +  3G  版本 <／small> 
6 |  4.3 . 3  {{notetag|name="beta" }} 
1 |} 
0 
3 == 脚注 == 
3 {{note foot }} 
0 
4 == 参考 资料 == 
4 {{r ef list }} 
0 
0 
4 [[ Category :I Phone]] 
4 [[ Category:IOS 软件 ]] 
6 [[ Category : 自製 軟件 ]] 
19 {{ 更新 |time= 2014 - 09 - 25 T 10 : 28 : 49 + 00 : 00 }} 
2 {{ lowercase}} 
17 {{ for |[ [思科 ]] 開發 ， 用於 網路 設備 的 [[ 作業 系統 ]] |思科 IOS}} 
1 {{noteTA 
2 |G 1=IT 
3 |G 2= PP 
8 |1= zh-han s: 计算机 ;  zh-hant: 電腦 ;  
1 }} 
4 {{ In fobox OS 
4 | name                             =  iOS 
20 |  logo                             =  [[ File :Apple iO S new . sv g| 110 px |Apple  Inc .  iO S Logo]] 
4 |  logo caption                 =  
11 |  screenshot  =  [[ File:IOS8-CHN . pn g| 230 px ]] 
10 |  caption  =  iO S 8 運行 於[ [iPhone 5]] 
4 |  collap sible                   =  
8 |  developer                      =  [[ Apple  Inc . ]] 
42 |  family                           =  [[ Unix-like ]] ,< !--Although not   considered  functional  or  b randed  UN IX, iOS  is still genetic  UN IX -- >  based  on  [[ Darwin  （ operating   system ） | Darwin] ]  （ [[ Berkeley   Software  Distribution|BS D]] ） 
5 |  working _state                =  Current 
10 | source_ mode l                 =  闭源 ， 含有 开源 组件 
13 | released                       =  {{start  date  and  age| 2007 | 06 | 29 }} 
9 |  freq uently _ up dated        =  y es 
4 |  marketing _target            =  
29 | programmed _in                =  [[ C  （ programming language ） |C ]] ,  [[ C+ +] ],  [ [Objective-C]] ,  [[ Swift  （ 编程 语言 ） |S wift ]] 
0 
3 | prog_language                =  
16 |  up date model                   =  <! --  APT ,  Wind ow s  Up date, etc. --> 
90 | s up ported _plat form s      =  [ [ 64 -bit| 64 -] ]  and  [ [ 32 -bit ]]  [ [A RM architecture ]]s  （ [[iPhone] ],  [ [i Pod ]] ,  [ [i Pad] ],  [ [i Pad  Mini ]] ,  and  2nd  gen .  and  higher  [[ Apple TV ]] ） ,  [[ Apple  A4 ]] ,  [[ Apple A5 ]] ,  [[ Apple A5X ]] ,  [[ Apple A6 ]] ,  [[ Apple  A6X ]] ,  [[ Apple  A7 ]] ,  [[ Apple A8 ]] 
13 |  kernel_ty pe                   =  [[ Hybrid  kernel|Hybrid] ]  （ [[X NU ]] ） 
4 | userl and                       =  
19 | u i                                =  [[ Cocoa  Touch] ]  （ [[multi-touch] ],  [ [g raphical  user interface| GU I]] ） 
23 | license                        =  [ [p roprietary  software| Proprietary] ]  [[ End -user license  agree ment| EULA ]]  exce pt  f or  open-source  components 
5 | preced ed _by                   =  
5 | succeeded _b y                 =  
20 |  we bsite                        =  { {UR L| http : ／ ／ www . apple.com ／ hk ／ ios ／ }} 
1 }} 
0 
134 '' 'iO S''' （ 原名 ： '' 'i Phone O S''' ） 是 由 [[ 蘋果 公司 ]] 为 移动 设备 所 開發 的 [[ 操作 系統 ]] ， 支持 的 设备 包括 [[iPhone]] 、 [[i Pod  touch ]] 、 [[i Pad ]] 、 [[ Apple  TV]] 。 与 [[ Android ]] 及 [[ Wind ow s  Phone] ] 不同 ， iO S 不 支持 非 苹果 硬件 的 设备 。 系统 操作 （ iO S 7 ） 占用 约 700 - 900 [[ MB ]] 左右 的 储存 空间 （ 其中 [[iPhone]] 、 [[i Pod  touch ]] 占约 700 [[ MB ]] ， [[i Pad ]] 占约 900 [[ MB ]] ） 。 目前 ， iOS 的 最新 版本 为 8.1 ， Apple 已经 于 2014年 9月 17日 發佈 8.0 正式 版本 。 
0 
4 == 开发 历史 == 
9 {{ com . chnpmy . Main|iOS 版本 历史 }} 
0 
0 
43 最初 ， 苹果 公司 并 没有 给 随iPhone 发行 的 iO S 一 个 独立 的 称谓 ， 直 到 2008年 3月 6日 才 给 它 取名 为 iP hone OS ， 并 于 2010年 6月 改名 为 现在 的 名 字iOS 。 
0 
4 == 系统 构架 == 
135 *' '' 框架 ： '' 'iOS 使用 基于 与 苹果 麦金塔 计算器 不同 的 [[ ARM 架构 ]] 的 64 位 或 32 位 [[ 中央 处理器 ]] ， 使用 由 [[ PowerV R] ]视 频卡 渲染 的 [[OpenGL E S|OpenGL E S  3.0 ]] 以 [[ Apple  Darwin| Darwin ]] 作为 基础 <r ef >[ http : ／ ／ te ch.sina . com . cn ／ it ／ 2010 - 06 - 08 ／ 02504281978 . shtml iPhone OS  4 重新 命名 为 iO S4 引入 微软Bing 新浪 科技 ]< ／re f> <ref >[ http : ／ ／ cn.engadget . com ／ 2010 ／ 06 ／ 07 ／ ios-4-revealed ／   顺应 广大 子民 需求 ， iP hone OS 改名 为iOS ， iO S  4六 月 二十一号 上路 ！瘾 科技 中文版 ]< ／re f> 。 
49 *' '' 系统 架构 层次 ： '' ' 核心 操作 系统 层 （ the   Core  OS layer ） ， [[ 核心 ]] 服务层 （ the   Core  Services layer ） ， [[ 媒体 ]]层 （ the  Me dia layer ） ， 触控 应用层 （ the   Cocoa  Touch layer ） 。 
0 
4 == 使用 界面 == 
49 *' '' 设计 特点 ： '' 'iOS 使用者 界面 能 使用 按键 、 [[ 多 点 触控 ]] 对 设备 进行 控制 。 此外 透过 其 内建 的 加速器 ， 可以 令 其 旋转 装置 以 使 屏幕 改变 方向 ， 这样 的 设计令 设备 更 便于 使用 。 
59 *' '' 实体 按键 ： ''' 包括 屏幕 下方 的 Home 按键 （ 用 于 退出 应用 程序 、 回到 主界 面 、 长按 开启 语音 控制 或 [[ Siri ]] ， iP hone 5s 集成 Touch  ID 传感器 ） ， 顶部 的 Power按键 （ 用 于 锁定 屏幕 、 关机 ） ， 侧面 的 音量 控制 按键 。 
37 *' '' 多 点 触控 ： ''' 包括 滑动 （ Swiping ） 、 轻按 （ Tapping ） 、 挤压 （ Pinching ） 、 反向 挤压 （ Reverse  Pinching  or unpinching ） ， 可以 与 系统 互动 。 
104 *' '' 屏幕 界面 ： '' '以 应用 程序 方格 的 形式 呈现 ， 最 底部 的 一 栏 成为 Dock ， 可以 有 最 多四 个 （ iPad 系列 產品 則為 6個 ） 程序 图标 被 固定 在 Dock 上 ， 其他 可以 通过 “ 滑动 ” 的 方式 进行 变换 显示 的 应用 程序 。 状态 栏处 于 屏幕 上方 ， 能 显示 时间 、 电池 电量 和 讯号 强度 等 信息 。 从 屏幕 顶端 向下 轻扫 可以 显示 通知 中心 。 将 图标 向下 轻扫 可以 启动 Spotlight ， 从 屏幕 底端 向 上 轻扫 可以 显示 控制 中心 。 
0 
4 == 应用 程序 == 
128 *' '' 应用 商店 ： '' '[ [A p p  Store  （ iOS ） | Ap p  Store ]] 是 [[ 蘋果 公司 ]] 為iOS 操作 系统 所 創建 和 維護 的 數字化 [[ 應用 軟件 |應 用 ]] 發布 平台 ， 允許 用 戶從 [[iTunes  Store ]] 瀏覽 和 下載 一些 由[ [iO S S DK ]] 或者 Mac  SDK 開發 的 應用 程序 。 根據 應用 發布 的 不同 情況 ， 用戶 可以 付費 或者 免費 下載 。 應用 程序 可以 直接 下載 到 iO S設備 ， 也 可以 通過 [[ Mac O S X ]] 或者 [[ Windows ]] 平台 下 的 [[iTunes ]] 下載 到 電腦 中 。 其中 包含 遊戲 、 日程 管理 、 詞典 、 圖庫 及 許多 實用 的 軟體 。 
0 
0 
0 
113 *'' 'W eb 应用 程序 ： ''' 在 2007年 苹果 全球 开发者 大会 上 ， 苹果 宣布 [[iPhone]] 和 [[i Pod  Touch ]] 将 会 通过 Safari 网络 浏览器 支持 某些 第三 方 应用 程序 ， 这些 应用 程序 被 称为 Web 应用 程序 。 它们 能 通过 [[ AJ AX ]] 网络 技术 编写 出来 。 <re f> Ziegler ,  Chris .  [ http : ／ ／ www.engadget . com ／ 2007 ／ 06 ／ 11 ／ apple-announces-third -party-software-de tails-for-iphone ／   Apple  announces third -party   software  de tails  for  iPhone]  ,  ' '[ [Engadget ]] '' ,  （ 2007 - 06 - 11 ） ,于 2007年 6月 20日 查阅 . <／re f> 
0 
0 
0 
4 == 恢复 模式 == 
50 DFU 模式 （ 英文 ： '' 'D '' 'evice  ' '' F'' 'irmware  '' 'U '' 'p grade  mode ； 中文 ： 设备 固件 升级 模式 ） 是 [[iO S]] 设备 的 一 种 [[ 固件 ]] 升级 模式 ， 该 模式 允许 设备 从 任何 状态 进行 恢复 。 
0 
4 ;进 入D FU 模式 
0 
40 *  方法 一 （ 官方 说明 ） ： <ref >{ {cite  web|url= http : ／ ／ the ip honewiki . com ／ wiki ／ D FU_ Mode |title =D FU  Mode|language =en|accessdate= 2014 - 04 - 27 }} <／re f> 
9 #  将 装置 连接 到 [[ 计算机 ]] ； 
4 #  关闭 设备 ； 
6 #  按住 电源 键3 秒 ； 
12 #  按住 Home键 ， 同时 不 放开 电源 键 10 秒钟 ； 
8 #  松开 电源键 ， 继续 按住 Home键 ； 
27 #  直 到 计算机 发现 新 硬件 ， 并 在 [[iTunes ]] 中 检测 到 设备 进入 恢复 模式 时 松开 按 键即 进入 DFU 模式 。 
0 
3 *方 法二 ： 
7 #  将 装置 连接 到 计算机 ； 
11 #  在 任何 状态 下 ， 同时 按住 Home键 和 电源键 
15 #  待到 手机 黑屏 后 ， 过 3～5秒 ， 放开 电源键 而 Home键 不 放 
26 #  直 到 计算机 发现 新 硬件 ， 并 在 iTunes 中 检测 到 设备 进入 恢复 模式 时 松开 按 键即 进入 DFU 模式 。 
0 
4 ;退 出D FU 模式 
0 
15 *  同时 按住 Home 和 电源键 ， 直 到 出现 [[ 苹果 ]] 标志 。 
0 
4 == 开发 人员 == 
5 {{ main|iOS 开发者 计划 }} 
131 '' 'iOS 开发者 计划 ' '' （ 英语 ： '' 'iO S  Developer Program''' ） 是 [[ 苹果 公司 ]] 为 iOS 开发 人员 提供 的 官方 项目 ， 该 计划 包括 为 开发 人员 提供 开发 工具 ， 技术 支持 培训 ， 资格 及 程序 发布 审核 等 支持 <r ef >[ http : ／ ／ www . ioskaifa.com ／ bl og ／ 2012 ／ 09 ／   苹果 开发者 计划 中 的 标准 计划 和 企业 计划 ／   苹果 开发者 计划 中 的 标准 计划 和 企业 计划 ]< ／re f> 。 [[ 苹果 公司 ]] 的 iO S  Dev  Center 网站 亦 提供 了 大量 技术 和 学习 资料 。 此外 [[ 苹果 公司 ]] 每 年 都 会 举办 [[ 苹果 公司 全球 软件 开发者 年会 ]] 。 
0 
105 开发者 每 年 拥有 两 次 技术 支持 事件 （ TSI ） ， 每 次 允许 开发者 请求 技术 支持 工程师 提供 代码级 支持 。 问题 将 被 分配 给 合适 的 工程师 以 帮助 排除 代码 问题 ， 指出 获取 其他 技术 资源 的 途径 ， 或者 提供 能够 加速 其 开发 过程 的 变通 方法 或 相应 的 技术 文档 。 开发者 可以 通过 会员 中心 的 “ Programs  &  A dd -ons ” （ 计划 和 附加 项目 ） 购买 额外 的 技术 支持 事件 ， 包括 99 美元 2次 技术 支持 和 249 美元 5次 技术 支持 两 种 选择 。 
0 
4 == 开发 工具 == 
22 [[ File:IPhone  SDK  -  New  Proje ct.png|thumb|right| 基於 X code   3.1 最 終 版本 的 iP hone軟 體開 發工 具包 。 ]] 
11 {{ com . chnpmy . Main|iOS 软件 开发 工具 包} } 
0 
120 '' 'iOS 软件 开发 工具 包' '' （ [[ 英文 ]] ： '' 'iO S  SDK' '' （ '' 'S '' 'oftware  '' 'D '' 'evelopment  '' 'K '' 'it ） ； 亦 称 ： '' 'i Phone  SDK' '' ） 是 由 苹果 公司 开发 的 为iOS 设计 的 应用 程序 开发 工具包 。 首 个 版本 于 2008年 2月 发布 。 软件 开发 工具包 需要 在 Mac O S  X  Leopard 及 以上 系统 并 拥有 [[ 英特尔 ]] [[ 处理器 ]] 才 能 运行 ， 其他 的 操作 系统 ， 包括 [[ 微软 ]] 的 [[ Windows ]] 操作 系统 和 旧 版本 的 [[ Mac O S X ]] 操作 系统 都 不 被 支持 。 
0 
51 然而 ， 只有 在 交付 iOS 开发者 计划 的 费用 后 才 能 发布 应用 程序 。 开发 人员 可以 通过 应用 商店 发布 任意 设价 的 应用 程序 ， 付费 应用 将 让 开发 人员 获得 70％ 的 费用 配额 ， 免费 的 应用 程序 没有 任何 费用 配额 。 
0 
65 2007年 10月 17日 ， 乔布斯 在 苹果 网站 的 一 封 公开 信上 宣布 “ [[ 软件 开发 工具 包]] ” 将 会 于 2008年 2月 提供 给 第三 方 开发商 。 软件 开发 工具 包于 2008年 3月 6日 发布 ， 允许 开发者 开发 [[iPhone]] 、 [[i Pod  touch ]] 应用 程序 ， 并 通过 “ iP hone 模拟器 ” 对 其 进行 测试 。 
0 
111 自从 [[ X code ]]   3.1 发布 以后 ， X co de 就 成为 了iOS 软件 开发 工具包 的 开发 环境 。 和 [[ Mac O S X ]] 的 应用 程序 一样 ， iOS 应用 程序 使用 Objective-C 语言 ， 一些 应用 程序 可以 写 成C 或 C++ 语言 。 苹果 通常 会 发布 两 个 iOS 软件 开发 工具包 ， 包括 主要 的 iO S X .0 （ 例如 iO S  6.0 ） 和 次要 的 iO S X .X （ 例如 iOS   6.1 ） 。 正式 版发 布前 会 有 几 个 测试版 公布 ， 目的 是 测试 应用 程序 的 兼容性 并 增加 新 的 功能 。 
0 
4 == 设备 越狱 == 
4 {{ main|iOS 越狱 }} 
0 
0 
0 
4 == 设备 列表 == 
5 {{ main|iOS 设备 列表 }} 
2 {{refbegin| 1}} 
2 {{ col-begin}} 
2 {{ col-3}} 
17 :{ {note| P1| P1 }}  [ [iPhone  （ 第一 代 ） |iPhone 2G  （ 第1代 ） ]] 
8 :{ {note| P2| P2 }}  [ [iPhone 3G]] 
9 :{ {note| P3| P3 }}  [ [iPhone 3GS ]] 
8 :{ {note| P4| P4 }}  [ [iPhone 4]] 
11 :{ {note| P4 D|P4D }}  iPhone 4 （ CD MA版 ） 
9 :{ {note| P5 |P5 }}  [ [iPhone 4S ]] 
8 :{ {note| P6 |P6 }}  [ [iPhone 5]] 
9 :{ {note| P7| P7 }}  [ [iPhone 5c ]] 
9 :{ {note| P8 |P8 }}  [ [iPhone 5s ]] 
2 {{ col-3}} 
15 :{ {note| T1| T1}}  [ [i Pod  touch |i Pod  touch  （ 第1代 ） ]] 
20 :{ {note| T2|T2 }}  [ [i Pod  touch #i Pod  Touch 第二 代 |i Pod  touch  （ 第2代 ） ]] 
20 :{ {note| T3|T3 }}  [ [i Pod  touch #i Pod  Touch 第三 代 |i Pod  touch  （ 第3代 ） ]] 
20 :{ {note| T4|T4 }}  [ [i Pod  touch #i Pod  Touch 第四 代 |i Pod  touch  （ 第4代 ） ]] 
20 :{ {note| T5|T5 }}  [ [i Pod  touch #i Pod  Touch 第五 代 |i Pod  touch  （ 第5代 ） ]] 
2 {{ col-3}} 
10 :{ {note| S1| S1}}  [ [i Pad] ]  [[ Wi-Fi]] 
12 :{ {note| S1C| S1C }}  i Pad  Wi-Fi  +  [[ 3G ]] 
10 :{ {note| S2| S2}}  [ [i Pad  2] ]  Wi-Fi 
13 :{ {note| S2C| S2C }}  i Pad  2  Wi-Fi +  [ [G SM]] 
13 :{ {note| S2D| S2D }}  i Pad  2  Wi-Fi  +  [[ CDMA ]] 
13 :[ [i Pad  3| The  new  i Pad ]] （ 第三 代 ） 
15 :[ [i Pad  4 |i Pad  with  Retina  Display ] ] （ 第四 代 ） 
8 :[ [i Pad  Air]] （ 第五 代 ） 
4 :[ [i Pad  mini]] 
13 :[ [i Pad  mini with  Retina  Display ] ] （ 第二 代 ） 
2 {{ col-end}} 
3 {{re fend }} 
0 
7 {{ Timeline  of  iO S  devices }} 
0 
4 == 参考 资料 == 
5 {{r ef list |2 }} 
0 
4 == 外部 链接 == 
23 * [ http : ／ ／ www . apple.com ／ hk ／ ios ／   Apple - iO S  Software  Up date] {{ zh-hant}} 
23 * [ http : ／ ／ www . apple.com . cn ／ ios ／   Apple - iO S  Software  Up date] {{ zh-hans}} 
14 * [ http : ／ ／ developer.apple.com ／ ip hone  苹果 开发者 网站 ] 
13 * [ http : ／ ／ www . apple.com   苹果 官方 网站 ] 
0 
2 {{ IOS}} 
2 {{ Apple}} 
4 {{ Template: Unix-like }} 
7 {{ Template: 智能 手機 操作 系統 }} 
4 {{ 移动 电话 }} 
0 
6 [[ Category : 智能 手機 ]] 
7 [[ Category :嵌 入式 操作 系統 ]] 
7 [[ Category : 行動 作業 系統 ]] 
4 [[ Category: Mach ]] 
10 <noinclude> [[ Category : 湖南 主页 模板 ]]< ／ noinclude> 
10 <!--留六 条 ， 新 的 放 在 最 上面 --> 
9 [[ File:yang du . jp g| 80 px |right]] 
11 *  湖南 也 有 [[ 苗疆 长城 |长 城]] 吗 ？ 
15 *  “ 旷代 逸才 ” [[ 杨度 ]] 是 位 怎样 的 传奇 人物 ？ 
15 *  [[ 中国 ]] 第一 位 驻外 外交官 是 [[ 郭嵩 焘| 谁 ]] ？ 
13 * [ [长 株潭 经济 一体化 ]] 是 怎么 一 回 事 ？ 
14 * [ [: Category :长 沙古城区 |长 沙文化 街区 ]] 在 什么 位置 ？ 
18 *  [[ 文夕 大火 ]] 也 称 “ 长沙 大火 ” ， 其 损失 有 多 大 ？ 
14 <!--  *  [[ 马楚| 马楚国 ]] 是 什么 时候 建立 的 王国 ？  --> 
6 <div align="right " style =" font-size:small;"> 
10 ''' [[ Special: Newpages | 更 多 ] ]' '' 
87 《 '' ' 蓝 猫 幽默 系列 ''' 》 ， 即 '' ' 《 [[ 蓝 猫 淘气 3000 问 ]]·幽默 舞台 系列 》 ' '' ， 是 ''' 《 [[ 蓝 猫 淘气 3000 问 ]] 》 ' '' 开篇 之 作 。 每 集 8分 30 秒 ， 共 424 集 <ref >[ http : ／ ／ www . topbluecat . com ／ cartoon／bluecat ／ ed u 3000 . htm  官方 “ 幽默 舞台 ” 页面 ]  - 三 辰 卡通 集团 <／re f> 。 
0 
3 == 介绍 == 
29 幽默 舞台 系列 之下 还 有 许多 不满 100 集 的 小 系列 ， 如 ： 星座 故事 ， 地形 地貌 ， 科技 创新 ， 自然 现象 等 。 
0 
4 == 配音 演员 == 
43 配音 演員 如下 ： <ref >[ 蓝 猫 淘气 3000 问] . [ED ][ 地 厚 天 高 （ 音乐 ） ][ 1999 ][ VCD ReMux ][ MPE G 1 . MP2 ][ Dean @ BCCT] . mk v  BCCT 小组 <／re f> 
11 *'' '[ [葛 平] ]' '' —— [[ 蓝 猫 ]] 
21 *'' '[ [付 以 琳] ]' '' —— [[ 淘气 ]] 、 [[ 咖喱  （ 动漫 人物 ） | 咖喱 ]] 
17 *' '' [[ 袁文君 ] ]' '' —— [[ 肥仔 ]] 、 [[ 鸡 大 婶 ]] 
10 *' '' [[ 罗沐] ]' '' —— [[ 菲菲 ]] 
16 *' '' [[ 陈蕾  （ 配音 演员 ） | 陈蕾] ]' '' —— [[ 甜妞 ]] 
14 *' '' [[ 李 一 兵] ]' '' —— （ [[ 旁白 ]] ） 
0 
3 == 目录 == 
21 {{ Non-free  | time = 2012 - 03 - 17 T 15 : 30 : 00 + 00 : 00   }} 
10 {{ hide H| Head= 蓝 猫 幽默 系列 目錄 }} 
50 <small> 注意 ： 部分 片名 可能 因 您 观看 的 版本 不同 而 不同 。 <／small> <re f> 本表 依[ http : ／ ／ www . wci cm . com ／ tv catalog／ed u 3000 . htm  W CICM--片 名 目錄 -- 幽默 舞台 系列 ] 整理 。 <／re f> 
10 *  第 001 集  地球 是 怎样 形成 的 ？ 
11 *  第 002 集  地球 是 个 大 磁体 吗 ？ 
10 *  第 003 集  地心 到底 是 什么 样子 ？ 
15 *  第 004 集  地球 那 边 的 人 为什么 不 会 掉下 去 ？ 
13 *  第 005 集  地球 的 表面 为什么 不 是 平 的 ？ 
9 *  第 006 集  地球 到底 有 多重 ？ 
9 *  第 007 集  地球 会 毁灭 吗 ？ 
13 *  第 008 集  为什么 说 我们 只 有 一 个 地球 ？ 
13 *  第 009 集  天 上 的 星星 数 得 清 吗 ？ 
10 *  第 010 集  星星 为什么 会 眨 眼睛 ？ 
13 *  第 011 集  为什么 夏夜 的 星星 比 冬夜 的 多 ？ 
11 *  第 012 集  为什么 星星 的 亮度 不 一样 ？ 
10 *  第 013 集  太阳 是 怎样 形成 的 ？ 
12 *  第 014 集  太阳 风暴 真的 很 可 怕 吗 ？ 
9 *  第 015 集  振荡 不 停 的 太阳 
11 *  第 016 集  银河系 的 中心 是 太阳 吗 ？ 
10 *  第 017 集  太阳系 是 怎样 形成 的 ？ 
14 *  第 018 集  为什么 说 金星 是 蒙 着 面纱 的 维纳斯 ？ 
11 *  第 019 集  木星 上 的 大红斑 是 什么 ？ 
9 *  第 020 集  水星 为什么 形迹 诡秘 ？ 
15 *  第 021 集  为什么 说 火星 是 地球 的 “ 孪生 兄弟 ” ？ 
10 *  第 022 集  土星 为什么 环绕 着 光环 ？ 
14 *  第 023 集  远离 太阳 的 “ 三 兄弟 ” 是 谁 ？ 
11 *  第 024 集  小 行星 到底 有 多 小 ？ 
10 *  第 025 集  彗星 掠日 是 怎么 回事 ？ 
10 *  第 026 集  为什么 月球 上 没有 生命 ？ 
13 *  第 027 集  月球 上 的 环形山 是 怎么 来 的 ？ 
11 *  第 028 集  为什么 会 发生 日食 和 月食 ？ 
10 *  第 029 集  雪崩 是 怎样 形成 的 ？ 
10 *  第 030 集  地震 是 怎样 形成 的 ？ 
10 *  第 031 集  火山 是 怎样 产生 的 ？ 
9 *  第 032 集  为什么 会 发生 泥石流 ？ 
9 *  第 033 集  风 从 哪里 来 ？ 
9 *  第 034 集  为什么 会 发生 龙卷风 ？ 
10 *  第 035 集  台风 是 怎样 发生 的 ？ 
11 *  第 036 集  沙漠 风暴 是 怎样 形成 的 ？ 
10 *  第 037 集  雷电 是 怎样 形成 的 ？ 
6 *  第 038 集  黑色 闪电 
10 *  第 039 集  滚雷 是 怎样 形成 的 ？ 
9 *  第 040 集  飑风 是 怎么 回事 ？ 
10 *  第 041 集  云 是 怎样 形成 的 ？ 
9 *  第 042 集  天 为什么 会 下雨 ？ 
10 *  第 043 集  为什么 会 西边日 出东 边雨 ？ 
7 *  第 044 集  连绵不断 的 梅雨 
11 *  第 045 集  极 光 是 怎样 形成 的 ？ 
10 *  第 046 集  冰川 是 怎样 形成 的 ？ 
12 *  第 047 集  为什么 南极 的 冰比 北极 的 多 ？ 
10 *  第 048 集  什么 是 第四 纪 冰川 ？ 
10 *  第 049 集  温泉 是 怎样 形成 的 ？ 
10 *  第 050 集  湖泊 是 怎样 形成 的 ？ 
10 *  第 051 集  瀑布 是 怎样 形成 的 ？ 
10 *  第 052 集  海岛 是 怎样 形成 的 ？ 
10 *  第 053 集  海 平面 为什么 会 升降 ？ 
11 *  第 054 集  海底 为什么 不 是 平 的 ？ 
8 *  第 055 集  黑潮 是 什么 ？ 
11 *  第 056 集  为什么 海洋 是 个 大 空调 ？ 
10 *  第 057 集  为什么 大海 是 蓝色 的 ？ 
10 *  第 058 集  海水 为什么 不 能 喝 ？ 
10 *  第 059 集  海雾 是 怎么 形成 的 ？ 
11 *  第 060 集  海里 也 有 大 峡谷 吗 ？ 
12 *  第 061 集  北 极 熊 是 怎样 生活 的 ？ 
11 *  第 062 集  谁 是 南极 真正 的 主人 ？ 
12 *  第 063 集  海底 真 有 美 人 鱼 吗 ？ 
16 *  第 064 集  小 海马 是 从 爸爸 肚子 里 钻 出来 的 吗 ？ 
11 *  第 065 集  为什么 说 蝙蝠 是 活雷 达 ？ 
9 *  第 066 集  鸟儿 为什么 会 飞 ？ 
14 *  第 067 集  鸟儿 停 在 电线 上 为什么 不 会 触电 ？ 
10 *  第 068 集  火烈鸟 的 故乡 在 哪里 ？ 
10 *  第 069 集  蜜蜂 是 怎样 酿蜜 的 ？ 
11 *  第 070 集  蜜蜂 是 怎样 繁衍 后代 的 ？ 
11 *  第 071 集  鳄 鱼 是 怎样 生活 的 ？ 
10 *  第 072 集  蛇 都 有 毒 吗 ？ 
9 *  第 073 集 人 为什么 要 睡觉 ？ 
9 *  第 074 集  梦游 是 怎么 回事 ？ 
9 *  第 075 集 人 为什么 会 感冒 ？ 
10 *  第 076 集  为什么 跑步 时心 跳会 加快 ？ 
12 *  第 077 集  最初 的 生命 是 怎样 形成 的 ？ 
11 *  第 078 集  生命 细胞 是 怎样 演化 的 ？ 
8 *  第 079 集  DNA 是 什么 ？ 
9 *  第 080 集  克隆 是 怎么 回事 ？ 
10 *  第 081 集  植物 也 有 感情 吗 ？ 
14 *  第 082 集  为什么 仙人 掌 在 沙漠 里 也 能 活 ？ 
9 *  第 083 集  为什么 沙漠 有 五颜六色 ？ 
10 *  第 084 集  为什么 要 保护 森林 资源 ？ 
11 *  第 085 集  造 纸术 是 谁 发明 的 ？ 
12 *  第 086 集  活字 印 刷术 是 谁 发明 的 ？ 
11 *  第 087 集  地 动仪 是 谁 发明 的 ？ 
10 *  第 088 集  火药 是 怎样 发明 的 ？ 
10 *  第 089 集  指南 针是 怎样 发明 的 ？ 
11 *  第 090 集  指 南针 为什么 会 指示 方向 ？ 
12 *  第 091 集  为什么 说 中国 是 风筝 的 故乡 ？ 
11 *  第 092 集  脸谱 艺术 是 怎样 产生 的 ？ 
8 *  第 093 集  为什么 要 过中秋节 ？ 
8 *  第 094 集  为什么 要 过年 ？ 
10 *  第 095 集  元 宵节 为什么 要 张灯结彩 ？ 
13 *  第 096 集  为什么 剪纸 艺术 深 受 人们 的 喜爱 ？ 
10 *  第 097 集  为什么 要 开凿 大 运河 ？ 
14 *  第 098 集  为什么 说郑 和 下西洋 是 个 伟大 的 创举 ？ 
13 *  第 099 集  为什么 说 赵州桥 是 古代 桥梁 的 杰作 ？ 
14 *  第 100 集  为什么 说 敦煌 莫 高窟 是 世界 艺术 长廊 ？ 
13 *  第 101 集  世界 屋脊 青藏 高原 是 怎样 形成 的 ？ 
11 *  第 102 集  地 质断 层 是 怎么 回事 ？ 
10 *  第 103 集  板块 漂移 是 怎么 回事 ？ 
12 *  第 104 集  一 线 天 是 怎么 形成 的 ？ 
12 *  第 105 集  丹霞 地 貌 是 怎样 形成 的 ？ 
10 *  第 106 集  石林 是 怎样 形成 的 ？ 
11 *  第 107 集  黄土 高原 是 怎样 形成 的 ？ 
9 *  第 108 集  戈壁 是 什么 样子 ？ 
10 *  第 109 集  溶洞 是 怎样 形成 的 ？ 
10 *  第 110 集  盆地 是 怎样 形成 的 ？ 
11 *  第 111 集  山 崩 是 怎样 造成 的 ？ 
8 *  第 112 集  奇特 的 天生 拱桥 
10 *  第 113 集  风城 是 怎样 形成 的 ？ 
12 *  第 114 集  南 极洲 的 地形 有 何 特点 ？ 
14 *  第 115 集  河流 两 岸 的 平台 是 怎么 形成 的 ？ 
11 *  第 116 集  河流 的 入海口 为何 呈 三角形 ？ 
10 *  第 117 集  地球 是 圆 的 吗 ？ 
9 *  第 118 集  地球 会 发光 吗 ？ 
7 *  第 119 集  地光 的 秘密 
11 *  第 120 集  地球 上 的 水会 用完 吗 ？ 
12 *  第 121 集  天 上掉 下来 的 石头 是 什么 ？ 
10 *  第 122 集  为什么 会 出现 流星 雨 ？ 
9 *  第 123 集  火 流星 为什么 与众不同 ？ 
7 *  第 124 集  飞向 马头星云 . 
13 *  第 125 集  “ 十字 连星 ” 会 引起 灾难 吗 ？ 
10 *  第 126 集  太空 垃圾 有 什么 危害 ？ 
13 *  第 127 集  潜伏 在 太空 中 的 “ 杀手 ” . 
10 *  第 128 集  为什么 要 研究 小 行星 ？ 
12 *  第 129 集  天 上 的 比翼鸟 —— 双 星 . 
10 *  第 130 集  土星 有 多少 颗 卫星 ？ 
11 *  第 131 集  木星 的 卫星 有 生命 吗 ？ 
10 *  第 132 集  慧木 相撞 是 怎么 回事 ？ 
9 *  第 133 集  X 星球 存在 吗 ？ 
10 *  第 134 集  水 内 行星 存在 吗 ？ 
9 *  第 135 集  太阳 伴星 存在 吗 ？ 
12 *  第 136 集  永 不 照面 的 B地球 存在 吗 ？ 
10 *  第 137 集  真的 有 时空 隧道 吗 ？ 
9 *  第 138 集  黑洞 是 怎么 回事 ？ 
10 *  第 139 集   什么 叫 “ 白洞 ” ？ 
13 *  第 140 集  “ 法 厄同 ” 是 毁于 核战争 吗 ？ 
10 *  第 141 集  恒星 是 怎样 形成 的 ？ 
9 *  第 142 集  恒星 为什么 会 爆炸 ？ 
11 *  第 143 集  恒星 的 颜色 都 一样 吗 ？ 
11 *  第 144 集  恒星 真的 是 不动 的 吗 ？ 
10 *  第 145 集  宇宙 到底 由 什么 组成 ？ 
9 *  第 146 集  宇宙 有 边 吗 ？ 
11 *  第 147 集  宇宙 的 年龄 有 多 大 ？ 
10 *  第 148 集  宇宙 的 未来 会 怎样 ？ 
11 *  第 149 集  星 系 是 怎样 演化 的 ？ 
11 *  第 150 集  星 系 会 相互 吞食 吗 ？ 
10 *  第 151 集  外 星球 有 人 吗 ？ 
10 *  第 152 集  外星人 究竟 长 什么 样子 ？ 
16 *  第 153 集  百 慕 大 三角 为什么 又 称 “ 死亡 三角 ” ？ 
11 *  第 154 集  通古斯 大 爆炸 是 怎么 回事 ？ 
7 *  第 155 集  神秘 的 飞碟 
10 *  第 156 集  U SO =U FO 吗 ？ 
10 *  第 157 集  火箭 是 怎样 上天 的 ？ 
12 *  第 158 集  隐形 飞机 真的 不 能 发现 吗 ？ 
10 *  第 159 集  全程 遥控 是 怎么 回事 ？ 
10 *  第 160 集  潜水器 为什么 能 上下 潜浮 ？ 
11 *  第 161 集  海面 上 为什么 会 出现 海火 ？ 
9 *  第 162 集  海浪 是 怎么 回事 ？ 
10 *  第 163 集  无风 三 尺 浪 的 奥秘. 
10 *  第 164 集  大海 潮流 是 怎么 回事 ？ 
10 *  第 165 集  海底 也 有 森林 吗 ？ 
10 *  第 166 集  珊瑚 是 怎样 形成 的 ？ 
11 *  第 167 集  海 里 到处 有 鱼 吗 ？ 
10 *  第 168 集  鲨鱼 是 怎样 捕食 的 ？ 
11 *  第 169 集  海豚 也 能 成 明星 吗 ？ 
8 *  第 170 集  海上 霸王 —— 逆戟鲸 
11 *  第 171 集  海 象 是 怎样 生活 的 ？ 
10 *  第 172 集  海獭 是 怎样 生活 的 ？ 
11 *  第 173 集  海 狗 是 怎样 生活 的 ？ 
10 *  第 174 集  河马 为什么 总泡 在 水中 ？ 
9 *  第 175 集  鱼儿 会 说话 吗 ？ 
9 *  第 176 集  为什么 有些 鱼会 发光 ？ 
9 *  第 177 集  厄尔尼诺 是 怎么 回事 ？ 
7 *  第 178 集  赤潮 之 谜 
10 *  第 179 集  空气 是 什么 组成 的 ？ 
8 *  第 180 集  氧气会 用完 吗 ？ 
9 *  第 181 集  什么 是 海市 蜃楼 ？ 
14 *  第 182 集  在 死海 里 游泳 为什么 不 会 沈下 去 ？ 
11 *  第 183 集  间 歇泉 是 怎样 形成 的 ？ 
11 *  第 184 集  潮 汐 是 怎样 形成 的 ？ 
9 *  第 185 集  机器人 能 干 什么 ？ 
12 *  第 186 集  间谍 的 “ 耳朵 ” —— 窃听器 . 
10 *  第 187 集  电子 鼻子 是 怎么 回事 ？ 
9 *  第 188 集  真的 有 测谎器 吗 ？ 
7 *  第 189 集  自动 汽车 . 
9 *  第 190 集  什么 是 智能 住宅 ？ 
9 *  第 191 集   什么 是 智能 手枪 ？ 
11 *  第 192 集  计算机 芯片 能 植入 人脑 吗 ？ 
9 *  第 193 集  什么 叫 网络 犯罪 ？ 
10 *  第 194 集  什么 叫 网络 逻辑 炸弹 ？ 
9 *  第 195 集  什么 叫 网络 学校 ？ 
9 *  第 196 集  什么 叫 网络 医院 ？ 
8 *  第 197 集  什么 叫 防火墙 ？ 
9 *  第 198 集  怎样 防范 计算器 病毒 ？ 
11 *  第 199 集  “ 美莉萨 ” 病毒 是 什么 ？ 
10 *  第 200 集  计算机 网络 有 什么 优势 ？ 
10 *  第 201 集   什么 是 卫星 定位 系统 ？ 
13 *  第 202 集  为什么 人造 卫星 可以 用来 探测 地球 资源 ？ 
13 *  第 203 集  信息 高速 公路 是 由 什么 组成 的 ？ 
8 *  第 204 集   什么 是 信息战 ？ 
13 *  第 205 集  电视 制导 导弹 为什么 能 自动 寻找 目标 ？ 
11 *  第 206 集  导 弹头部 防护罩 有 什么 作用 ？ 
13 *  第 207 集  自寻 的 地雷 为什么 能 自动 捕捉 目标 ？ 
10 *  第 208 集  机器人 为什么 能 成为 新军 ？ 
8 *  第 209 集   什么 是 光脑 ？ 
10 *  第 210 集  什么 是 无盘 工作 站 ？ 
11 *  第 211 集   什么 是 “ 电子 书刊 ” ？ 
12 *  第 212 集  光 敏胶 为什么 可以 用 于 光刻 ？ 
12 *  第 213 集  声纳 传感器 是 做 什么 用 的 ？ 
9 *  第 214 集  什么 是 汽车 飞机 ？ 
9 *  第 215 集  什么 是 肌 电手 ？ 
11 *  第 216 集  泡沫 灭火器 是 怎样 灭火 的 ？ 
10 *  第 217 集  万 能 胶有 哪些 用途 ？ 
11 *  第 218 集  石 棉真 的 能 防火 吗 ？ 
6 *  第 219 集  固氮 高手 
11 *  第 220 集  氢 为什么 是 未来 新 能源 ？ 
9 *  第 221 集  稀土 是 土 吗 ？ 
10 *  第 222 集  能 吃 的 石头 —— 石盐 
11 *  第 223 集  “ 愚人金 ” 是 金子 吗 ？ 
11 *  第 224 集  多色 翡翠 是 怎样 形成 的 ？ 
10 *  第 225 集  玛瑙 是 怎样 形成 的 ？ 
10 *  第 226 集  琥珀 是 怎样 形成 的 ？ 
10 *  第 227 集  煤 是 怎样 形成 的 ？ 
10 *  第 228 集  石油 是 怎样 形成 的 ？ 
8 *  第 229 集  金 刚石 的 奥秘 
8 *  第 230 集  失踪 的 楼兰 古国 
12 *  第 231 集  世界 七 大 奇迹 之 首 —— 金字塔 
13 *  第 232 集  流经 沙漠 的 “ 绿色 走廊 ” —— 尼罗河 
10 *  第 233 集 人 为什么 会 肚子 饿 ？ 
11 *  第 234 集 人 为什么 会 有 不同 肤色 ？ 
12 *  第 235 集  人 的 肚子 里 会长 西瓜 吗 ？ 
9 *  第 236 集  植物人 是 怎么 回事 ？ 
11 *  第 237 集  肌肉 是 怎么 锻炼 出来 的 ？ 
10 *  第 238 集  血液 为什么 是 红色 的 ？ 
10 *  第 239 集  左 撇子 聪明 些 吗 ？ 
12 *  第 240 集  有 使 人 发笑 的 气体 吗 ？ 
11 *  第 241 集  催泪弹 为何 会 使 人 落泪 ？ 
10 *  第 242 集  兴 奋剂 到底 是 什么 ？ 
11 *  第 243 集  不 倒翁 为什么 能 不 倒 ？ 
9 *  第 244 集  棉袄 能 取暖 吗 ？ 
6 *  第 245 集  基因 疗法 
11 *  第 246 集  老鼠 尿 有 什么 药用 价值 ？ 
11 *  第 247 集  为什么 生物 的 行为 可以 遗传 ？ 
9 *  第 248 集  笨拙 的 呆鸟 —— 信天翁 
11 *  第 249 集  野 牛 是 怎样 生活 的 ？ 
11 *  第 250 集  美洲 豹 是 怎样 生活 的 ？ 
14 *  第 251 集  为什么 说 大 红 毛猿 是 “ 树人 ” ？ 
10 *  第 252 集  雪猴 是 怎样 生活 的 ？ 
8 *  第 253 集  隐秘 杀手 — 吸髓蚊 
10 *  第 254 集  驯鹿 是 怎样 生活 的 ？ 
9 *  第 255 集  你 了解 大象 吗 ？ 
11 *  第 256 集  美洲 虎真 的 很 厉害 吗 ？ 
10 *  第 257 集  天 上 的 国度 —— 星座 
12 *  第 258 集  星座 的 名称 是 怎样 取 的 ？ 
12 *  第 259 集  为什么 星座 的 形状 会 发生 改变 ？ 
12 *  第 260 集  刀 枪 不 入 的 凶狮 —— 狮子座 
11 *  第 261 集  拐 走 王子 的 神鹰 —— 天鹰座 
10 *  第 262 集  巧 计破敌 的 勇士 —— 英仙座 
11 *  第 263 集  成为 海怪 祭品 的 公主 —仙 女座 
11 *  第 264 集  拐 走 美女 的 牡牛 —— 金牛座 
8 *  第 265 集  小 马座 的 传说 
12 *  第 266 集  莽 撞少 年 的 悲剧 —— 波江 座 
11 *  第 267 集  企图 咬死 猎户 的 大毒蝎 —— 天蝎座 
11 *  第 268 集  看 守金 苹果 的 毒龙 —— 天龙座 
11 *  第 269 集  天 上 的 四轮车 —— 大 熊座 
14 *  第 270 集  追逐 大熊 、 小 熊 的 猎犬 —— 猎犬 座 
10 *  第 271 集   赶 牛人 的 星座 —— 牧夫座 
15 *  第 272 集  趴 在 大 狮头 上 的 小 狮 —— 小 狮座 
12 *  第 273 集  为 民牺 牲 爱女 的 国王 —仙 王座 
11 *  第 274 集  爱慕 虚荣 的 王后 —— 仙后 座 
11 *  第 275 集  埃及 王后 的 美发 —— 后 发座 
11 *  第 276 集  农业 女神 的 悲伤 —— 室 女座 
11 *  第 277 集  神 王宙斯 的 化身 —— 天鹅 座 
12 *  第 278 集  酒 神送 给 新娘 的 华冠 —— 北冕座 
10 *  第 279 集  音乐 神童 的 遗物 —— 天琴座 
8 *  第 280 集  天 猫座 的 秘密 
11 *  第 281 集  长 着 翅膀 的 金羊毛 —— 白羊座 
10 *  第 282 集  被 踩扁 的 螃蟹 —— 巨蟹座 
11 *  第 283 集  友爱 的 孪生 兄弟 — 双子 座 
8 *  第 284 集  双 鱼座 的 秘密 
8 *  第 285 集  天 箭座 的 故事 
8 *  第 286 集  蛇 夫座 的 传说 
11 *  第 287 集  神医 的 宠物 —— 巨 蛇 座 
10 *  第 288 集  带有 双翼 的 马—— 飞马 座 
10 *  第 289 集  拯救 诗人 的 海豚 —海 豚座 
11 *  第 290 集  猎户 的 忠实 伙伴 —— 大 犬座 
11 *  第 291 集  酒 神巴克斯 的 酒杯 —— 巨爵 座 
8 *  第 292 集  剑 鱼座 的 故事 
8 *  第 293 集  狐 狸座 的 秘密 
11 *  第 294 集  半鱼半羊 的 山林 之 神 —— 摩羯座 
10 *  第 295 集  南门 双星 —— 半 人 马座 
10 *  第 296 集  南极 的 路 灯 —— 天燕座 
9 *  第 297 集  灯笼 骨架 —— 南十 字座 
8 *  第 298 集  飞 鱼座 的 秘密 
11 *  第 299 集  咬死 主人 的 猎犬 —— 小 犬座 
16 *  第 300 集  长 着 九 个 头 的 巨 蛇 —— 长 蛇 座 
11 *  第 301 集  天 上 的 香炉 —— 天炉 座 
8 *  第 302 集  太空 几何图 —— 三角座 
9 *  第 303 集  贪吃 的 乌鸦 —— 乌鸦座 
10 *  第 304 集  天 上 的 牧羊人 —— 御夫座 
11 *  第 305 集  勘 测员 的 水平仪 —— 矩尺 座 
10 *  第 306 集  变成 岩石 的 海怪 —— 鲸鱼座 
12 *  第 307 集  众 神 酒宴 的 水瓶 —— 宝瓶 座 
10 *  第 308 集  正义 女神 的 天秤 —— 天秤座 
8 *  第 309 集  鹿 豹座 的 秘密 
8 *  第 310 集  天 兔座 的 故事 
8 *  第 311 集  蝎 虎座 的 秘密 
8 *  第 312 集  唧 筒座 的 来历 
12 *  第 313 集  十八 世纪 的 绘图 工具 —— 绘架 座 
12 *  第 314 集  多 才 多艺 的 半马人 —— 人马 座 
8 *  第 315 集  南天 开屏 —— 孔雀座 
9 *  第 316 集  美神 的 化身 —— 南鱼座 
10 *  第 317 集  英勇无比 的 大 英雄 —— 武仙座 
10 *  第 318 集  大熊 卡利斯托 的 父亲 —— 豺狼座 
8 *  第 319 集  吉祥幸 运物 —— 天鸽座 
10 *  第 320 集  天 上 的 布谷 —— 杜鹃座 
8 *  第 321 集  船 尾座 的 秘密 
10 *  第 322 集  天 上 的 桂冠 —— 南冕座 
10 *  第 323 集  赫维利斯 的 工具 —— 六分 仪座 
11 *  第 324 集  天 上 的 大钟 —— 时 钟座 
10 *  第 325 集  天球 的 南极 —— 南极 座 
9 *  第 326 集  仙鸟 之 王 —— 凤凰座 
9 *  第 327 集  苍蝇 的 眼睛 —苍 蝇座 
10 *  第 328 集  浮游 太空 的 水 蛇 座 
12 *  第 329 集  一 个 民族 的 象征 —— 印第 安座 
10 *  第 330 集  动感 十足 的 天 鹤 座 
8 *  第 331 集  山 案座 的 秘密 
11 *  第 332 集  雕 刻师 的 作坊 —— 玉夫 座 
10 *  第 333 集  类人 机器人 是 什么 样子 ？ 
11 *  第 334 集  怎样 对付 军用 卫星 的 侦察 ？ 
11 *  第 335 集  以 细胞 为 靶子 的 基因 枪 
12 *  第 336 集  电话机 在 网络 中 有 什么 作用 ？ 
10 *  第 337 集  威力 无比 的 粒子 束 武器 
9 *  第 338 集   什么 是 生物 导弹 ？ 
10 *  第 339 集  什么 是 “ 智能机 ” ？ 
11 *  第 340 集  地雷 也 能 打 飞机 吗 ？ 
9 *  第 341 集  无声 杀手 —— 次 声波 
9 *  第 342 集  什么 是 JAVA 语言 ？ 
7 *  第 343 集  气压 引信 导弹 
9 *  第 344 集  反舰 重拳 —— 飞鱼 导弹 
9 *  第 345 集  什么 是 网络 城市 ？ 
10 *  第 346 集  机器人 能 放入 人体 吗 ？ 
13 *  第 347 集  焦 桃弹 为什么 有 很 强 的 杀伤力 ？ 
13 *  第 348 集  夜 视镜 为什么 能 在 黑夜 观看 物体 ？ 
14 *  第 349 集  不 在 土壤 里 种 蔬菜 也 行 吗 ？ 
10 *  第 350 集  死亡 谷里 有 生命 吗 ？ 
10 *  第 351 集  鹈鹕 是 怎样 捕鱼 的 ？ 
10 *  第 352 集  熊 有 哪些 生活 习性 ？ 
10 *  第 353 集  洞察 微小 事物 的 显微 镜座 
11 *  第 354 集  天 上 的 天度 —— 圆 规座 
10 *  第 355 集  天 上 的 指南针 —— 罗盘座 
11 *  第 356 集  天 上 的 祭坛 —— 天坛 座 
9 *  第 357 集  黑客 是 什么 人 ？ 
9 *  第 358 集   什么 是 网络 战 ？ 
13 *  第 359 集  “ 三 金 工程 ” 是 指 什么 ？ 
9 *  第 360 集  什么 是 纳米 材料 ？ 
12 *  第 361 集  机器人 也 能 成为 电子 宠物 吗 ？ 
10 *  第 362 集  激光 为什么 能 站岗 放哨 ？ 
9 *  第 363 集  什么 是 外星 探测器 ？ 
16 *  第 364 集  为什么 电子 侦察 卫星 被 称为 “ 空间 的 耳朵 ” ？ 
10 *  第 365 集  避 弹衣 为什么 能 避弹 ？ 
11 *  第 366 集  用 光束 作 炮弹 的 激光 武器 
9 *  第 367 集  机器人 为什么 能 说话 ？ 
8 *  第 368 集  威力 无比 的 中子弹 
10 *  第 369 集  为什么 说 瑞 雪兆 丰年 ？ 
9 *  第 370 集  怎样 进行 人工 降雨 ？ 
11 *  第 371 集  为什么 施肥 过量 植物 会 死 ？ 
9 *  第 372 集  什么 是 白色 污染 ？ 
8 *  第 373 集  大气层 有 多厚 ？ 
11 *  第 374 集  月 球 是 怎样 形成 的 ？ 
9 *  第 375 集  什么 是 气象 武器 ？ 
9 *  第 376 集  什么 是 生物 武器 ？ 
8 *  第 377 集  盾 牌座 的 秘密 
9 *  第 378 集  南天 的 钻石 —— 网罟座 
10 *  第 379 集  奔驰 的 吉祥兽 —— 麒麟 座 
11 *  第 380 集  南天 几 何 图 —— 南 三角座 
11 *  第 381 集  为什么 说 特异 功能 不 存在 ？ 
13 *  第 382 集  真的 有 “ 外气 隔碗 探物 ” 吗 ？ 
13 *  第 383 集  “ 外气 护杯 ” 是 特异 功能 吗 ？ 
12 *  第 384 集  人体 最 大 的 单一 器官 —— 皮肤 
8 *  第 385 集  什么 是 原子 ？ 
8 *  第 386 集  什么 是 无源雷达 ？ 
11 *  第 387 集  什么 是 恒 星际 光子 飞船 ？ 
11 *  第 388 集  飞行员 为什么 喜欢 头盔 瞄准 具 ？ 
10 *  第 389 集  青霉素 是 怎样 产生 的 ？ 
8 *  第 390 集  什么 是 半导体 ？ 
9 *  第 391 集  陶瓷 之 王 —— 刚玉 
9 *  第 392 集  什么 是 复合 材料 ？ 
12 *  第 393 集  航 空母舰 为什么 能 潜到 水下 航行 ？ 
9 *  第 394 集  什么 是 电磁 炮 ？ 
9 *  第 395 集  怎样 防护 核 武器 ？ 
11 *  第 396 集  天 上 的 交通警 —— 导航 卫星 
10 *  第 397 集  为什么 能 用 信用卡 取款 ？ 
8 *  第 398 集  现代 的 天气 预报 
10 *  第 399 集  河外 的 岛 —— 河外 星系 
11 *  第 400 集  未来 南天 极 的 母亲 —— 蝘蜓座 
11 *  第 401 集  为什么 说 清明 时节 雨 纷纷 ？ 
9 *  第 402 集  人工 能 消雾 吗 ？ 
9 *  第 403 集  寒潮 是 怎么 回事 ？ 
10 *  第 404 集  为什么 可以 进行 人工 消雹 ？ 
15 *  第 405 集  我 国 长征 系列 运载 火箭 有 哪 几 种 ？ 
13 *  第 406 集  宇 航员 能 进入 外层 空间 行走 吗 ？ 
9 *  第 407 集  什么 是 磁浮 列车 ？ 
12 *  第 408 集  为什么 不久 将 会 出现 核动力 飞机 ？ 
8 *  第 409 集  神奇 的 转基因 植物 
10 *  第 410 集   种子 是 怎样 萌芽 的 ？ 
13 *  第 411 集  有 能 使害 虫 断子绝孙 的 妙法 吗 ？ 
9 *  第 412 集  生命 的 发动机 —— 心脏 
10 *  第 413 集  微波 通讯 是 怎么 回事 ？ 
10 *  第 414 集  什么 叫 新 概念 武器 ？ 
10 *  第 415 集  弹道 导弹 有 眼睛 吗 ？ 
9 *  第 416 集  什么 是 计算机 病毒 ？ 
8 *  第 417 集 船 底座 的 秘密 
10 *  第 418 集  天 上 的 千里眼 —— 望远镜座 
6 *  第 419 集  雕 具座 
8 *  第 420 集  什么 是 幽灵岛 ？ 
9 *  第 421 集  水晶 是 什么 东西 ？ 
14 *  第 422 集  世界 上 最 硬 的 新 材料 —— 氮化 碳 
11 *  第 423 集  全息 商标 为什么 具有 防伪 功能 ？ 
15 *  第 424 集  为什么 在 国际 长途 通话 时 有 异样 的 感觉 ？ 
3 {{ hide F}} 
0 
3 == 参考 == 
5 <div clas s= "re ferences-small"> 
5 <re ference s  ／ > 
2 <／ div> 
6 {{ 湖南 卫视 综艺 节目 }} 
0 
8 [[ Category : 中 國 動畫 影集 ]] 
7 [[ Category : 三 辰 卡通 ]] 
6 [[ Category : 蓝 猫 ]] 
1 {{noteTA 
10 |T= zh-han s: Retina 显示 屏;  zh-hant: Retina 顯示 器; 
10 |1= zh-han s: Retina 显示 屏;  zh-hant: Retina 顯示 器; 
9 |2 = zh-han s: 显示 屏;  zh-hant: 顯示 器; 
9 |3 = zh-hans:乔布斯 ;  zh-t w: 賈伯斯 ;  zh-hk:喬布斯; 
7 |4= zh-hans:史蒂夫 ;  zh-tw:史蒂夫 ;  zh-hk:史提夫 ; 
1 }} 
0 
27 {{ re dire ct 2| Retina |脊椎 动物 和 一些 头足纲 动物 眼球 玻璃体 后部 的 一 层 非常 薄 的 感光 细胞 层 |视 网膜 }} 
0 
22 [[ File :' Map'  on  Retina  Display . jpg|thumb| 显示 “ 地图 ” 二 字 的 Retina 显示 屏| 337 px ]] 
0 
157 ''' Retina 显示 屏' '' （ [[ 英文 ]] ： ''' Retina  Display ' '' ） 是 一 种 由 [[ 苹果 公司 ]] 设计 和 委托 制造 的 显示屏 ， 具备 足够 高像素 密度 而 使得 人体 肉眼 无法 分辨 其中 单独 像 素点 的 液晶屏 ， 最初 采用 该 种 屏幕 的 产品 [[iPhone  4] ]由 執行 長[ [史蒂夫·乔布斯 ]]于 WWD C 2010 发布 ， 其 屏幕 分辨率 为 960 × 640 （ [[ 每 英 寸像 素] ]数 326 ppi ） 。 这 种 分辨率 在 正常 观看 距离 下 足以 使 人 肉眼 无法 分辨 其中 的 单独 像素 。 <ref >[ http : ／ ／ www . apple.com . cn ／ c hannel ／ ip hone／iphone-4／tour# features-retina  Apple 中国 ： iP hone  4  -  视频 通话 、 多 任务 处理 、 HD   高清 视频 以及 更 多 ]< ／re f> 如今 苹果 正 逐步 将 其 推广 到 全线 产品 之上 。 
0 
5 == 特点 及 规格 == 
46 这 种 屏幕 通常 带有 [[ 橫向 電場 效應 顯示 技術 |IPS ]] 技术 ， 视野 大 ， 漏光 少 ， 色域 广 ， 色彩 还原 准确 的 特点 ， 具有 极 佳 的 观赏 效果 。 它 现在 被 应用 在 以下 产品 上 ： 
9 {|  c lass =" wikitable " style= "t ext-align:center" 
29 !  设备  ! !  屏幕 类型  ! !  屏幕 尺寸 （ 英寸 ）  ! !  分辨率  ! !  每 英 寸像 素数 （ PPI ）  ! !  宽高 比  
1 |-  
9 |[ [i Mac  with  Retina 5 K  display ]] 
13 | rowspan = 1 align =" center" |  Oxide  T FT ,  IPS 
9 | rowspan = 1 align =" center "|   27 
11 | rowspan = 1 align =" center "|   5120 x 2880 
9 | rowspan = 1 align =" center "|   217 
10 | rowspan = 1 align =" center "|   16 :9 
1 |- 
38 |[[ MacBook Pro# 第三 代 产品 （ With  Retina  Display ）  | Macbook  Pro ]] （ 3rd-Gen, 15 -inch ）  | |  IPS  | |  15.4   ||   2880 x 1800  | |  220  | |  16 : 10 
1 |- 
39 |[[ MacBook Pro# 第三 代 产品 （ With  Retina  Display ）  | Macbook  Pro ]] （ 3rd-Gen , 13 -inch ）  | |  IPS  | |  13.3   ||   2560 x 1600  | |  227  | |  16 : 10 
1 |-  
5 |[ [i Pad  Air 2]] 
12 | rowspan=2 align =" center "|  多 点 触控 IG ZO IPS 
7 | rowspan=2 align =" center" |    9.7 
9 | rowspan=2 align =" center "|   2048 x 1536 
7 | rowspan=2 align =" center "|   264 
8 | rowspan=2 align =" center "|  4 :3 
1 |- 
4 |[ [i Pad  Air]] 
1 |- 
13 |[ [i Pad  （ 第四 代 ） |i Pad  with  Retina  Display ]] 
12 | rowspan = 1 align =" center "|  多 点触 控a-Si  IPS 
9 | rowspan = 1 align =" center" |    9.7 
11 | rowspan = 1 align =" center "|   2048 x 1536 
9 | rowspan = 1 align =" center "|   264 
10 | rowspan = 1 align =" center "|  4 :3 
1 |-  
9 |[ [i Pad  mini |i Pad  mini  2 ]] 
10 | rowspan=2 align =" center "|  多 点触 控a-Si  IPS 
7 | rowspan=2 align =" center "|   7.9 
9 | rowspan=2 align =" center "|   2048 x 1536 
7 | rowspan=2 align =" center" |  326 
8 | rowspan=2 align =" center "|  4 :3 
1 |- 
9 |[ [i Pad  mini |i Pad  mini 3 ]] 
1 |- 
5 |[ [iPhone 6  Plus ]] 
10 | rowspan=2 align =" center "|  L TPS  IPS  on-cell  
8 | rowspan = 1 align =" center"|  5.5 
11 | rowspan = 1 align =" center "|   1920 x 1080 
9 | rowspan = 1 align =" center "|   401 
10 | rowspan = 1 align =" center "|   16 :9 
1 |- 
4 |[ [iPhone 6 ]] 
9 | rowspan = 1 align =" center "|   4.7 
11 | rowspan = 1 align =" center" |  1334 x 750 
9 | rowspan = 1 align =" center" |  326 
10 | rowspan = 1 align =" center "|   16 :9 
1 |- 
3 |[ [iPhone 5]] 
16 | rowspan=2 align =" center "|  多 点 触控 IP S  （ LTP S, in-cell ） 
7 | rowspan=2 align =" center "|   4.0 
9 | rowspan=2 align =" center" |  1136 x 640 
7 | rowspan=2 align =" center" |  326 
8 | rowspan=2 align =" center "|   16 :9 
1 |- 
14 |[ [i Pod  touch #i Pod  Touch  第五 代 |i Pod  touch（5th-Gen ） ]] 
1 |- 
4 |[ [iPhone 5s ]] 
16 | rowspan=2 align =" center "|  多 点 触控 IP S  （ LTP S,  on-cell ） 
7 | rowspan=2 align =" center "|   4.0 
9 | rowspan=2 align =" center" |  1136 x 640 
7 | rowspan=2 align =" center" |  326 
8 | rowspan=2 align =" center "|   16 :9 
1 |- 
4 |[ [iPhone 5c ]] 
1 |- 
4 |[ [iPhone 4S ]] 
14 | rowspan=2 align =" center "|  多 点 触控 IP S  （ LTPS ） 
7 | rowspan=2 align =" center "|   3.5 
9 | rowspan=2 align =" center "|   960 x 640 
7 | rowspan=2 align =" center" |  326 
8 | rowspan=2 align =" center "|  3 :2 
1 |- 
3 |[ [iPhone 4]] 
1 |- 
31 |[ [i Pod  Touch  4 |i Pod  touch （ 4th-Gen ） ] ]| |  多 点 触控 TN-L CD   ||   3.5   ||   960 x 640  | |  326  | |  3:2 
1 |} 
0 
4 == 理论 依据 == 
46 [[i Pad 3| 第三 代 iPad ]] <ref >[ http : ／ ／ www . apple.com ／ hk ／ ip ad ／ features ／   Apple 香港 ： iPad 的 Retina- Display ]< ／re f> 发布会 上 ， 苹果 给出 了 Retina 设计 标准 的 公式 : 
0 
12 <math>  a=2\arctan\left （ \f rac  h{ 2d }\right ）  < ／ math>  
0 
148 其中  < math>a< ／ math >  代表人 眼视角 ， <math> h< ／ math >  代表 像素 间距 ， <mat h> d< ／ math >  代表 肉眼 与 屏幕 的 距离 。 符合 以上 条件 的 屏幕 可以 使 肉眼 看 不 见 单 个 物理 像 素点 。 这样 的 IPS 屏幕 就 可 被 苹果 称作 “ Retina 显示屏 ” 。 将 通常 使用 距离 及 正常 眼能区 分 屏幕 上 两 点 的 最 小 视角 约 为 1 ’ 代入 上 公式 可 知 ： 行动 电话 显示器 的 像素 密度 达到 或 高于 300 p pi 就 不 会 再 出现 颗粒感 ； 手持 平板类 电器 显示器 的 像素 密度 达到 或 高于 260 p pi 就 不 会 再 出现 颗粒感 ， 而 苹果 行动 电脑 的 Retina 显示器 像素 密度 只要 超过 200 p pi 就 无法区 分出 单独 的 像素 。 
0 
4 == 工作 方式 == 
230 以 [[ MacBook Pro# 第三 代 产品 （ With  Retina  Display ） |Mac Book  Pro with  Retina  Display ]] <ref >[ http : ／ ／ www . apple.com . cn ／ macbook-pro ／ features ／   Apple 中国 ： MacBook  Pro 的 Retina- Display ]< ／re f> 为 例 ， 工作 时 [[ 显卡 ]] 渲染 出 2880 x 1800 个 像素 ， 其中 每 四 个 像素 一 组 ， 输出 原来 屏幕 的 一 个 像素 显示 的 大小 区域 内 的 图像 。 这样一来 ， 用户 所 看到 的 图标 与 文字 的 大小 与 原来 的 1440 x 900 分辨率 显示屏 相同 ， 但 精细度 是 原来 的 4倍 ， 但 对于 特殊 元素 ， 如 视频 与 图像 ， 则 以 一 个 图片 像素 对 应 一 个 屏幕 像素 的 方式 显示 。 故 不 会 产生 [[ Windows ]] 中 分辨率 提升 使 屏幕 文字 與圖 像 变小 ， 造成 阅读 困难 的 问题 。 这样 在 设计 软件 时 只 需 将 所有 的 UI 元素 的 精细度 都 提高 到 原来 的 4倍 就 可以 既 保持 了 观看 舒适度 ， 又 提高 了 显示 效果 。 关于 [[iOS 设备 列表 |iOS 设备 ]] ， 也 由 四 个 像素 代替 原来 一 个 像素 ， 通过 下图 对 比 就 可以 较 明显 地 观察 到 这 种 关系 。 
16 <gallery  wid ths =" 420 px "  height s= " 280 px " perrow= "2 "> 
7 image: Non-Retina  Display . jpg |iPhone 3GS 
7 Image: Retina  Display . jpg |iPhone 4 
1 <／gallery> 
0 
4 == 缺陷 分析 == 
4 === 软件 技术 === 
0 
0 
4 === 硬件 技术 === 
142 在 2012年 推出 15 英寸 [[ MacBook Pro# 第三 代 产品 （ With  Retina  Display ） |Mac Book  Pro with  Retina  Display ]] 后 ， 由于 个别 面版 的 缺陷 ， 一些 用户 反映 电脑 的 显示屏 出现 了 残影 和 抖动 ， 使得 使用 受到 影响 。 理论 上 所有 的 液晶 萤幕 或多或少 都 会 有 残影 现象 发生 ， 不过 有 个别 用户 指出 他们 的 电脑 需要 五 分钟 才 能 让 萤幕 残影 消失 ， 对于 一 台 专业 产品 来 说 ， 那些 用户 无法 接受 。 <re f> 该 屏幕 有 两 个 主要 供应商 ： LG  Display 和 Samsung 。 一些 用户 指出 ， 出现 问题 的 均 为 LG  Display 的 屏幕 ， Samsung 屏幕 没有 发现 该 问题 。 <／re f> 苹果 亦 会 为 这些 用户 提供 产品 更换 服务 。 
0 
4 == 用户 体验 == 
167 苹果 在 一些 开发者 文档 中 提到 ， 线宽 对于 用户 界面 设计 尤其 的 重要 ， 因为 线宽 定义 了 图形 物体 的 边缘 。 如果 用户 界面 的 边缘 变得 模糊 ， 那么 整 个 用户 界面 设计 就 会 非常 失败 。 苹果 提出 的 解决 方案 就 是 为 图形 用户 界面 物体 创造 多 个 属性 ， 比如 图标 或者 鼠标 指针 。 将 这些 属性 和 相关 的 数值 保存 在 另 一 个 文件 中 。 这样 当 屏幕 的 分辨率 改变 时 ， 系统 会 自动 读取 相应 的 数值 ， 确保 用户 界面 元素 在 任何 分辨率 下 看 起来 都 很 完美 。 苹果 的 操作 系统 可以 根据 分辨率 的 不同 自动 为 图形界 面元 素计 算出 最 佳 的 数值 。 例如 当 显示器 的 分辨率 介于 界面 设计师 支持 的 两 种 分辨率 之间 ， 那么 操作 系统 的 渲染 引擎会 根据 这 两 种 数值 自动 计算 出 最 适合 的 数值 。 
0 
6 == 备注 和 参考 文献 == 
5 <re ference s  ／ > 
0 
2 {{ Apple}} 
6 [[ Category : 笔记型 电脑 ]] 
7 [[ Category : 苹果 公司 硬件 ]] 
6 [[ Category :I Phone |件 ]] 
6 [[ Category :I Pad |件 ]] 
